# JRE version: OpenJDK Runtime Environment Temurin-22.0.2+9 (22.0.2+9) (build 22.0.2+9)
# Java VM: OpenJDK 64-Bit Server VM Temurin-22.0.2+9 (22.0.2+9, mixed mode, emulated-client, tiered, compressed oops, compressed class ptrs, g1 gc, windows-amd64)
GC Precious Log:
 CardTable entry size: 512
 Card Set container configuration: InlinePtr #cards 5 size 8 Array Of Cards #cards 12 size 40 Howl #buckets 4 coarsen threshold 1843 Howl Bitmap #cards 512 size 80 coarsen threshold 460 Card regions per heap region 1 cards per card region 2048
 CPUs: 8 total, 8 available
 Memory: 3987M
 Large Page Support: Disabled
 NUMA Support: Disabled
 Compressed Oops: Enabled (32-bit)
 Heap Region Size: 1M
 Heap Min Capacity: 8M
 Heap Initial Capacity: 64M
 Heap Max Capacity: 1G
 Pre-touch: Disabled
 Parallel Workers: 8
 Concurrent Workers: 2
 Concurrent Refinement Workers: 8
 Periodic GC: Disabled
Heap:
 garbage-first heap   total reserved 1048576K, committed 87040K, used 42717K [0x00000000c0000000, 0x0000000100000000)
  region size 1024K, 1 young (1024K), 0 survivors (0K)
 Metaspace       used 65626K, committed 66240K, reserved 1114112K
  class space    used 8000K, committed 8256K, reserved 1048576K
GC Heap History (20 events):
Event: 6014.466 GC heap after
{Heap after GC invocations=551 (full 533):
 garbage-first heap   total reserved 1048576K, committed 87040K, used 42717K [0x00000000c0000000, 0x0000000100000000)
  region size 1024K, 0 young (0K), 0 survivors (0K)
 Metaspace       used 65626K, committed 66240K, reserved 1114112K
  class space    used 8000K, committed 8256K, reserved 1048576K
}
Event: 6024.542 GC heap before
{Heap before GC invocations=551 (full 533):
 garbage-first heap   total reserved 1048576K, committed 87040K, used 42717K [0x00000000c0000000, 0x0000000100000000)
  region size 1024K, 1 young (1024K), 0 survivors (0K)
 Metaspace       used 65626K, committed 66240K, reserved 1114112K
  class space    used 8000K, committed 8256K, reserved 1048576K
}
Event: 6024.581 GC heap after
{Heap after GC invocations=552 (full 534):
 garbage-first heap   total reserved 1048576K, committed 87040K, used 42717K [0x00000000c0000000, 0x0000000100000000)
  region size 1024K, 0 young (0K), 0 survivors (0K)
 Metaspace       used 65626K, committed 66240K, reserved 1114112K
  class space    used 8000K, committed 8256K, reserved 1048576K
}
Event: 6034.691 GC heap before
{Heap before GC invocations=552 (full 534):
 garbage-first heap   total reserved 1048576K, committed 87040K, used 42717K [0x00000000c0000000, 0x0000000100000000)
  region size 1024K, 1 young (1024K), 0 survivors (0K)
 Metaspace       used 65626K, committed 66240K, reserved 1114112K
  class space    used 8000K, committed 8256K, reserved 1048576K
}
Event: 6034.728 GC heap after
{Heap after GC invocations=553 (full 535):
 garbage-first heap   total reserved 1048576K, committed 87040K, used 42717K [0x00000000c0000000, 0x0000000100000000)
  region size 1024K, 0 young (0K), 0 survivors (0K)
 Metaspace       used 65626K, committed 66240K, reserved 1114112K
  class space    used 8000K, committed 8256K, reserved 1048576K
}
Event: 6044.835 GC heap before
{Heap before GC invocations=553 (full 535):
 garbage-first heap   total reserved 1048576K, committed 87040K, used 42717K [0x00000000c0000000, 0x0000000100000000)
  region size 1024K, 1 young (1024K), 0 survivors (0K)
 Metaspace       used 65626K, committed 66240K, reserved 1114112K
  class space    used 8000K, committed 8256K, reserved 1048576K
}
Event: 6044.893 GC heap after
{Heap after GC invocations=554 (full 536):
 garbage-first heap   total reserved 1048576K, committed 87040K, used 42717K [0x00000000c0000000, 0x0000000100000000)
  region size 1024K, 0 young (0K), 0 survivors (0K)
 Metaspace       used 65626K, committed 66240K, reserved 1114112K
  class space    used 8000K, committed 8256K, reserved 1048576K
}
Event: 6054.981 GC heap before
{Heap before GC invocations=554 (full 536):
 garbage-first heap   total reserved 1048576K, committed 87040K, used 42717K [0x00000000c0000000, 0x0000000100000000)
  region size 1024K, 1 young (1024K), 0 survivors (0K)
 Metaspace       used 65626K, committed 66240K, reserved 1114112K
  class space    used 8000K, committed 8256K, reserved 1048576K
}
Event: 6055.011 GC heap after
{Heap after GC invocations=555 (full 537):
 garbage-first heap   total reserved 1048576K, committed 87040K, used 42717K [0x00000000c0000000, 0x0000000100000000)
  region size 1024K, 0 young (0K), 0 survivors (0K)
 Metaspace       used 65626K, committed 66240K, reserved 1114112K
  class space    used 8000K, committed 8256K, reserved 1048576K
}
Event: 6065.177 GC heap before
{Heap before GC invocations=555 (full 537):
 garbage-first heap   total reserved 1048576K, committed 87040K, used 42717K [0x00000000c0000000, 0x0000000100000000)
  region size 1024K, 1 young (1024K), 0 survivors (0K)
 Metaspace       used 65626K, committed 66240K, reserved 1114112K
  class space    used 8000K, committed 8256K, reserved 1048576K
}
Event: 6065.214 GC heap after
{Heap after GC invocations=556 (full 538):
 garbage-first heap   total reserved 1048576K, committed 87040K, used 42717K [0x00000000c0000000, 0x0000000100000000)
  region size 1024K, 0 young (0K), 0 survivors (0K)
 Metaspace       used 65626K, committed 66240K, reserved 1114112K
  class space    used 8000K, committed 8256K, reserved 1048576K
}
Event: 6075.438 GC heap before
{Heap before GC invocations=556 (full 538):
 garbage-first heap   total reserved 1048576K, committed 87040K, used 42717K [0x00000000c0000000, 0x0000000100000000)
  region size 1024K, 1 young (1024K), 0 survivors (0K)
 Metaspace       used 65626K, committed 66240K, reserved 1114112K
  class space    used 8000K, committed 8256K, reserved 1048576K
}
Event: 6075.467 GC heap after
{Heap after GC invocations=557 (full 539):
 garbage-first heap   total reserved 1048576K, committed 87040K, used 42717K [0x00000000c0000000, 0x0000000100000000)
  region size 1024K, 0 young (0K), 0 survivors (0K)
 Metaspace       used 65626K, committed 66240K, reserved 1114112K
  class space    used 8000K, committed 8256K, reserved 1048576K
}
Event: 6085.557 GC heap before
{Heap before GC invocations=557 (full 539):
 garbage-first heap   total reserved 1048576K, committed 87040K, used 42717K [0x00000000c0000000, 0x0000000100000000)
  region size 1024K, 1 young (1024K), 0 survivors (0K)
 Metaspace       used 65626K, committed 66240K, reserved 1114112K
  class space    used 8000K, committed 8256K, reserved 1048576K
}
Event: 6085.587 GC heap after
{Heap after GC invocations=558 (full 540):
 garbage-first heap   total reserved 1048576K, committed 87040K, used 42717K [0x00000000c0000000, 0x0000000100000000)
  region size 1024K, 0 young (0K), 0 survivors (0K)
 Metaspace       used 65626K, committed 66240K, reserved 1114112K
  class space    used 8000K, committed 8256K, reserved 1048576K
}
Event: 6096.161 GC heap before
{Heap before GC invocations=558 (full 540):
 garbage-first heap   total reserved 1048576K, committed 87040K, used 42717K [0x00000000c0000000, 0x0000000100000000)
  region size 1024K, 1 young (1024K), 0 survivors (0K)
 Metaspace       used 65626K, committed 66240K, reserved 1114112K
  class space    used 8000K, committed 8256K, reserved 1048576K
}
Event: 6097.029 GC heap after
{Heap after GC invocations=559 (full 541):
 garbage-first heap   total reserved 1048576K, committed 87040K, used 42717K [0x00000000c0000000, 0x0000000100000000)
  region size 1024K, 0 young (0K), 0 survivors (0K)
 Metaspace       used 65626K, committed 66240K, reserved 1114112K
  class space    used 8000K, committed 8256K, reserved 1048576K
}
Event: 6107.212 GC heap before
{Heap before GC invocations=559 (full 541):
 garbage-first heap   total reserved 1048576K, committed 87040K, used 42717K [0x00000000c0000000, 0x0000000100000000)
  region size 1024K, 1 young (1024K), 0 survivors (0K)
 Metaspace       used 65626K, committed 66240K, reserved 1114112K
  class space    used 8000K, committed 8256K, reserved 1048576K
}
Event: 6107.474 GC heap after
{Heap after GC invocations=560 (full 542):
 garbage-first heap   total reserved 1048576K, committed 87040K, used 42717K [0x00000000c0000000, 0x0000000100000000)
  region size 1024K, 0 young (0K), 0 survivors (0K)
 Metaspace       used 65626K, committed 66240K, reserved 1114112K
  class space    used 8000K, committed 8256K, reserved 1048576K
}
Event: 6117.590 GC heap before
{Heap before GC invocations=560 (full 542):
 garbage-first heap   total reserved 1048576K, committed 87040K, used 42717K [0x00000000c0000000, 0x0000000100000000)
  region size 1024K, 1 young (1024K), 0 survivors (0K)
 Metaspace       used 65626K, committed 66240K, reserved 1114112K
  class space    used 8000K, committed 8256K, reserved 1048576K
}

