# JRE version: Java(TM) SE Runtime Environment (21.0.5+9) (build 21.0.5+9-LTS-239)
# Java VM: Java HotSpot(TM) 64-Bit Server VM (21.0.5+9-LTS-239, mixed mode, sharing, tiered, compressed oops, compressed class ptrs, g1 gc, windows-amd64)
GC Precious Log:
 CardTable entry size: 512
 Card Set container configuration: InlinePtr #cards 5 size 8 Array Of Cards #cards 12 size 40 Howl #buckets 4 coarsen threshold 1843 Howl Bitmap #cards 512 size 80 coarsen threshold 460 Card regions per heap region 1 cards per card region 2048
 CPUs: 8 total, 8 available
 Memory: 3987M
 Large Page Support: Disabled
 NUMA Support: Disabled
 Compressed Oops: Enabled (32-bit)
 Heap Region Size: 1M
 Heap Min Capacity: 8M
 Heap Initial Capacity: 64M
 Heap Max Capacity: 998M
 Pre-touch: Disabled
 Parallel Workers: 8
 Concurrent Workers: 2
 Concurrent Refinement Workers: 8
 Periodic GC: Disabled
Heap:
 garbage-first heap   total 48128K, used 19667K [0x00000000c1a00000, 0x0000000100000000)
  region size 1024K, 3 young (3072K), 3 survivors (3072K)
 Metaspace       used 29270K, committed 29824K, reserved 1114112K
  class space    used 3720K, committed 3968K, reserved 1048576K
GC Heap History (13 events):
Event: 1.014 GC heap before
{Heap before GC invocations=0 (full 0):
 garbage-first heap   total 65536K, used 23552K [0x00000000c1a00000, 0x0000000100000000)
  region size 1024K, 23 young (23552K), 0 survivors (0K)
 Metaspace       used 5485K, committed 5632K, reserved 1114112K
  class space    used 618K, committed 704K, reserved 1048576K
}
Event: 1.024 GC heap after
{Heap after GC invocations=1 (full 0):
 garbage-first heap   total 65536K, used 7832K [0x00000000c1a00000, 0x0000000100000000)
  region size 1024K, 3 young (3072K), 3 survivors (3072K)
 Metaspace       used 5485K, committed 5632K, reserved 1114112K
  class space    used 618K, committed 704K, reserved 1048576K
}
Event: 2.160 GC heap before
{Heap before GC invocations=1 (full 0):
 garbage-first heap   total 65536K, used 33432K [0x00000000c1a00000, 0x0000000100000000)
  region size 1024K, 28 young (28672K), 3 survivors (3072K)
 Metaspace       used 12245K, committed 12544K, reserved 1114112K
  class space    used 1508K, committed 1664K, reserved 1048576K
}
Event: 2.172 GC heap after
{Heap after GC invocations=2 (full 0):
 garbage-first heap   total 65536K, used 10336K [0x00000000c1a00000, 0x0000000100000000)
  region size 1024K, 3 young (3072K), 3 survivors (3072K)
 Metaspace       used 12245K, committed 12544K, reserved 1114112K
  class space    used 1508K, committed 1664K, reserved 1048576K
}
Event: 3.155 GC heap before
{Heap before GC invocations=2 (full 0):
 garbage-first heap   total 65536K, used 42080K [0x00000000c1a00000, 0x0000000100000000)
  region size 1024K, 35 young (35840K), 3 survivors (3072K)
 Metaspace       used 20147K, committed 20416K, reserved 1114112K
  class space    used 2511K, committed 2624K, reserved 1048576K
}
Event: 3.162 GC heap after
{Heap after GC invocations=3 (full 0):
 garbage-first heap   total 65536K, used 11878K [0x00000000c1a00000, 0x0000000100000000)
  region size 1024K, 4 young (4096K), 4 survivors (4096K)
 Metaspace       used 20147K, committed 20416K, reserved 1114112K
  class space    used 2511K, committed 2624K, reserved 1048576K
}
Event: 3.274 GC heap before
{Heap before GC invocations=3 (full 0):
 garbage-first heap   total 65536K, used 18022K [0x00000000c1a00000, 0x0000000100000000)
  region size 1024K, 11 young (11264K), 4 survivors (4096K)
 Metaspace       used 21244K, committed 21504K, reserved 1114112K
  class space    used 2681K, committed 2816K, reserved 1048576K
}
Event: 3.279 GC heap after
{Heap after GC invocations=4 (full 0):
 garbage-first heap   total 65536K, used 12173K [0x00000000c1a00000, 0x0000000100000000)
  region size 1024K, 3 young (3072K), 3 survivors (3072K)
 Metaspace       used 21244K, committed 21504K, reserved 1114112K
  class space    used 2681K, committed 2816K, reserved 1048576K
}
Event: 4.133 GC heap before
{Heap before GC invocations=5 (full 0):
 garbage-first heap   total 48128K, used 37773K [0x00000000c1a00000, 0x0000000100000000)
  region size 1024K, 28 young (28672K), 3 survivors (3072K)
 Metaspace       used 24171K, committed 24512K, reserved 1114112K
  class space    used 3010K, committed 3136K, reserved 1048576K
}
Event: 4.144 GC heap after
{Heap after GC invocations=6 (full 0):
 garbage-first heap   total 48128K, used 15398K [0x00000000c1a00000, 0x0000000100000000)
  region size 1024K, 4 young (4096K), 4 survivors (4096K)
 Metaspace       used 24171K, committed 24512K, reserved 1114112K
  class space    used 3010K, committed 3136K, reserved 1048576K
}
Event: 4.923 GC heap before
{Heap before GC invocations=6 (full 0):
 garbage-first heap   total 48128K, used 36902K [0x00000000c1a00000, 0x0000000100000000)
  region size 1024K, 25 young (25600K), 4 survivors (4096K)
 Metaspace       used 26287K, committed 26688K, reserved 1114112K
  class space    used 3291K, committed 3456K, reserved 1048576K
}
Event: 4.941 GC heap after
{Heap after GC invocations=7 (full 0):
 garbage-first heap   total 48128K, used 17109K [0x00000000c1a00000, 0x0000000100000000)
  region size 1024K, 2 young (2048K), 2 survivors (2048K)
 Metaspace       used 26287K, committed 26688K, reserved 1114112K
  class space    used 3291K, committed 3456K, reserved 1048576K
}
Event: 5.806 GC heap before
{Heap before GC invocations=7 (full 0):
 garbage-first heap   total 48128K, used 38613K [0x00000000c1a00000, 0x0000000100000000)
  region size 1024K, 23 young (23552K), 2 survivors (2048K)
 Metaspace       used 29270K, committed 29824K, reserved 1114112K
  class space    used 3720K, committed 3968K, reserved 1048576K
}

