# JRE version: OpenJDK Runtime Environment Temurin-22.0.2+9 (22.0.2+9) (build 22.0.2+9)
# Java VM: OpenJDK 64-Bit Server VM Temurin-22.0.2+9 (22.0.2+9, mixed mode, emulated-client, tiered, compressed oops, compressed class ptrs, g1 gc, windows-amd64)
GC Precious Log:
 CardTable entry size: 512
 Card Set container configuration: InlinePtr #cards 5 size 8 Array Of Cards #cards 12 size 40 Howl #buckets 4 coarsen threshold 1843 Howl Bitmap #cards 512 size 80 coarsen threshold 460 Card regions per heap region 1 cards per card region 2048
 CPUs: 8 total, 8 available
 Memory: 3987M
 Large Page Support: Disabled
 NUMA Support: Disabled
 Compressed Oops: Enabled (32-bit)
 Heap Region Size: 1M
 Heap Min Capacity: 8M
 Heap Initial Capacity: 64M
 Heap Max Capacity: 1G
 Pre-touch: Disabled
 Parallel Workers: 8
 Concurrent Workers: 2
 Concurrent Refinement Workers: 8
 Periodic GC: Disabled
Heap:
 garbage-first heap   total reserved 1048576K, committed 65536K, used 27482K [0x00000000c0000000, 0x0000000100000000)
  region size 1024K, 1 young (1024K), 0 survivors (0K)
 Metaspace       used 43323K, committed 44224K, reserved 1114112K
  class space    used 5188K, committed 5568K, reserved 1048576K
GC Heap History (20 events):
Event: 54235.629 GC heap after
{Heap after GC invocations=295 (full 285):
 garbage-first heap   total reserved 1048576K, committed 65536K, used 27482K [0x00000000c0000000, 0x0000000100000000)
  region size 1024K, 0 young (0K), 0 survivors (0K)
 Metaspace       used 43323K, committed 44224K, reserved 1114112K
  class space    used 5188K, committed 5568K, reserved 1048576K
}
Event: 54245.768 GC heap before
{Heap before GC invocations=295 (full 285):
 garbage-first heap   total reserved 1048576K, committed 65536K, used 27482K [0x00000000c0000000, 0x0000000100000000)
  region size 1024K, 1 young (1024K), 0 survivors (0K)
 Metaspace       used 43323K, committed 44224K, reserved 1114112K
  class space    used 5188K, committed 5568K, reserved 1048576K
}
Event: 54245.806 GC heap after
{Heap after GC invocations=296 (full 286):
 garbage-first heap   total reserved 1048576K, committed 65536K, used 27482K [0x00000000c0000000, 0x0000000100000000)
  region size 1024K, 0 young (0K), 0 survivors (0K)
 Metaspace       used 43323K, committed 44224K, reserved 1114112K
  class space    used 5188K, committed 5568K, reserved 1048576K
}
Event: 54255.919 GC heap before
{Heap before GC invocations=296 (full 286):
 garbage-first heap   total reserved 1048576K, committed 65536K, used 27482K [0x00000000c0000000, 0x0000000100000000)
  region size 1024K, 1 young (1024K), 0 survivors (0K)
 Metaspace       used 43323K, committed 44224K, reserved 1114112K
  class space    used 5188K, committed 5568K, reserved 1048576K
}
Event: 54255.960 GC heap after
{Heap after GC invocations=297 (full 287):
 garbage-first heap   total reserved 1048576K, committed 65536K, used 27482K [0x00000000c0000000, 0x0000000100000000)
  region size 1024K, 0 young (0K), 0 survivors (0K)
 Metaspace       used 43323K, committed 44224K, reserved 1114112K
  class space    used 5188K, committed 5568K, reserved 1048576K
}
Event: 54266.075 GC heap before
{Heap before GC invocations=297 (full 287):
 garbage-first heap   total reserved 1048576K, committed 65536K, used 27482K [0x00000000c0000000, 0x0000000100000000)
  region size 1024K, 1 young (1024K), 0 survivors (0K)
 Metaspace       used 43323K, committed 44224K, reserved 1114112K
  class space    used 5188K, committed 5568K, reserved 1048576K
}
Event: 54266.092 GC heap after
{Heap after GC invocations=298 (full 288):
 garbage-first heap   total reserved 1048576K, committed 65536K, used 27482K [0x00000000c0000000, 0x0000000100000000)
  region size 1024K, 0 young (0K), 0 survivors (0K)
 Metaspace       used 43323K, committed 44224K, reserved 1114112K
  class space    used 5188K, committed 5568K, reserved 1048576K
}
Event: 54276.331 GC heap before
{Heap before GC invocations=298 (full 288):
 garbage-first heap   total reserved 1048576K, committed 65536K, used 27482K [0x00000000c0000000, 0x0000000100000000)
  region size 1024K, 1 young (1024K), 0 survivors (0K)
 Metaspace       used 43323K, committed 44224K, reserved 1114112K
  class space    used 5188K, committed 5568K, reserved 1048576K
}
Event: 54276.375 GC heap after
{Heap after GC invocations=299 (full 289):
 garbage-first heap   total reserved 1048576K, committed 65536K, used 27482K [0x00000000c0000000, 0x0000000100000000)
  region size 1024K, 0 young (0K), 0 survivors (0K)
 Metaspace       used 43323K, committed 44224K, reserved 1114112K
  class space    used 5188K, committed 5568K, reserved 1048576K
}
Event: 54286.535 GC heap before
{Heap before GC invocations=299 (full 289):
 garbage-first heap   total reserved 1048576K, committed 65536K, used 27482K [0x00000000c0000000, 0x0000000100000000)
  region size 1024K, 1 young (1024K), 0 survivors (0K)
 Metaspace       used 43323K, committed 44224K, reserved 1114112K
  class space    used 5188K, committed 5568K, reserved 1048576K
}
Event: 54286.573 GC heap after
{Heap after GC invocations=300 (full 290):
 garbage-first heap   total reserved 1048576K, committed 65536K, used 27482K [0x00000000c0000000, 0x0000000100000000)
  region size 1024K, 0 young (0K), 0 survivors (0K)
 Metaspace       used 43323K, committed 44224K, reserved 1114112K
  class space    used 5188K, committed 5568K, reserved 1048576K
}
Event: 54297.198 GC heap before
{Heap before GC invocations=300 (full 290):
 garbage-first heap   total reserved 1048576K, committed 65536K, used 27482K [0x00000000c0000000, 0x0000000100000000)
  region size 1024K, 1 young (1024K), 0 survivors (0K)
 Metaspace       used 43323K, committed 44224K, reserved 1114112K
  class space    used 5188K, committed 5568K, reserved 1048576K
}
Event: 54298.245 GC heap after
{Heap after GC invocations=301 (full 291):
 garbage-first heap   total reserved 1048576K, committed 65536K, used 27482K [0x00000000c0000000, 0x0000000100000000)
  region size 1024K, 0 young (0K), 0 survivors (0K)
 Metaspace       used 43323K, committed 44224K, reserved 1114112K
  class space    used 5188K, committed 5568K, reserved 1048576K
}
Event: 54308.403 GC heap before
{Heap before GC invocations=301 (full 291):
 garbage-first heap   total reserved 1048576K, committed 65536K, used 27482K [0x00000000c0000000, 0x0000000100000000)
  region size 1024K, 1 young (1024K), 0 survivors (0K)
 Metaspace       used 43323K, committed 44224K, reserved 1114112K
  class space    used 5188K, committed 5568K, reserved 1048576K
}
Event: 54308.441 GC heap after
{Heap after GC invocations=302 (full 292):
 garbage-first heap   total reserved 1048576K, committed 65536K, used 27482K [0x00000000c0000000, 0x0000000100000000)
  region size 1024K, 0 young (0K), 0 survivors (0K)
 Metaspace       used 43323K, committed 44224K, reserved 1114112K
  class space    used 5188K, committed 5568K, reserved 1048576K
}
Event: 54318.849 GC heap before
{Heap before GC invocations=302 (full 292):
 garbage-first heap   total reserved 1048576K, committed 65536K, used 27482K [0x00000000c0000000, 0x0000000100000000)
  region size 1024K, 1 young (1024K), 0 survivors (0K)
 Metaspace       used 43323K, committed 44224K, reserved 1114112K
  class space    used 5188K, committed 5568K, reserved 1048576K
}
Event: 54319.087 GC heap after
{Heap after GC invocations=303 (full 293):
 garbage-first heap   total reserved 1048576K, committed 65536K, used 27482K [0x00000000c0000000, 0x0000000100000000)
  region size 1024K, 0 young (0K), 0 survivors (0K)
 Metaspace       used 43323K, committed 44224K, reserved 1114112K
  class space    used 5188K, committed 5568K, reserved 1048576K
}
Event: 54329.649 GC heap before
{Heap before GC invocations=303 (full 293):
 garbage-first heap   total reserved 1048576K, committed 65536K, used 27482K [0x00000000c0000000, 0x0000000100000000)
  region size 1024K, 1 young (1024K), 0 survivors (0K)
 Metaspace       used 43323K, committed 44224K, reserved 1114112K
  class space    used 5188K, committed 5568K, reserved 1048576K
}
Event: 54329.932 GC heap after
{Heap after GC invocations=304 (full 294):
 garbage-first heap   total reserved 1048576K, committed 65536K, used 27482K [0x00000000c0000000, 0x0000000100000000)
  region size 1024K, 0 young (0K), 0 survivors (0K)
 Metaspace       used 43323K, committed 44224K, reserved 1114112K
  class space    used 5188K, committed 5568K, reserved 1048576K
}
Event: 54340.529 GC heap before
{Heap before GC invocations=304 (full 294):
 garbage-first heap   total reserved 1048576K, committed 65536K, used 27482K [0x00000000c0000000, 0x0000000100000000)
  region size 1024K, 1 young (1024K), 0 survivors (0K)
 Metaspace       used 43323K, committed 44224K, reserved 1114112K
  class space    used 5188K, committed 5568K, reserved 1048576K
}

