# JRE version: OpenJDK Runtime Environment Temurin-22.0.2+9 (22.0.2+9) (build 22.0.2+9)
# Java VM: OpenJDK 64-Bit Server VM Temurin-22.0.2+9 (22.0.2+9, mixed mode, emulated-client, tiered, compressed oops, compressed class ptrs, g1 gc, windows-amd64)
GC Precious Log:
 CardTable entry size: 512
 Card Set container configuration: InlinePtr #cards 5 size 8 Array Of Cards #cards 12 size 40 Howl #buckets 4 coarsen threshold 1843 Howl Bitmap #cards 512 size 80 coarsen threshold 460 Card regions per heap region 1 cards per card region 2048
 CPUs: 8 total, 8 available
 Memory: 3987M
 Large Page Support: Disabled
 NUMA Support: Disabled
 Compressed Oops: Enabled (32-bit)
 Heap Region Size: 1M
 Heap Min Capacity: 8M
 Heap Initial Capacity: 64M
 Heap Max Capacity: 1G
 Pre-touch: Disabled
 Parallel Workers: 8
 Concurrent Workers: 2
 Concurrent Refinement Workers: 8
 Periodic GC: Disabled
Heap:
 garbage-first heap   total reserved 1048576K, committed 78848K, used 57259K [0x00000000c0000000, 0x0000000100000000)
  region size 1024K, 13 young (13312K), 2 survivors (2048K)
 Metaspace       used 63621K, committed 64384K, reserved 1114112K
  class space    used 7689K, committed 8000K, reserved 1048576K
GC Heap History (20 events):
Event: 3.709 GC heap after
{Heap after GC invocations=5 (full 0):
 garbage-first heap   total reserved 1048576K, committed 65536K, used 24468K [0x00000000c0000000, 0x0000000100000000)
  region size 1024K, 3 young (3072K), 3 survivors (3072K)
 Metaspace       used 26378K, committed 26752K, reserved 1114112K
  class space    used 3032K, committed 3200K, reserved 1048576K
}
Event: 4.251 GC heap before
{Heap before GC invocations=5 (full 0):
 garbage-first heap   total reserved 1048576K, committed 65536K, used 45972K [0x00000000c0000000, 0x0000000100000000)
  region size 1024K, 25 young (25600K), 3 survivors (3072K)
 Metaspace       used 30284K, committed 30592K, reserved 1114112K
  class space    used 3569K, committed 3712K, reserved 1048576K
}
Event: 4.262 GC heap after
{Heap after GC invocations=6 (full 0):
 garbage-first heap   total reserved 1048576K, committed 65536K, used 26370K [0x00000000c0000000, 0x0000000100000000)
  region size 1024K, 3 young (3072K), 3 survivors (3072K)
 Metaspace       used 30284K, committed 30592K, reserved 1114112K
  class space    used 3569K, committed 3712K, reserved 1048576K
}
Event: 5.186 GC heap before
{Heap before GC invocations=6 (full 0):
 garbage-first heap   total reserved 1048576K, committed 65536K, used 47874K [0x00000000c0000000, 0x0000000100000000)
  region size 1024K, 25 young (25600K), 3 survivors (3072K)
 Metaspace       used 34471K, committed 34880K, reserved 1114112K
  class space    used 4141K, committed 4352K, reserved 1048576K
}
Event: 5.196 GC heap after
{Heap after GC invocations=7 (full 0):
 garbage-first heap   total reserved 1048576K, committed 78848K, used 28131K [0x00000000c0000000, 0x0000000100000000)
  region size 1024K, 2 young (2048K), 2 survivors (2048K)
 Metaspace       used 34471K, committed 34880K, reserved 1114112K
  class space    used 4141K, committed 4352K, reserved 1048576K
}
Event: 5.350 GC heap before
{Heap before GC invocations=7 (full 0):
 garbage-first heap   total reserved 1048576K, committed 78848K, used 32227K [0x00000000c0000000, 0x0000000100000000)
  region size 1024K, 7 young (7168K), 2 survivors (2048K)
 Metaspace       used 35551K, committed 35968K, reserved 1114112K
  class space    used 4307K, committed 4480K, reserved 1048576K
}
Event: 5.357 GC heap after
{Heap after GC invocations=8 (full 0):
 garbage-first heap   total reserved 1048576K, committed 78848K, used 28539K [0x00000000c0000000, 0x0000000100000000)
  region size 1024K, 3 young (3072K), 3 survivors (3072K)
 Metaspace       used 35551K, committed 35968K, reserved 1114112K
  class space    used 4307K, committed 4480K, reserved 1048576K
}
Event: 6.453 GC heap before
{Heap before GC invocations=9 (full 0):
 garbage-first heap   total reserved 1048576K, committed 78848K, used 65403K [0x00000000c0000000, 0x0000000100000000)
  region size 1024K, 36 young (36864K), 3 survivors (3072K)
 Metaspace       used 41351K, committed 41856K, reserved 1114112K
  class space    used 4912K, committed 5120K, reserved 1048576K
}
Event: 6.471 GC heap after
{Heap after GC invocations=10 (full 0):
 garbage-first heap   total reserved 1048576K, committed 78848K, used 32286K [0x00000000c0000000, 0x0000000100000000)
  region size 1024K, 5 young (5120K), 5 survivors (5120K)
 Metaspace       used 41351K, committed 41856K, reserved 1114112K
  class space    used 4912K, committed 5120K, reserved 1048576K
}
Event: 8.526 GC heap before
{Heap before GC invocations=10 (full 0):
 garbage-first heap   total reserved 1048576K, committed 78848K, used 61982K [0x00000000c0000000, 0x0000000100000000)
  region size 1024K, 35 young (35840K), 5 survivors (5120K)
 Metaspace       used 47000K, committed 47680K, reserved 1114112K
  class space    used 5733K, committed 6016K, reserved 1048576K
}
Event: 8.540 GC heap after
{Heap after GC invocations=11 (full 0):
 garbage-first heap   total reserved 1048576K, committed 78848K, used 36073K [0x00000000c0000000, 0x0000000100000000)
  region size 1024K, 3 young (3072K), 3 survivors (3072K)
 Metaspace       used 47000K, committed 47680K, reserved 1114112K
  class space    used 5733K, committed 6016K, reserved 1048576K
}
Event: 9.186 GC heap before
{Heap before GC invocations=11 (full 0):
 garbage-first heap   total reserved 1048576K, committed 78848K, used 64745K [0x00000000c0000000, 0x0000000100000000)
  region size 1024K, 32 young (32768K), 3 survivors (3072K)
 Metaspace       used 52792K, committed 53504K, reserved 1114112K
  class space    used 6391K, committed 6656K, reserved 1048576K
}
Event: 9.195 GC heap after
{Heap after GC invocations=12 (full 0):
 garbage-first heap   total reserved 1048576K, committed 78848K, used 39052K [0x00000000c0000000, 0x0000000100000000)
  region size 1024K, 4 young (4096K), 4 survivors (4096K)
 Metaspace       used 52792K, committed 53504K, reserved 1114112K
  class space    used 6391K, committed 6656K, reserved 1048576K
}
Event: 9.508 GC heap before
{Heap before GC invocations=12 (full 0):
 garbage-first heap   total reserved 1048576K, committed 78848K, used 47244K [0x00000000c0000000, 0x0000000100000000)
  region size 1024K, 14 young (14336K), 4 survivors (4096K)
 Metaspace       used 54060K, committed 54784K, reserved 1114112K
  class space    used 6579K, committed 6848K, reserved 1048576K
}
Event: 9.515 GC heap after
{Heap after GC invocations=13 (full 0):
 garbage-first heap   total reserved 1048576K, committed 78848K, used 42269K [0x00000000c0000000, 0x0000000100000000)
  region size 1024K, 4 young (4096K), 4 survivors (4096K)
 Metaspace       used 54060K, committed 54784K, reserved 1114112K
  class space    used 6579K, committed 6848K, reserved 1048576K
}
Event: 10.213 GC heap before
{Heap before GC invocations=14 (full 0):
 garbage-first heap   total reserved 1048576K, committed 78848K, used 66845K [0x00000000c0000000, 0x0000000100000000)
  region size 1024K, 28 young (28672K), 4 survivors (4096K)
 Metaspace       used 59241K, committed 60032K, reserved 1114112K
  class space    used 7185K, committed 7552K, reserved 1048576K
}
Event: 10.218 GC heap after
{Heap after GC invocations=15 (full 0):
 garbage-first heap   total reserved 1048576K, committed 78848K, used 45718K [0x00000000c0000000, 0x0000000100000000)
  region size 1024K, 3 young (3072K), 3 survivors (3072K)
 Metaspace       used 59241K, committed 60032K, reserved 1114112K
  class space    used 7185K, committed 7552K, reserved 1048576K
}
Event: 10.612 GC heap before
{Heap before GC invocations=15 (full 0):
 garbage-first heap   total reserved 1048576K, committed 78848K, used 68246K [0x00000000c0000000, 0x0000000100000000)
  region size 1024K, 25 young (25600K), 3 survivors (3072K)
 Metaspace       used 61934K, committed 62720K, reserved 1114112K
  class space    used 7477K, committed 7808K, reserved 1048576K
}
Event: 10.616 GC heap after
{Heap after GC invocations=16 (full 0):
 garbage-first heap   total reserved 1048576K, committed 78848K, used 47019K [0x00000000c0000000, 0x0000000100000000)
  region size 1024K, 2 young (2048K), 2 survivors (2048K)
 Metaspace       used 61934K, committed 62720K, reserved 1114112K
  class space    used 7477K, committed 7808K, reserved 1048576K
}
Event: 46.990 GC heap before
{Heap before GC invocations=16 (full 0):
 garbage-first heap   total reserved 1048576K, committed 78848K, used 57259K [0x00000000c0000000, 0x0000000100000000)
  region size 1024K, 13 young (13312K), 2 survivors (2048K)
 Metaspace       used 63621K, committed 64384K, reserved 1114112K
  class space    used 7689K, committed 8000K, reserved 1048576K
}

