# JRE version: OpenJDK Runtime Environment Temurin-22.0.2+9 (22.0.2+9) (build 22.0.2+9)
# Java VM: OpenJDK 64-Bit Server VM Temurin-22.0.2+9 (22.0.2+9, mixed mode, emulated-client, tiered, compressed oops, compressed class ptrs, g1 gc, windows-amd64)
GC Precious Log:
 CardTable entry size: 512
 Card Set container configuration: InlinePtr #cards 5 size 8 Array Of Cards #cards 12 size 40 Howl #buckets 4 coarsen threshold 1843 Howl Bitmap #cards 512 size 80 coarsen threshold 460 Card regions per heap region 1 cards per card region 2048
 CPUs: 8 total, 8 available
 Memory: 3987M
 Large Page Support: Disabled
 NUMA Support: Disabled
 Compressed Oops: Enabled (32-bit)
 Heap Region Size: 1M
 Heap Min Capacity: 8M
 Heap Initial Capacity: 64M
 Heap Max Capacity: 1G
 Pre-touch: Disabled
 Parallel Workers: 8
 Concurrent Workers: 2
 Concurrent Refinement Workers: 8
 Periodic GC: Disabled
Heap:
 garbage-first heap   total reserved 1048576K, committed 126976K, used 41780K [0x00000000c0000000, 0x0000000100000000)
  region size 1024K, 1 young (1024K), 0 survivors (0K)
 Metaspace       used 67995K, committed 68864K, reserved 1114112K
  class space    used 8366K, committed 8768K, reserved 1048576K
GC Heap History (20 events):
Event: 169895.781 GC heap after
{Heap after GC invocations=2621 (full 2592):
 garbage-first heap   total reserved 1048576K, committed 126976K, used 41780K [0x00000000c0000000, 0x0000000100000000)
  region size 1024K, 0 young (0K), 0 survivors (0K)
 Metaspace       used 67995K, committed 68864K, reserved 1114112K
  class space    used 8366K, committed 8768K, reserved 1048576K
}
Event: 169906.088 GC heap before
{Heap before GC invocations=2621 (full 2592):
 garbage-first heap   total reserved 1048576K, committed 126976K, used 41780K [0x00000000c0000000, 0x0000000100000000)
  region size 1024K, 1 young (1024K), 0 survivors (0K)
 Metaspace       used 67995K, committed 68864K, reserved 1114112K
  class space    used 8366K, committed 8768K, reserved 1048576K
}
Event: 169906.522 GC heap after
{Heap after GC invocations=2622 (full 2593):
 garbage-first heap   total reserved 1048576K, committed 126976K, used 41780K [0x00000000c0000000, 0x0000000100000000)
  region size 1024K, 0 young (0K), 0 survivors (0K)
 Metaspace       used 67995K, committed 68864K, reserved 1114112K
  class space    used 8366K, committed 8768K, reserved 1048576K
}
Event: 169916.687 GC heap before
{Heap before GC invocations=2622 (full 2593):
 garbage-first heap   total reserved 1048576K, committed 126976K, used 41780K [0x00000000c0000000, 0x0000000100000000)
  region size 1024K, 1 young (1024K), 0 survivors (0K)
 Metaspace       used 67995K, committed 68864K, reserved 1114112K
  class space    used 8366K, committed 8768K, reserved 1048576K
}
Event: 169916.793 GC heap after
{Heap after GC invocations=2623 (full 2594):
 garbage-first heap   total reserved 1048576K, committed 126976K, used 41780K [0x00000000c0000000, 0x0000000100000000)
  region size 1024K, 0 young (0K), 0 survivors (0K)
 Metaspace       used 67995K, committed 68864K, reserved 1114112K
  class space    used 8366K, committed 8768K, reserved 1048576K
}
Event: 169926.865 GC heap before
{Heap before GC invocations=2623 (full 2594):
 garbage-first heap   total reserved 1048576K, committed 126976K, used 41780K [0x00000000c0000000, 0x0000000100000000)
  region size 1024K, 1 young (1024K), 0 survivors (0K)
 Metaspace       used 67995K, committed 68864K, reserved 1114112K
  class space    used 8366K, committed 8768K, reserved 1048576K
}
Event: 169926.944 GC heap after
{Heap after GC invocations=2624 (full 2595):
 garbage-first heap   total reserved 1048576K, committed 126976K, used 41780K [0x00000000c0000000, 0x0000000100000000)
  region size 1024K, 0 young (0K), 0 survivors (0K)
 Metaspace       used 67995K, committed 68864K, reserved 1114112K
  class space    used 8366K, committed 8768K, reserved 1048576K
}
Event: 169937.418 GC heap before
{Heap before GC invocations=2624 (full 2595):
 garbage-first heap   total reserved 1048576K, committed 126976K, used 41780K [0x00000000c0000000, 0x0000000100000000)
  region size 1024K, 1 young (1024K), 0 survivors (0K)
 Metaspace       used 67995K, committed 68864K, reserved 1114112K
  class space    used 8366K, committed 8768K, reserved 1048576K
}
Event: 169937.502 GC heap after
{Heap after GC invocations=2625 (full 2596):
 garbage-first heap   total reserved 1048576K, committed 126976K, used 41780K [0x00000000c0000000, 0x0000000100000000)
  region size 1024K, 0 young (0K), 0 survivors (0K)
 Metaspace       used 67995K, committed 68864K, reserved 1114112K
  class space    used 8366K, committed 8768K, reserved 1048576K
}
Event: 169947.640 GC heap before
{Heap before GC invocations=2625 (full 2596):
 garbage-first heap   total reserved 1048576K, committed 126976K, used 41780K [0x00000000c0000000, 0x0000000100000000)
  region size 1024K, 1 young (1024K), 0 survivors (0K)
 Metaspace       used 67995K, committed 68864K, reserved 1114112K
  class space    used 8366K, committed 8768K, reserved 1048576K
}
Event: 169947.752 GC heap after
{Heap after GC invocations=2626 (full 2597):
 garbage-first heap   total reserved 1048576K, committed 126976K, used 41780K [0x00000000c0000000, 0x0000000100000000)
  region size 1024K, 0 young (0K), 0 survivors (0K)
 Metaspace       used 67995K, committed 68864K, reserved 1114112K
  class space    used 8366K, committed 8768K, reserved 1048576K
}
Event: 169957.859 GC heap before
{Heap before GC invocations=2626 (full 2597):
 garbage-first heap   total reserved 1048576K, committed 126976K, used 41780K [0x00000000c0000000, 0x0000000100000000)
  region size 1024K, 1 young (1024K), 0 survivors (0K)
 Metaspace       used 67995K, committed 68864K, reserved 1114112K
  class space    used 8366K, committed 8768K, reserved 1048576K
}
Event: 169957.917 GC heap after
{Heap after GC invocations=2627 (full 2598):
 garbage-first heap   total reserved 1048576K, committed 126976K, used 41780K [0x00000000c0000000, 0x0000000100000000)
  region size 1024K, 0 young (0K), 0 survivors (0K)
 Metaspace       used 67995K, committed 68864K, reserved 1114112K
  class space    used 8366K, committed 8768K, reserved 1048576K
}
Event: 169968.047 GC heap before
{Heap before GC invocations=2627 (full 2598):
 garbage-first heap   total reserved 1048576K, committed 126976K, used 41780K [0x00000000c0000000, 0x0000000100000000)
  region size 1024K, 1 young (1024K), 0 survivors (0K)
 Metaspace       used 67995K, committed 68864K, reserved 1114112K
  class space    used 8366K, committed 8768K, reserved 1048576K
}
Event: 169968.095 GC heap after
{Heap after GC invocations=2628 (full 2599):
 garbage-first heap   total reserved 1048576K, committed 126976K, used 41780K [0x00000000c0000000, 0x0000000100000000)
  region size 1024K, 0 young (0K), 0 survivors (0K)
 Metaspace       used 67995K, committed 68864K, reserved 1114112K
  class space    used 8366K, committed 8768K, reserved 1048576K
}
Event: 169978.217 GC heap before
{Heap before GC invocations=2628 (full 2599):
 garbage-first heap   total reserved 1048576K, committed 126976K, used 41780K [0x00000000c0000000, 0x0000000100000000)
  region size 1024K, 1 young (1024K), 0 survivors (0K)
 Metaspace       used 67995K, committed 68864K, reserved 1114112K
  class space    used 8366K, committed 8768K, reserved 1048576K
}
Event: 169978.293 GC heap after
{Heap after GC invocations=2629 (full 2600):
 garbage-first heap   total reserved 1048576K, committed 126976K, used 41780K [0x00000000c0000000, 0x0000000100000000)
  region size 1024K, 0 young (0K), 0 survivors (0K)
 Metaspace       used 67995K, committed 68864K, reserved 1114112K
  class space    used 8366K, committed 8768K, reserved 1048576K
}
Event: 169988.599 GC heap before
{Heap before GC invocations=2629 (full 2600):
 garbage-first heap   total reserved 1048576K, committed 126976K, used 41780K [0x00000000c0000000, 0x0000000100000000)
  region size 1024K, 1 young (1024K), 0 survivors (0K)
 Metaspace       used 67995K, committed 68864K, reserved 1114112K
  class space    used 8366K, committed 8768K, reserved 1048576K
}
Event: 169988.774 GC heap after
{Heap after GC invocations=2630 (full 2601):
 garbage-first heap   total reserved 1048576K, committed 126976K, used 41780K [0x00000000c0000000, 0x0000000100000000)
  region size 1024K, 0 young (0K), 0 survivors (0K)
 Metaspace       used 67995K, committed 68864K, reserved 1114112K
  class space    used 8366K, committed 8768K, reserved 1048576K
}
Event: 170001.197 GC heap before
{Heap before GC invocations=2630 (full 2601):
 garbage-first heap   total reserved 1048576K, committed 126976K, used 41780K [0x00000000c0000000, 0x0000000100000000)
  region size 1024K, 1 young (1024K), 0 survivors (0K)
 Metaspace       used 67995K, committed 68864K, reserved 1114112K
  class space    used 8366K, committed 8768K, reserved 1048576K
}

