# JRE version: OpenJDK Runtime Environment Temurin-22.0.2+9 (22.0.2+9) (build 22.0.2+9)
# Java VM: OpenJDK 64-Bit Server VM Temurin-22.0.2+9 (22.0.2+9, mixed mode, emulated-client, tiered, compressed oops, compressed class ptrs, g1 gc, windows-amd64)
GC Precious Log:
 CardTable entry size: 512
 Card Set container configuration: InlinePtr #cards 5 size 8 Array Of Cards #cards 12 size 40 Howl #buckets 4 coarsen threshold 1843 Howl Bitmap #cards 512 size 80 coarsen threshold 460 Card regions per heap region 1 cards per card region 2048
 CPUs: 8 total, 8 available
 Memory: 3987M
 Large Page Support: Disabled
 NUMA Support: Disabled
 Compressed Oops: Enabled (32-bit)
 Heap Region Size: 1M
 Heap Min Capacity: 8M
 Heap Initial Capacity: 64M
 Heap Max Capacity: 1G
 Pre-touch: Disabled
 Parallel Workers: 8
 Concurrent Workers: 2
 Concurrent Refinement Workers: 8
 Periodic GC: Disabled
Heap:
 garbage-first heap   total reserved 1048576K, committed 100352K, used 39714K [0x00000000c0000000, 0x0000000100000000)
  region size 1024K, 1 young (1024K), 0 survivors (0K)
 Metaspace       used 64729K, committed 65408K, reserved 1114112K
  class space    used 7848K, committed 8128K, reserved 1048576K
GC Heap History (20 events):
Event: 182842.795 GC heap after
{Heap after GC invocations=3411 (full 3360):
 garbage-first heap   total reserved 1048576K, committed 100352K, used 39714K [0x00000000c0000000, 0x0000000100000000)
  region size 1024K, 0 young (0K), 0 survivors (0K)
 Metaspace       used 64729K, committed 65408K, reserved 1114112K
  class space    used 7848K, committed 8128K, reserved 1048576K
}
Event: 182853.104 GC heap before
{Heap before GC invocations=3411 (full 3360):
 garbage-first heap   total reserved 1048576K, committed 100352K, used 39714K [0x00000000c0000000, 0x0000000100000000)
  region size 1024K, 1 young (1024K), 0 survivors (0K)
 Metaspace       used 64729K, committed 65408K, reserved 1114112K
  class space    used 7848K, committed 8128K, reserved 1048576K
}
Event: 182853.195 GC heap after
{Heap after GC invocations=3412 (full 3361):
 garbage-first heap   total reserved 1048576K, committed 100352K, used 39714K [0x00000000c0000000, 0x0000000100000000)
  region size 1024K, 0 young (0K), 0 survivors (0K)
 Metaspace       used 64729K, committed 65408K, reserved 1114112K
  class space    used 7848K, committed 8128K, reserved 1048576K
}
Event: 182863.375 GC heap before
{Heap before GC invocations=3412 (full 3361):
 garbage-first heap   total reserved 1048576K, committed 100352K, used 39714K [0x00000000c0000000, 0x0000000100000000)
  region size 1024K, 1 young (1024K), 0 survivors (0K)
 Metaspace       used 64729K, committed 65408K, reserved 1114112K
  class space    used 7848K, committed 8128K, reserved 1048576K
}
Event: 182863.448 GC heap after
{Heap after GC invocations=3413 (full 3362):
 garbage-first heap   total reserved 1048576K, committed 100352K, used 39714K [0x00000000c0000000, 0x0000000100000000)
  region size 1024K, 0 young (0K), 0 survivors (0K)
 Metaspace       used 64729K, committed 65408K, reserved 1114112K
  class space    used 7848K, committed 8128K, reserved 1048576K
}
Event: 182873.573 GC heap before
{Heap before GC invocations=3413 (full 3362):
 garbage-first heap   total reserved 1048576K, committed 100352K, used 39714K [0x00000000c0000000, 0x0000000100000000)
  region size 1024K, 1 young (1024K), 0 survivors (0K)
 Metaspace       used 64729K, committed 65408K, reserved 1114112K
  class space    used 7848K, committed 8128K, reserved 1048576K
}
Event: 182873.642 GC heap after
{Heap after GC invocations=3414 (full 3363):
 garbage-first heap   total reserved 1048576K, committed 100352K, used 39714K [0x00000000c0000000, 0x0000000100000000)
  region size 1024K, 0 young (0K), 0 survivors (0K)
 Metaspace       used 64729K, committed 65408K, reserved 1114112K
  class space    used 7848K, committed 8128K, reserved 1048576K
}
Event: 182884.174 GC heap before
{Heap before GC invocations=3414 (full 3363):
 garbage-first heap   total reserved 1048576K, committed 100352K, used 39714K [0x00000000c0000000, 0x0000000100000000)
  region size 1024K, 1 young (1024K), 0 survivors (0K)
 Metaspace       used 64729K, committed 65408K, reserved 1114112K
  class space    used 7848K, committed 8128K, reserved 1048576K
}
Event: 182884.259 GC heap after
{Heap after GC invocations=3415 (full 3364):
 garbage-first heap   total reserved 1048576K, committed 100352K, used 39714K [0x00000000c0000000, 0x0000000100000000)
  region size 1024K, 0 young (0K), 0 survivors (0K)
 Metaspace       used 64729K, committed 65408K, reserved 1114112K
  class space    used 7848K, committed 8128K, reserved 1048576K
}
Event: 182894.356 GC heap before
{Heap before GC invocations=3415 (full 3364):
 garbage-first heap   total reserved 1048576K, committed 100352K, used 39714K [0x00000000c0000000, 0x0000000100000000)
  region size 1024K, 1 young (1024K), 0 survivors (0K)
 Metaspace       used 64729K, committed 65408K, reserved 1114112K
  class space    used 7848K, committed 8128K, reserved 1048576K
}
Event: 182894.396 GC heap after
{Heap after GC invocations=3416 (full 3365):
 garbage-first heap   total reserved 1048576K, committed 100352K, used 39714K [0x00000000c0000000, 0x0000000100000000)
  region size 1024K, 0 young (0K), 0 survivors (0K)
 Metaspace       used 64729K, committed 65408K, reserved 1114112K
  class space    used 7848K, committed 8128K, reserved 1048576K
}
Event: 182904.871 GC heap before
{Heap before GC invocations=3416 (full 3365):
 garbage-first heap   total reserved 1048576K, committed 100352K, used 39714K [0x00000000c0000000, 0x0000000100000000)
  region size 1024K, 1 young (1024K), 0 survivors (0K)
 Metaspace       used 64729K, committed 65408K, reserved 1114112K
  class space    used 7848K, committed 8128K, reserved 1048576K
}
Event: 182904.999 GC heap after
{Heap after GC invocations=3417 (full 3366):
 garbage-first heap   total reserved 1048576K, committed 100352K, used 39714K [0x00000000c0000000, 0x0000000100000000)
  region size 1024K, 0 young (0K), 0 survivors (0K)
 Metaspace       used 64729K, committed 65408K, reserved 1114112K
  class space    used 7848K, committed 8128K, reserved 1048576K
}
Event: 182915.332 GC heap before
{Heap before GC invocations=3417 (full 3366):
 garbage-first heap   total reserved 1048576K, committed 100352K, used 39714K [0x00000000c0000000, 0x0000000100000000)
  region size 1024K, 1 young (1024K), 0 survivors (0K)
 Metaspace       used 64729K, committed 65408K, reserved 1114112K
  class space    used 7848K, committed 8128K, reserved 1048576K
}
Event: 182915.438 GC heap after
{Heap after GC invocations=3418 (full 3367):
 garbage-first heap   total reserved 1048576K, committed 100352K, used 39714K [0x00000000c0000000, 0x0000000100000000)
  region size 1024K, 0 young (0K), 0 survivors (0K)
 Metaspace       used 64729K, committed 65408K, reserved 1114112K
  class space    used 7848K, committed 8128K, reserved 1048576K
}
Event: 182925.767 GC heap before
{Heap before GC invocations=3418 (full 3367):
 garbage-first heap   total reserved 1048576K, committed 100352K, used 39714K [0x00000000c0000000, 0x0000000100000000)
  region size 1024K, 1 young (1024K), 0 survivors (0K)
 Metaspace       used 64729K, committed 65408K, reserved 1114112K
  class space    used 7848K, committed 8128K, reserved 1048576K
}
Event: 182925.864 GC heap after
{Heap after GC invocations=3419 (full 3368):
 garbage-first heap   total reserved 1048576K, committed 100352K, used 39714K [0x00000000c0000000, 0x0000000100000000)
  region size 1024K, 0 young (0K), 0 survivors (0K)
 Metaspace       used 64729K, committed 65408K, reserved 1114112K
  class space    used 7848K, committed 8128K, reserved 1048576K
}
Event: 182936.238 GC heap before
{Heap before GC invocations=3419 (full 3368):
 garbage-first heap   total reserved 1048576K, committed 100352K, used 39714K [0x00000000c0000000, 0x0000000100000000)
  region size 1024K, 1 young (1024K), 0 survivors (0K)
 Metaspace       used 64729K, committed 65408K, reserved 1114112K
  class space    used 7848K, committed 8128K, reserved 1048576K
}
Event: 182936.358 GC heap after
{Heap after GC invocations=3420 (full 3369):
 garbage-first heap   total reserved 1048576K, committed 100352K, used 39714K [0x00000000c0000000, 0x0000000100000000)
  region size 1024K, 0 young (0K), 0 survivors (0K)
 Metaspace       used 64729K, committed 65408K, reserved 1114112K
  class space    used 7848K, committed 8128K, reserved 1048576K
}
Event: 182947.261 GC heap before
{Heap before GC invocations=3420 (full 3369):
 garbage-first heap   total reserved 1048576K, committed 100352K, used 39714K [0x00000000c0000000, 0x0000000100000000)
  region size 1024K, 1 young (1024K), 0 survivors (0K)
 Metaspace       used 64729K, committed 65408K, reserved 1114112K
  class space    used 7848K, committed 8128K, reserved 1048576K
}

