# JRE version: OpenJDK Runtime Environment Temurin-22.0.2+9 (22.0.2+9) (build 22.0.2+9)
# Java VM: OpenJDK 64-Bit Server VM Temurin-22.0.2+9 (22.0.2+9, mixed mode, emulated-client, tiered, compressed oops, compressed class ptrs, g1 gc, windows-amd64)
GC Precious Log:
 CardTable entry size: 512
 Card Set container configuration: InlinePtr #cards 5 size 8 Array Of Cards #cards 12 size 40 Howl #buckets 4 coarsen threshold 1843 Howl Bitmap #cards 512 size 80 coarsen threshold 460 Card regions per heap region 1 cards per card region 2048
 CPUs: 8 total, 8 available
 Memory: 3987M
 Large Page Support: Disabled
 NUMA Support: Disabled
 Compressed Oops: Enabled (32-bit)
 Heap Region Size: 1M
 Heap Min Capacity: 8M
 Heap Initial Capacity: 64M
 Heap Max Capacity: 1G
 Pre-touch: Disabled
 Parallel Workers: 8
 Concurrent Workers: 2
 Concurrent Refinement Workers: 8
 Periodic GC: Disabled
Heap:
 garbage-first heap   total reserved 1048576K, committed 81920K, used 40003K [0x00000000c0000000, 0x0000000100000000)
  region size 1024K, 1 young (1024K), 0 survivors (0K)
 Metaspace       used 63573K, committed 64768K, reserved 1114112K
  class space    used 7626K, committed 8064K, reserved 1048576K
GC Heap History (20 events):
Event: 2556.847 GC heap after
{Heap after GC invocations=258 (full 240):
 garbage-first heap   total reserved 1048576K, committed 81920K, used 40003K [0x00000000c0000000, 0x0000000100000000)
  region size 1024K, 0 young (0K), 0 survivors (0K)
 Metaspace       used 63573K, committed 64768K, reserved 1114112K
  class space    used 7626K, committed 8064K, reserved 1048576K
}
Event: 2567.291 GC heap before
{Heap before GC invocations=258 (full 240):
 garbage-first heap   total reserved 1048576K, committed 81920K, used 40003K [0x00000000c0000000, 0x0000000100000000)
  region size 1024K, 1 young (1024K), 0 survivors (0K)
 Metaspace       used 63573K, committed 64768K, reserved 1114112K
  class space    used 7626K, committed 8064K, reserved 1048576K
}
Event: 2567.681 GC heap after
{Heap after GC invocations=259 (full 241):
 garbage-first heap   total reserved 1048576K, committed 81920K, used 40003K [0x00000000c0000000, 0x0000000100000000)
  region size 1024K, 0 young (0K), 0 survivors (0K)
 Metaspace       used 63573K, committed 64768K, reserved 1114112K
  class space    used 7626K, committed 8064K, reserved 1048576K
}
Event: 2577.907 GC heap before
{Heap before GC invocations=259 (full 241):
 garbage-first heap   total reserved 1048576K, committed 81920K, used 40003K [0x00000000c0000000, 0x0000000100000000)
  region size 1024K, 1 young (1024K), 0 survivors (0K)
 Metaspace       used 63573K, committed 64768K, reserved 1114112K
  class space    used 7626K, committed 8064K, reserved 1048576K
}
Event: 2578.310 GC heap after
{Heap after GC invocations=260 (full 242):
 garbage-first heap   total reserved 1048576K, committed 81920K, used 40003K [0x00000000c0000000, 0x0000000100000000)
  region size 1024K, 0 young (0K), 0 survivors (0K)
 Metaspace       used 63573K, committed 64768K, reserved 1114112K
  class space    used 7626K, committed 8064K, reserved 1048576K
}
Event: 2588.482 GC heap before
{Heap before GC invocations=260 (full 242):
 garbage-first heap   total reserved 1048576K, committed 81920K, used 40003K [0x00000000c0000000, 0x0000000100000000)
  region size 1024K, 1 young (1024K), 0 survivors (0K)
 Metaspace       used 63573K, committed 64768K, reserved 1114112K
  class space    used 7626K, committed 8064K, reserved 1048576K
}
Event: 2588.537 GC heap after
{Heap after GC invocations=261 (full 243):
 garbage-first heap   total reserved 1048576K, committed 81920K, used 40003K [0x00000000c0000000, 0x0000000100000000)
  region size 1024K, 0 young (0K), 0 survivors (0K)
 Metaspace       used 63573K, committed 64768K, reserved 1114112K
  class space    used 7626K, committed 8064K, reserved 1048576K
}
Event: 2598.627 GC heap before
{Heap before GC invocations=261 (full 243):
 garbage-first heap   total reserved 1048576K, committed 81920K, used 40003K [0x00000000c0000000, 0x0000000100000000)
  region size 1024K, 1 young (1024K), 0 survivors (0K)
 Metaspace       used 63573K, committed 64768K, reserved 1114112K
  class space    used 7626K, committed 8064K, reserved 1048576K
}
Event: 2598.655 GC heap after
{Heap after GC invocations=262 (full 244):
 garbage-first heap   total reserved 1048576K, committed 81920K, used 40003K [0x00000000c0000000, 0x0000000100000000)
  region size 1024K, 0 young (0K), 0 survivors (0K)
 Metaspace       used 63573K, committed 64768K, reserved 1114112K
  class space    used 7626K, committed 8064K, reserved 1048576K
}
Event: 2608.850 GC heap before
{Heap before GC invocations=262 (full 244):
 garbage-first heap   total reserved 1048576K, committed 81920K, used 40003K [0x00000000c0000000, 0x0000000100000000)
  region size 1024K, 1 young (1024K), 0 survivors (0K)
 Metaspace       used 63573K, committed 64768K, reserved 1114112K
  class space    used 7626K, committed 8064K, reserved 1048576K
}
Event: 2608.944 GC heap after
{Heap after GC invocations=263 (full 245):
 garbage-first heap   total reserved 1048576K, committed 81920K, used 40003K [0x00000000c0000000, 0x0000000100000000)
  region size 1024K, 0 young (0K), 0 survivors (0K)
 Metaspace       used 63573K, committed 64768K, reserved 1114112K
  class space    used 7626K, committed 8064K, reserved 1048576K
}
Event: 2619.138 GC heap before
{Heap before GC invocations=263 (full 245):
 garbage-first heap   total reserved 1048576K, committed 81920K, used 40003K [0x00000000c0000000, 0x0000000100000000)
  region size 1024K, 1 young (1024K), 0 survivors (0K)
 Metaspace       used 63573K, committed 64768K, reserved 1114112K
  class space    used 7626K, committed 8064K, reserved 1048576K
}
Event: 2619.355 GC heap after
{Heap after GC invocations=264 (full 246):
 garbage-first heap   total reserved 1048576K, committed 81920K, used 40003K [0x00000000c0000000, 0x0000000100000000)
  region size 1024K, 0 young (0K), 0 survivors (0K)
 Metaspace       used 63573K, committed 64768K, reserved 1114112K
  class space    used 7626K, committed 8064K, reserved 1048576K
}
Event: 2629.544 GC heap before
{Heap before GC invocations=264 (full 246):
 garbage-first heap   total reserved 1048576K, committed 81920K, used 40003K [0x00000000c0000000, 0x0000000100000000)
  region size 1024K, 1 young (1024K), 0 survivors (0K)
 Metaspace       used 63573K, committed 64768K, reserved 1114112K
  class space    used 7626K, committed 8064K, reserved 1048576K
}
Event: 2629.627 GC heap after
{Heap after GC invocations=265 (full 247):
 garbage-first heap   total reserved 1048576K, committed 81920K, used 40003K [0x00000000c0000000, 0x0000000100000000)
  region size 1024K, 0 young (0K), 0 survivors (0K)
 Metaspace       used 63573K, committed 64768K, reserved 1114112K
  class space    used 7626K, committed 8064K, reserved 1048576K
}
Event: 2639.794 GC heap before
{Heap before GC invocations=265 (full 247):
 garbage-first heap   total reserved 1048576K, committed 81920K, used 40003K [0x00000000c0000000, 0x0000000100000000)
  region size 1024K, 1 young (1024K), 0 survivors (0K)
 Metaspace       used 63573K, committed 64768K, reserved 1114112K
  class space    used 7626K, committed 8064K, reserved 1048576K
}
Event: 2639.851 GC heap after
{Heap after GC invocations=266 (full 248):
 garbage-first heap   total reserved 1048576K, committed 81920K, used 40003K [0x00000000c0000000, 0x0000000100000000)
  region size 1024K, 0 young (0K), 0 survivors (0K)
 Metaspace       used 63573K, committed 64768K, reserved 1114112K
  class space    used 7626K, committed 8064K, reserved 1048576K
}
Event: 2650.146 GC heap before
{Heap before GC invocations=266 (full 248):
 garbage-first heap   total reserved 1048576K, committed 81920K, used 40003K [0x00000000c0000000, 0x0000000100000000)
  region size 1024K, 1 young (1024K), 0 survivors (0K)
 Metaspace       used 63573K, committed 64768K, reserved 1114112K
  class space    used 7626K, committed 8064K, reserved 1048576K
}
Event: 2650.603 GC heap after
{Heap after GC invocations=267 (full 249):
 garbage-first heap   total reserved 1048576K, committed 81920K, used 40003K [0x00000000c0000000, 0x0000000100000000)
  region size 1024K, 0 young (0K), 0 survivors (0K)
 Metaspace       used 63573K, committed 64768K, reserved 1114112K
  class space    used 7626K, committed 8064K, reserved 1048576K
}
Event: 2660.802 GC heap before
{Heap before GC invocations=267 (full 249):
 garbage-first heap   total reserved 1048576K, committed 81920K, used 40003K [0x00000000c0000000, 0x0000000100000000)
  region size 1024K, 1 young (1024K), 0 survivors (0K)
 Metaspace       used 63573K, committed 64768K, reserved 1114112K
  class space    used 7626K, committed 8064K, reserved 1048576K
}

