# JRE version: OpenJDK Runtime Environment Temurin-22.0.2+9 (22.0.2+9) (build 22.0.2+9)
# Java VM: OpenJDK 64-Bit Server VM Temurin-22.0.2+9 (22.0.2+9, mixed mode, emulated-client, tiered, compressed oops, compressed class ptrs, g1 gc, windows-amd64)
GC Precious Log:
 CardTable entry size: 512
 Card Set container configuration: InlinePtr #cards 5 size 8 Array Of Cards #cards 12 size 40 Howl #buckets 4 coarsen threshold 1843 Howl Bitmap #cards 512 size 80 coarsen threshold 460 Card regions per heap region 1 cards per card region 2048
 CPUs: 8 total, 8 available
 Memory: 3987M
 Large Page Support: Disabled
 NUMA Support: Disabled
 Compressed Oops: Enabled (32-bit)
 Heap Region Size: 1M
 Heap Min Capacity: 8M
 Heap Initial Capacity: 64M
 Heap Max Capacity: 1G
 Pre-touch: Disabled
 Parallel Workers: 8
 Concurrent Workers: 2
 Concurrent Refinement Workers: 8
 Periodic GC: Disabled
Heap:
 garbage-first heap   total reserved 1048576K, committed 108544K, used 41487K [0x00000000c0000000, 0x0000000100000000)
  region size 1024K, 1 young (1024K), 0 survivors (0K)
 Metaspace       used 66123K, committed 67072K, reserved 1114112K
  class space    used 8114K, committed 8576K, reserved 1048576K
GC Heap History (20 events):
Event: 82768.787 GC heap after
{Heap after GC invocations=1307 (full 1284):
 garbage-first heap   total reserved 1048576K, committed 108544K, used 41487K [0x00000000c0000000, 0x0000000100000000)
  region size 1024K, 0 young (0K), 0 survivors (0K)
 Metaspace       used 66123K, committed 67072K, reserved 1114112K
  class space    used 8114K, committed 8576K, reserved 1048576K
}
Event: 82778.923 GC heap before
{Heap before GC invocations=1307 (full 1284):
 garbage-first heap   total reserved 1048576K, committed 108544K, used 41487K [0x00000000c0000000, 0x0000000100000000)
  region size 1024K, 1 young (1024K), 0 survivors (0K)
 Metaspace       used 66123K, committed 67072K, reserved 1114112K
  class space    used 8114K, committed 8576K, reserved 1048576K
}
Event: 82778.978 GC heap after
{Heap after GC invocations=1308 (full 1285):
 garbage-first heap   total reserved 1048576K, committed 108544K, used 41487K [0x00000000c0000000, 0x0000000100000000)
  region size 1024K, 0 young (0K), 0 survivors (0K)
 Metaspace       used 66123K, committed 67072K, reserved 1114112K
  class space    used 8114K, committed 8576K, reserved 1048576K
}
Event: 82789.066 GC heap before
{Heap before GC invocations=1308 (full 1285):
 garbage-first heap   total reserved 1048576K, committed 108544K, used 41487K [0x00000000c0000000, 0x0000000100000000)
  region size 1024K, 1 young (1024K), 0 survivors (0K)
 Metaspace       used 66123K, committed 67072K, reserved 1114112K
  class space    used 8114K, committed 8576K, reserved 1048576K
}
Event: 82789.115 GC heap after
{Heap after GC invocations=1309 (full 1286):
 garbage-first heap   total reserved 1048576K, committed 108544K, used 41487K [0x00000000c0000000, 0x0000000100000000)
  region size 1024K, 0 young (0K), 0 survivors (0K)
 Metaspace       used 66123K, committed 67072K, reserved 1114112K
  class space    used 8114K, committed 8576K, reserved 1048576K
}
Event: 82799.237 GC heap before
{Heap before GC invocations=1309 (full 1286):
 garbage-first heap   total reserved 1048576K, committed 108544K, used 41487K [0x00000000c0000000, 0x0000000100000000)
  region size 1024K, 1 young (1024K), 0 survivors (0K)
 Metaspace       used 66123K, committed 67072K, reserved 1114112K
  class space    used 8114K, committed 8576K, reserved 1048576K
}
Event: 82799.291 GC heap after
{Heap after GC invocations=1310 (full 1287):
 garbage-first heap   total reserved 1048576K, committed 108544K, used 41487K [0x00000000c0000000, 0x0000000100000000)
  region size 1024K, 0 young (0K), 0 survivors (0K)
 Metaspace       used 66123K, committed 67072K, reserved 1114112K
  class space    used 8114K, committed 8576K, reserved 1048576K
}
Event: 82809.400 GC heap before
{Heap before GC invocations=1310 (full 1287):
 garbage-first heap   total reserved 1048576K, committed 108544K, used 41487K [0x00000000c0000000, 0x0000000100000000)
  region size 1024K, 1 young (1024K), 0 survivors (0K)
 Metaspace       used 66123K, committed 67072K, reserved 1114112K
  class space    used 8114K, committed 8576K, reserved 1048576K
}
Event: 82809.450 GC heap after
{Heap after GC invocations=1311 (full 1288):
 garbage-first heap   total reserved 1048576K, committed 108544K, used 41487K [0x00000000c0000000, 0x0000000100000000)
  region size 1024K, 0 young (0K), 0 survivors (0K)
 Metaspace       used 66123K, committed 67072K, reserved 1114112K
  class space    used 8114K, committed 8576K, reserved 1048576K
}
Event: 82819.516 GC heap before
{Heap before GC invocations=1311 (full 1288):
 garbage-first heap   total reserved 1048576K, committed 108544K, used 41487K [0x00000000c0000000, 0x0000000100000000)
  region size 1024K, 1 young (1024K), 0 survivors (0K)
 Metaspace       used 66123K, committed 67072K, reserved 1114112K
  class space    used 8114K, committed 8576K, reserved 1048576K
}
Event: 82819.569 GC heap after
{Heap after GC invocations=1312 (full 1289):
 garbage-first heap   total reserved 1048576K, committed 108544K, used 41487K [0x00000000c0000000, 0x0000000100000000)
  region size 1024K, 0 young (0K), 0 survivors (0K)
 Metaspace       used 66123K, committed 67072K, reserved 1114112K
  class space    used 8114K, committed 8576K, reserved 1048576K
}
Event: 82829.682 GC heap before
{Heap before GC invocations=1312 (full 1289):
 garbage-first heap   total reserved 1048576K, committed 108544K, used 41487K [0x00000000c0000000, 0x0000000100000000)
  region size 1024K, 1 young (1024K), 0 survivors (0K)
 Metaspace       used 66123K, committed 67072K, reserved 1114112K
  class space    used 8114K, committed 8576K, reserved 1048576K
}
Event: 82829.726 GC heap after
{Heap after GC invocations=1313 (full 1290):
 garbage-first heap   total reserved 1048576K, committed 108544K, used 41487K [0x00000000c0000000, 0x0000000100000000)
  region size 1024K, 0 young (0K), 0 survivors (0K)
 Metaspace       used 66123K, committed 67072K, reserved 1114112K
  class space    used 8114K, committed 8576K, reserved 1048576K
}
Event: 82839.807 GC heap before
{Heap before GC invocations=1313 (full 1290):
 garbage-first heap   total reserved 1048576K, committed 108544K, used 41487K [0x00000000c0000000, 0x0000000100000000)
  region size 1024K, 1 young (1024K), 0 survivors (0K)
 Metaspace       used 66123K, committed 67072K, reserved 1114112K
  class space    used 8114K, committed 8576K, reserved 1048576K
}
Event: 82839.851 GC heap after
{Heap after GC invocations=1314 (full 1291):
 garbage-first heap   total reserved 1048576K, committed 108544K, used 41487K [0x00000000c0000000, 0x0000000100000000)
  region size 1024K, 0 young (0K), 0 survivors (0K)
 Metaspace       used 66123K, committed 67072K, reserved 1114112K
  class space    used 8114K, committed 8576K, reserved 1048576K
}
Event: 82849.944 GC heap before
{Heap before GC invocations=1314 (full 1291):
 garbage-first heap   total reserved 1048576K, committed 108544K, used 41487K [0x00000000c0000000, 0x0000000100000000)
  region size 1024K, 1 young (1024K), 0 survivors (0K)
 Metaspace       used 66123K, committed 67072K, reserved 1114112K
  class space    used 8114K, committed 8576K, reserved 1048576K
}
Event: 82849.992 GC heap after
{Heap after GC invocations=1315 (full 1292):
 garbage-first heap   total reserved 1048576K, committed 108544K, used 41487K [0x00000000c0000000, 0x0000000100000000)
  region size 1024K, 0 young (0K), 0 survivors (0K)
 Metaspace       used 66123K, committed 67072K, reserved 1114112K
  class space    used 8114K, committed 8576K, reserved 1048576K
}
Event: 82860.119 GC heap before
{Heap before GC invocations=1315 (full 1292):
 garbage-first heap   total reserved 1048576K, committed 108544K, used 41487K [0x00000000c0000000, 0x0000000100000000)
  region size 1024K, 1 young (1024K), 0 survivors (0K)
 Metaspace       used 66123K, committed 67072K, reserved 1114112K
  class space    used 8114K, committed 8576K, reserved 1048576K
}
Event: 82860.183 GC heap after
{Heap after GC invocations=1316 (full 1293):
 garbage-first heap   total reserved 1048576K, committed 108544K, used 41487K [0x00000000c0000000, 0x0000000100000000)
  region size 1024K, 0 young (0K), 0 survivors (0K)
 Metaspace       used 66123K, committed 67072K, reserved 1114112K
  class space    used 8114K, committed 8576K, reserved 1048576K
}
Event: 82870.462 GC heap before
{Heap before GC invocations=1316 (full 1293):
 garbage-first heap   total reserved 1048576K, committed 108544K, used 41487K [0x00000000c0000000, 0x0000000100000000)
  region size 1024K, 1 young (1024K), 0 survivors (0K)
 Metaspace       used 66123K, committed 67072K, reserved 1114112K
  class space    used 8114K, committed 8576K, reserved 1048576K
}

