# JRE version: OpenJDK Runtime Environment Temurin-22.0.2+9 (22.0.2+9) (build 22.0.2+9)
# Java VM: OpenJDK 64-Bit Server VM Temurin-22.0.2+9 (22.0.2+9, mixed mode, emulated-client, tiered, compressed oops, compressed class ptrs, g1 gc, windows-amd64)
GC Precious Log:
 CardTable entry size: 512
 Card Set container configuration: InlinePtr #cards 5 size 8 Array Of Cards #cards 12 size 40 Howl #buckets 4 coarsen threshold 1843 Howl Bitmap #cards 512 size 80 coarsen threshold 460 Card regions per heap region 1 cards per card region 2048
 CPUs: 8 total, 8 available
 Memory: 3987M
 Large Page Support: Disabled
 NUMA Support: Disabled
 Compressed Oops: Enabled (32-bit)
 Heap Region Size: 1M
 Heap Min Capacity: 8M
 Heap Initial Capacity: 64M
 Heap Max Capacity: 1G
 Pre-touch: Disabled
 Parallel Workers: 8
 Concurrent Workers: 2
 Concurrent Refinement Workers: 8
 Periodic GC: Disabled
Heap:
 garbage-first heap   total reserved 1048576K, committed 78848K, used 39801K [0x00000000c0000000, 0x0000000100000000)
  region size 1024K, 1 young (1024K), 0 survivors (0K)
 Metaspace       used 64734K, committed 65536K, reserved 1114112K
  class space    used 7851K, committed 8192K, reserved 1048576K
GC Heap History (20 events):
Event: 7488.281 GC heap after
{Heap after GC invocations=680 (full 645):
 garbage-first heap   total reserved 1048576K, committed 78848K, used 39801K [0x00000000c0000000, 0x0000000100000000)
  region size 1024K, 0 young (0K), 0 survivors (0K)
 Metaspace       used 64734K, committed 65536K, reserved 1114112K
  class space    used 7851K, committed 8192K, reserved 1048576K
}
Event: 7501.159 GC heap before
{Heap before GC invocations=680 (full 645):
 garbage-first heap   total reserved 1048576K, committed 78848K, used 39801K [0x00000000c0000000, 0x0000000100000000)
  region size 1024K, 1 young (1024K), 0 survivors (0K)
 Metaspace       used 64734K, committed 65536K, reserved 1114112K
  class space    used 7851K, committed 8192K, reserved 1048576K
}
Event: 7502.332 GC heap after
{Heap after GC invocations=681 (full 646):
 garbage-first heap   total reserved 1048576K, committed 78848K, used 39801K [0x00000000c0000000, 0x0000000100000000)
  region size 1024K, 0 young (0K), 0 survivors (0K)
 Metaspace       used 64734K, committed 65536K, reserved 1114112K
  class space    used 7851K, committed 8192K, reserved 1048576K
}
Event: 7512.517 GC heap before
{Heap before GC invocations=681 (full 646):
 garbage-first heap   total reserved 1048576K, committed 78848K, used 39801K [0x00000000c0000000, 0x0000000100000000)
  region size 1024K, 1 young (1024K), 0 survivors (0K)
 Metaspace       used 64734K, committed 65536K, reserved 1114112K
  class space    used 7851K, committed 8192K, reserved 1048576K
}
Event: 7512.553 GC heap after
{Heap after GC invocations=682 (full 647):
 garbage-first heap   total reserved 1048576K, committed 78848K, used 39801K [0x00000000c0000000, 0x0000000100000000)
  region size 1024K, 0 young (0K), 0 survivors (0K)
 Metaspace       used 64734K, committed 65536K, reserved 1114112K
  class space    used 7851K, committed 8192K, reserved 1048576K
}
Event: 7522.848 GC heap before
{Heap before GC invocations=682 (full 647):
 garbage-first heap   total reserved 1048576K, committed 78848K, used 39801K [0x00000000c0000000, 0x0000000100000000)
  region size 1024K, 1 young (1024K), 0 survivors (0K)
 Metaspace       used 64734K, committed 65536K, reserved 1114112K
  class space    used 7851K, committed 8192K, reserved 1048576K
}
Event: 7522.997 GC heap after
{Heap after GC invocations=683 (full 648):
 garbage-first heap   total reserved 1048576K, committed 78848K, used 39801K [0x00000000c0000000, 0x0000000100000000)
  region size 1024K, 0 young (0K), 0 survivors (0K)
 Metaspace       used 64734K, committed 65536K, reserved 1114112K
  class space    used 7851K, committed 8192K, reserved 1048576K
}
Event: 7533.074 GC heap before
{Heap before GC invocations=683 (full 648):
 garbage-first heap   total reserved 1048576K, committed 78848K, used 39801K [0x00000000c0000000, 0x0000000100000000)
  region size 1024K, 1 young (1024K), 0 survivors (0K)
 Metaspace       used 64734K, committed 65536K, reserved 1114112K
  class space    used 7851K, committed 8192K, reserved 1048576K
}
Event: 7533.120 GC heap after
{Heap after GC invocations=684 (full 649):
 garbage-first heap   total reserved 1048576K, committed 78848K, used 39801K [0x00000000c0000000, 0x0000000100000000)
  region size 1024K, 0 young (0K), 0 survivors (0K)
 Metaspace       used 64734K, committed 65536K, reserved 1114112K
  class space    used 7851K, committed 8192K, reserved 1048576K
}
Event: 7543.207 GC heap before
{Heap before GC invocations=684 (full 649):
 garbage-first heap   total reserved 1048576K, committed 78848K, used 39801K [0x00000000c0000000, 0x0000000100000000)
  region size 1024K, 1 young (1024K), 0 survivors (0K)
 Metaspace       used 64734K, committed 65536K, reserved 1114112K
  class space    used 7851K, committed 8192K, reserved 1048576K
}
Event: 7543.252 GC heap after
{Heap after GC invocations=685 (full 650):
 garbage-first heap   total reserved 1048576K, committed 78848K, used 39801K [0x00000000c0000000, 0x0000000100000000)
  region size 1024K, 0 young (0K), 0 survivors (0K)
 Metaspace       used 64734K, committed 65536K, reserved 1114112K
  class space    used 7851K, committed 8192K, reserved 1048576K
}
Event: 7553.350 GC heap before
{Heap before GC invocations=685 (full 650):
 garbage-first heap   total reserved 1048576K, committed 78848K, used 39801K [0x00000000c0000000, 0x0000000100000000)
  region size 1024K, 1 young (1024K), 0 survivors (0K)
 Metaspace       used 64734K, committed 65536K, reserved 1114112K
  class space    used 7851K, committed 8192K, reserved 1048576K
}
Event: 7553.398 GC heap after
{Heap after GC invocations=686 (full 651):
 garbage-first heap   total reserved 1048576K, committed 78848K, used 39801K [0x00000000c0000000, 0x0000000100000000)
  region size 1024K, 0 young (0K), 0 survivors (0K)
 Metaspace       used 64734K, committed 65536K, reserved 1114112K
  class space    used 7851K, committed 8192K, reserved 1048576K
}
Event: 7563.521 GC heap before
{Heap before GC invocations=686 (full 651):
 garbage-first heap   total reserved 1048576K, committed 78848K, used 39801K [0x00000000c0000000, 0x0000000100000000)
  region size 1024K, 1 young (1024K), 0 survivors (0K)
 Metaspace       used 64734K, committed 65536K, reserved 1114112K
  class space    used 7851K, committed 8192K, reserved 1048576K
}
Event: 7563.560 GC heap after
{Heap after GC invocations=687 (full 652):
 garbage-first heap   total reserved 1048576K, committed 78848K, used 39801K [0x00000000c0000000, 0x0000000100000000)
  region size 1024K, 0 young (0K), 0 survivors (0K)
 Metaspace       used 64734K, committed 65536K, reserved 1114112K
  class space    used 7851K, committed 8192K, reserved 1048576K
}
Event: 7573.690 GC heap before
{Heap before GC invocations=687 (full 652):
 garbage-first heap   total reserved 1048576K, committed 78848K, used 39801K [0x00000000c0000000, 0x0000000100000000)
  region size 1024K, 1 young (1024K), 0 survivors (0K)
 Metaspace       used 64734K, committed 65536K, reserved 1114112K
  class space    used 7851K, committed 8192K, reserved 1048576K
}
Event: 7573.754 GC heap after
{Heap after GC invocations=688 (full 653):
 garbage-first heap   total reserved 1048576K, committed 78848K, used 39801K [0x00000000c0000000, 0x0000000100000000)
  region size 1024K, 0 young (0K), 0 survivors (0K)
 Metaspace       used 64734K, committed 65536K, reserved 1114112K
  class space    used 7851K, committed 8192K, reserved 1048576K
}
Event: 7583.915 GC heap before
{Heap before GC invocations=688 (full 653):
 garbage-first heap   total reserved 1048576K, committed 78848K, used 39801K [0x00000000c0000000, 0x0000000100000000)
  region size 1024K, 1 young (1024K), 0 survivors (0K)
 Metaspace       used 64734K, committed 65536K, reserved 1114112K
  class space    used 7851K, committed 8192K, reserved 1048576K
}
Event: 7583.973 GC heap after
{Heap after GC invocations=689 (full 654):
 garbage-first heap   total reserved 1048576K, committed 78848K, used 39801K [0x00000000c0000000, 0x0000000100000000)
  region size 1024K, 0 young (0K), 0 survivors (0K)
 Metaspace       used 64734K, committed 65536K, reserved 1114112K
  class space    used 7851K, committed 8192K, reserved 1048576K
}
Event: 7594.491 GC heap before
{Heap before GC invocations=689 (full 654):
 garbage-first heap   total reserved 1048576K, committed 78848K, used 39801K [0x00000000c0000000, 0x0000000100000000)
  region size 1024K, 1 young (1024K), 0 survivors (0K)
 Metaspace       used 64734K, committed 65536K, reserved 1114112K
  class space    used 7851K, committed 8192K, reserved 1048576K
}

