# JRE version: OpenJDK Runtime Environment Temurin-22.0.2+9 (22.0.2+9) (build 22.0.2+9)
# Java VM: OpenJDK 64-Bit Server VM Temurin-22.0.2+9 (22.0.2+9, mixed mode, emulated-client, tiered, compressed oops, compressed class ptrs, g1 gc, windows-amd64)
GC Precious Log:
 CardTable entry size: 512
 Card Set container configuration: InlinePtr #cards 5 size 8 Array Of Cards #cards 12 size 40 Howl #buckets 4 coarsen threshold 1843 Howl Bitmap #cards 512 size 80 coarsen threshold 460 Card regions per heap region 1 cards per card region 2048
 CPUs: 8 total, 8 available
 Memory: 3987M
 Large Page Support: Disabled
 NUMA Support: Disabled
 Compressed Oops: Enabled (32-bit)
 Heap Region Size: 1M
 Heap Min Capacity: 8M
 Heap Initial Capacity: 64M
 Heap Max Capacity: 1G
 Pre-touch: Disabled
 Parallel Workers: 8
 Concurrent Workers: 2
 Concurrent Refinement Workers: 8
 Periodic GC: Disabled
Heap:
 garbage-first heap   total reserved 1048576K, committed 97280K, used 41014K [0x00000000c0000000, 0x0000000100000000)
  region size 1024K, 1 young (1024K), 0 survivors (0K)
 Metaspace       used 65369K, committed 66688K, reserved 1114112K
  class space    used 7875K, committed 8384K, reserved 1048576K
GC Heap History (20 events):
Event: 54.504 GC heap after
{Heap after GC invocations=18 (full 2):
 garbage-first heap   total reserved 1048576K, committed 97280K, used 46172K [0x00000000c0000000, 0x0000000100000000)
  region size 1024K, 0 young (0K), 0 survivors (0K)
 Metaspace       used 65824K, committed 66688K, reserved 1114112K
  class space    used 8001K, committed 8384K, reserved 1048576K
}
Event: 64.581 GC heap before
{Heap before GC invocations=18 (full 2):
 garbage-first heap   total reserved 1048576K, committed 97280K, used 46172K [0x00000000c0000000, 0x0000000100000000)
  region size 1024K, 1 young (1024K), 0 survivors (0K)
 Metaspace       used 65824K, committed 66688K, reserved 1114112K
  class space    used 8001K, committed 8384K, reserved 1048576K
}
Event: 65.159 GC heap after
{Heap after GC invocations=19 (full 3):
 garbage-first heap   total reserved 1048576K, committed 97280K, used 42900K [0x00000000c0000000, 0x0000000100000000)
  region size 1024K, 0 young (0K), 0 survivors (0K)
 Metaspace       used 65502K, committed 66688K, reserved 1114112K
  class space    used 7912K, committed 8384K, reserved 1048576K
}
Event: 75.267 GC heap before
{Heap before GC invocations=19 (full 3):
 garbage-first heap   total reserved 1048576K, committed 97280K, used 42900K [0x00000000c0000000, 0x0000000100000000)
  region size 1024K, 1 young (1024K), 0 survivors (0K)
 Metaspace       used 65502K, committed 66688K, reserved 1114112K
  class space    used 7912K, committed 8384K, reserved 1048576K
}
Event: 75.331 GC heap after
{Heap after GC invocations=20 (full 4):
 garbage-first heap   total reserved 1048576K, committed 97280K, used 41013K [0x00000000c0000000, 0x0000000100000000)
  region size 1024K, 0 young (0K), 0 survivors (0K)
 Metaspace       used 65369K, committed 66688K, reserved 1114112K
  class space    used 7875K, committed 8384K, reserved 1048576K
}
Event: 85.407 GC heap before
{Heap before GC invocations=20 (full 4):
 garbage-first heap   total reserved 1048576K, committed 97280K, used 41013K [0x00000000c0000000, 0x0000000100000000)
  region size 1024K, 1 young (1024K), 0 survivors (0K)
 Metaspace       used 65369K, committed 66688K, reserved 1114112K
  class space    used 7875K, committed 8384K, reserved 1048576K
}
Event: 85.435 GC heap after
{Heap after GC invocations=21 (full 5):
 garbage-first heap   total reserved 1048576K, committed 97280K, used 41013K [0x00000000c0000000, 0x0000000100000000)
  region size 1024K, 0 young (0K), 0 survivors (0K)
 Metaspace       used 65369K, committed 66688K, reserved 1114112K
  class space    used 7875K, committed 8384K, reserved 1048576K
}
Event: 95.498 GC heap before
{Heap before GC invocations=21 (full 5):
 garbage-first heap   total reserved 1048576K, committed 97280K, used 41013K [0x00000000c0000000, 0x0000000100000000)
  region size 1024K, 1 young (1024K), 0 survivors (0K)
 Metaspace       used 65369K, committed 66688K, reserved 1114112K
  class space    used 7875K, committed 8384K, reserved 1048576K
}
Event: 95.525 GC heap after
{Heap after GC invocations=22 (full 6):
 garbage-first heap   total reserved 1048576K, committed 97280K, used 41013K [0x00000000c0000000, 0x0000000100000000)
  region size 1024K, 0 young (0K), 0 survivors (0K)
 Metaspace       used 65369K, committed 66688K, reserved 1114112K
  class space    used 7875K, committed 8384K, reserved 1048576K
}
Event: 105.619 GC heap before
{Heap before GC invocations=22 (full 6):
 garbage-first heap   total reserved 1048576K, committed 97280K, used 41013K [0x00000000c0000000, 0x0000000100000000)
  region size 1024K, 1 young (1024K), 0 survivors (0K)
 Metaspace       used 65369K, committed 66688K, reserved 1114112K
  class space    used 7875K, committed 8384K, reserved 1048576K
}
Event: 105.646 GC heap after
{Heap after GC invocations=23 (full 7):
 garbage-first heap   total reserved 1048576K, committed 97280K, used 41014K [0x00000000c0000000, 0x0000000100000000)
  region size 1024K, 0 young (0K), 0 survivors (0K)
 Metaspace       used 65369K, committed 66688K, reserved 1114112K
  class space    used 7875K, committed 8384K, reserved 1048576K
}
Event: 115.730 GC heap before
{Heap before GC invocations=23 (full 7):
 garbage-first heap   total reserved 1048576K, committed 97280K, used 41014K [0x00000000c0000000, 0x0000000100000000)
  region size 1024K, 1 young (1024K), 0 survivors (0K)
 Metaspace       used 65369K, committed 66688K, reserved 1114112K
  class space    used 7875K, committed 8384K, reserved 1048576K
}
Event: 115.755 GC heap after
{Heap after GC invocations=24 (full 8):
 garbage-first heap   total reserved 1048576K, committed 97280K, used 41014K [0x00000000c0000000, 0x0000000100000000)
  region size 1024K, 0 young (0K), 0 survivors (0K)
 Metaspace       used 65369K, committed 66688K, reserved 1114112K
  class space    used 7875K, committed 8384K, reserved 1048576K
}
Event: 125.813 GC heap before
{Heap before GC invocations=24 (full 8):
 garbage-first heap   total reserved 1048576K, committed 97280K, used 41014K [0x00000000c0000000, 0x0000000100000000)
  region size 1024K, 1 young (1024K), 0 survivors (0K)
 Metaspace       used 65369K, committed 66688K, reserved 1114112K
  class space    used 7875K, committed 8384K, reserved 1048576K
}
Event: 125.838 GC heap after
{Heap after GC invocations=25 (full 9):
 garbage-first heap   total reserved 1048576K, committed 97280K, used 41014K [0x00000000c0000000, 0x0000000100000000)
  region size 1024K, 0 young (0K), 0 survivors (0K)
 Metaspace       used 65369K, committed 66688K, reserved 1114112K
  class space    used 7875K, committed 8384K, reserved 1048576K
}
Event: 135.943 GC heap before
{Heap before GC invocations=25 (full 9):
 garbage-first heap   total reserved 1048576K, committed 97280K, used 41014K [0x00000000c0000000, 0x0000000100000000)
  region size 1024K, 1 young (1024K), 0 survivors (0K)
 Metaspace       used 65369K, committed 66688K, reserved 1114112K
  class space    used 7875K, committed 8384K, reserved 1048576K
}
Event: 135.968 GC heap after
{Heap after GC invocations=26 (full 10):
 garbage-first heap   total reserved 1048576K, committed 97280K, used 41014K [0x00000000c0000000, 0x0000000100000000)
  region size 1024K, 0 young (0K), 0 survivors (0K)
 Metaspace       used 65369K, committed 66688K, reserved 1114112K
  class space    used 7875K, committed 8384K, reserved 1048576K
}
Event: 146.128 GC heap before
{Heap before GC invocations=26 (full 10):
 garbage-first heap   total reserved 1048576K, committed 97280K, used 41014K [0x00000000c0000000, 0x0000000100000000)
  region size 1024K, 1 young (1024K), 0 survivors (0K)
 Metaspace       used 65369K, committed 66688K, reserved 1114112K
  class space    used 7875K, committed 8384K, reserved 1048576K
}
Event: 146.173 GC heap after
{Heap after GC invocations=27 (full 11):
 garbage-first heap   total reserved 1048576K, committed 97280K, used 41014K [0x00000000c0000000, 0x0000000100000000)
  region size 1024K, 0 young (0K), 0 survivors (0K)
 Metaspace       used 65369K, committed 66688K, reserved 1114112K
  class space    used 7875K, committed 8384K, reserved 1048576K
}
Event: 156.433 GC heap before
{Heap before GC invocations=27 (full 11):
 garbage-first heap   total reserved 1048576K, committed 97280K, used 41014K [0x00000000c0000000, 0x0000000100000000)
  region size 1024K, 1 young (1024K), 0 survivors (0K)
 Metaspace       used 65369K, committed 66688K, reserved 1114112K
  class space    used 7875K, committed 8384K, reserved 1048576K
}

