# JRE version: OpenJDK Runtime Environment Temurin-22.0.2+9 (22.0.2+9) (build 22.0.2+9)
# Java VM: OpenJDK 64-Bit Server VM Temurin-22.0.2+9 (22.0.2+9, mixed mode, emulated-client, tiered, compressed oops, compressed class ptrs, g1 gc, windows-amd64)
GC Precious Log:
 CardTable entry size: 512
 Card Set container configuration: InlinePtr #cards 5 size 8 Array Of Cards #cards 12 size 40 Howl #buckets 4 coarsen threshold 1843 Howl Bitmap #cards 512 size 80 coarsen threshold 460 Card regions per heap region 1 cards per card region 2048
 CPUs: 8 total, 8 available
 Memory: 3987M
 Large Page Support: Disabled
 NUMA Support: Disabled
 Compressed Oops: Enabled (32-bit)
 Heap Region Size: 1M
 Heap Min Capacity: 8M
 Heap Initial Capacity: 64M
 Heap Max Capacity: 1G
 Pre-touch: Disabled
 Parallel Workers: 8
 Concurrent Workers: 2
 Concurrent Refinement Workers: 8
 Periodic GC: Disabled
Heap:
 garbage-first heap   total reserved 1048576K, committed 107520K, used 41549K [0x00000000c0000000, 0x0000000100000000)
  region size 1024K, 1 young (1024K), 0 survivors (0K)
 Metaspace       used 64953K, committed 65600K, reserved 1114112K
  class space    used 7911K, committed 8192K, reserved 1048576K
GC Heap History (20 events):
Event: 7834.951 GC heap after
{Heap after GC invocations=753 (full 726):
 garbage-first heap   total reserved 1048576K, committed 107520K, used 41549K [0x00000000c0000000, 0x0000000100000000)
  region size 1024K, 0 young (0K), 0 survivors (0K)
 Metaspace       used 64953K, committed 65600K, reserved 1114112K
  class space    used 7911K, committed 8192K, reserved 1048576K
}
Event: 7845.004 GC heap before
{Heap before GC invocations=753 (full 726):
 garbage-first heap   total reserved 1048576K, committed 107520K, used 41549K [0x00000000c0000000, 0x0000000100000000)
  region size 1024K, 1 young (1024K), 0 survivors (0K)
 Metaspace       used 64953K, committed 65600K, reserved 1114112K
  class space    used 7911K, committed 8192K, reserved 1048576K
}
Event: 7845.033 GC heap after
{Heap after GC invocations=754 (full 727):
 garbage-first heap   total reserved 1048576K, committed 107520K, used 41549K [0x00000000c0000000, 0x0000000100000000)
  region size 1024K, 0 young (0K), 0 survivors (0K)
 Metaspace       used 64953K, committed 65600K, reserved 1114112K
  class space    used 7911K, committed 8192K, reserved 1048576K
}
Event: 7855.088 GC heap before
{Heap before GC invocations=754 (full 727):
 garbage-first heap   total reserved 1048576K, committed 107520K, used 41549K [0x00000000c0000000, 0x0000000100000000)
  region size 1024K, 1 young (1024K), 0 survivors (0K)
 Metaspace       used 64953K, committed 65600K, reserved 1114112K
  class space    used 7911K, committed 8192K, reserved 1048576K
}
Event: 7855.120 GC heap after
{Heap after GC invocations=755 (full 728):
 garbage-first heap   total reserved 1048576K, committed 107520K, used 41549K [0x00000000c0000000, 0x0000000100000000)
  region size 1024K, 0 young (0K), 0 survivors (0K)
 Metaspace       used 64953K, committed 65600K, reserved 1114112K
  class space    used 7911K, committed 8192K, reserved 1048576K
}
Event: 7865.228 GC heap before
{Heap before GC invocations=755 (full 728):
 garbage-first heap   total reserved 1048576K, committed 107520K, used 41549K [0x00000000c0000000, 0x0000000100000000)
  region size 1024K, 1 young (1024K), 0 survivors (0K)
 Metaspace       used 64953K, committed 65600K, reserved 1114112K
  class space    used 7911K, committed 8192K, reserved 1048576K
}
Event: 7865.256 GC heap after
{Heap after GC invocations=756 (full 729):
 garbage-first heap   total reserved 1048576K, committed 107520K, used 41549K [0x00000000c0000000, 0x0000000100000000)
  region size 1024K, 0 young (0K), 0 survivors (0K)
 Metaspace       used 64953K, committed 65600K, reserved 1114112K
  class space    used 7911K, committed 8192K, reserved 1048576K
}
Event: 7875.298 GC heap before
{Heap before GC invocations=756 (full 729):
 garbage-first heap   total reserved 1048576K, committed 107520K, used 41549K [0x00000000c0000000, 0x0000000100000000)
  region size 1024K, 1 young (1024K), 0 survivors (0K)
 Metaspace       used 64953K, committed 65600K, reserved 1114112K
  class space    used 7911K, committed 8192K, reserved 1048576K
}
Event: 7875.328 GC heap after
{Heap after GC invocations=757 (full 730):
 garbage-first heap   total reserved 1048576K, committed 107520K, used 41549K [0x00000000c0000000, 0x0000000100000000)
  region size 1024K, 0 young (0K), 0 survivors (0K)
 Metaspace       used 64953K, committed 65600K, reserved 1114112K
  class space    used 7911K, committed 8192K, reserved 1048576K
}
Event: 7885.384 GC heap before
{Heap before GC invocations=757 (full 730):
 garbage-first heap   total reserved 1048576K, committed 107520K, used 41549K [0x00000000c0000000, 0x0000000100000000)
  region size 1024K, 1 young (1024K), 0 survivors (0K)
 Metaspace       used 64953K, committed 65600K, reserved 1114112K
  class space    used 7911K, committed 8192K, reserved 1048576K
}
Event: 7885.418 GC heap after
{Heap after GC invocations=758 (full 731):
 garbage-first heap   total reserved 1048576K, committed 107520K, used 41549K [0x00000000c0000000, 0x0000000100000000)
  region size 1024K, 0 young (0K), 0 survivors (0K)
 Metaspace       used 64953K, committed 65600K, reserved 1114112K
  class space    used 7911K, committed 8192K, reserved 1048576K
}
Event: 7895.465 GC heap before
{Heap before GC invocations=758 (full 731):
 garbage-first heap   total reserved 1048576K, committed 107520K, used 41549K [0x00000000c0000000, 0x0000000100000000)
  region size 1024K, 1 young (1024K), 0 survivors (0K)
 Metaspace       used 64953K, committed 65600K, reserved 1114112K
  class space    used 7911K, committed 8192K, reserved 1048576K
}
Event: 7895.512 GC heap after
{Heap after GC invocations=759 (full 732):
 garbage-first heap   total reserved 1048576K, committed 107520K, used 41549K [0x00000000c0000000, 0x0000000100000000)
  region size 1024K, 0 young (0K), 0 survivors (0K)
 Metaspace       used 64953K, committed 65600K, reserved 1114112K
  class space    used 7911K, committed 8192K, reserved 1048576K
}
Event: 7905.614 GC heap before
{Heap before GC invocations=759 (full 732):
 garbage-first heap   total reserved 1048576K, committed 107520K, used 41549K [0x00000000c0000000, 0x0000000100000000)
  region size 1024K, 1 young (1024K), 0 survivors (0K)
 Metaspace       used 64953K, committed 65600K, reserved 1114112K
  class space    used 7911K, committed 8192K, reserved 1048576K
}
Event: 7905.660 GC heap after
{Heap after GC invocations=760 (full 733):
 garbage-first heap   total reserved 1048576K, committed 107520K, used 41549K [0x00000000c0000000, 0x0000000100000000)
  region size 1024K, 0 young (0K), 0 survivors (0K)
 Metaspace       used 64953K, committed 65600K, reserved 1114112K
  class space    used 7911K, committed 8192K, reserved 1048576K
}
Event: 7915.731 GC heap before
{Heap before GC invocations=760 (full 733):
 garbage-first heap   total reserved 1048576K, committed 107520K, used 41549K [0x00000000c0000000, 0x0000000100000000)
  region size 1024K, 1 young (1024K), 0 survivors (0K)
 Metaspace       used 64953K, committed 65600K, reserved 1114112K
  class space    used 7911K, committed 8192K, reserved 1048576K
}
Event: 7915.783 GC heap after
{Heap after GC invocations=761 (full 734):
 garbage-first heap   total reserved 1048576K, committed 107520K, used 41549K [0x00000000c0000000, 0x0000000100000000)
  region size 1024K, 0 young (0K), 0 survivors (0K)
 Metaspace       used 64953K, committed 65600K, reserved 1114112K
  class space    used 7911K, committed 8192K, reserved 1048576K
}
Event: 7925.900 GC heap before
{Heap before GC invocations=761 (full 734):
 garbage-first heap   total reserved 1048576K, committed 107520K, used 41549K [0x00000000c0000000, 0x0000000100000000)
  region size 1024K, 1 young (1024K), 0 survivors (0K)
 Metaspace       used 64953K, committed 65600K, reserved 1114112K
  class space    used 7911K, committed 8192K, reserved 1048576K
}
Event: 7925.973 GC heap after
{Heap after GC invocations=762 (full 735):
 garbage-first heap   total reserved 1048576K, committed 107520K, used 41549K [0x00000000c0000000, 0x0000000100000000)
  region size 1024K, 0 young (0K), 0 survivors (0K)
 Metaspace       used 64953K, committed 65600K, reserved 1114112K
  class space    used 7911K, committed 8192K, reserved 1048576K
}
Event: 7936.140 GC heap before
{Heap before GC invocations=762 (full 735):
 garbage-first heap   total reserved 1048576K, committed 107520K, used 41549K [0x00000000c0000000, 0x0000000100000000)
  region size 1024K, 1 young (1024K), 0 survivors (0K)
 Metaspace       used 64953K, committed 65600K, reserved 1114112K
  class space    used 7911K, committed 8192K, reserved 1048576K
}

