# JRE version: OpenJDK Runtime Environment Temurin-22.0.2+9 (22.0.2+9) (build 22.0.2+9)
# Java VM: OpenJDK 64-Bit Server VM Temurin-22.0.2+9 (22.0.2+9, mixed mode, emulated-client, tiered, compressed oops, compressed class ptrs, g1 gc, windows-amd64)
GC Precious Log:
 CardTable entry size: 512
 Card Set container configuration: InlinePtr #cards 5 size 8 Array Of Cards #cards 12 size 40 Howl #buckets 4 coarsen threshold 1843 Howl Bitmap #cards 512 size 80 coarsen threshold 460 Card regions per heap region 1 cards per card region 2048
 CPUs: 8 total, 8 available
 Memory: 3987M
 Large Page Support: Disabled
 NUMA Support: Disabled
 Compressed Oops: Enabled (32-bit)
 Heap Region Size: 1M
 Heap Min Capacity: 8M
 Heap Initial Capacity: 64M
 Heap Max Capacity: 1G
 Pre-touch: Disabled
 Parallel Workers: 8
 Concurrent Workers: 2
 Concurrent Refinement Workers: 8
 Periodic GC: Disabled
Heap:
 garbage-first heap   total reserved 1048576K, committed 80896K, used 40860K [0x00000000c0000000, 0x0000000100000000)
  region size 1024K, 1 young (1024K), 0 survivors (0K)
 Metaspace       used 64442K, committed 65152K, reserved 1114112K
  class space    used 7797K, committed 8064K, reserved 1048576K
GC Heap History (20 events):
Event: 8194.706 GC heap after
{Heap after GC invocations=792 (full 769):
 garbage-first heap   total reserved 1048576K, committed 80896K, used 40860K [0x00000000c0000000, 0x0000000100000000)
  region size 1024K, 0 young (0K), 0 survivors (0K)
 Metaspace       used 64442K, committed 65152K, reserved 1114112K
  class space    used 7797K, committed 8064K, reserved 1048576K
}
Event: 8205.291 GC heap before
{Heap before GC invocations=792 (full 769):
 garbage-first heap   total reserved 1048576K, committed 80896K, used 40860K [0x00000000c0000000, 0x0000000100000000)
  region size 1024K, 1 young (1024K), 0 survivors (0K)
 Metaspace       used 64442K, committed 65152K, reserved 1114112K
  class space    used 7797K, committed 8064K, reserved 1048576K
}
Event: 8206.169 GC heap after
{Heap after GC invocations=793 (full 770):
 garbage-first heap   total reserved 1048576K, committed 80896K, used 40860K [0x00000000c0000000, 0x0000000100000000)
  region size 1024K, 0 young (0K), 0 survivors (0K)
 Metaspace       used 64442K, committed 65152K, reserved 1114112K
  class space    used 7797K, committed 8064K, reserved 1048576K
}
Event: 8216.710 GC heap before
{Heap before GC invocations=793 (full 770):
 garbage-first heap   total reserved 1048576K, committed 80896K, used 40860K [0x00000000c0000000, 0x0000000100000000)
  region size 1024K, 1 young (1024K), 0 survivors (0K)
 Metaspace       used 64442K, committed 65152K, reserved 1114112K
  class space    used 7797K, committed 8064K, reserved 1048576K
}
Event: 8217.055 GC heap after
{Heap after GC invocations=794 (full 771):
 garbage-first heap   total reserved 1048576K, committed 80896K, used 40860K [0x00000000c0000000, 0x0000000100000000)
  region size 1024K, 0 young (0K), 0 survivors (0K)
 Metaspace       used 64442K, committed 65152K, reserved 1114112K
  class space    used 7797K, committed 8064K, reserved 1048576K
}
Event: 8227.174 GC heap before
{Heap before GC invocations=794 (full 771):
 garbage-first heap   total reserved 1048576K, committed 80896K, used 40860K [0x00000000c0000000, 0x0000000100000000)
  region size 1024K, 1 young (1024K), 0 survivors (0K)
 Metaspace       used 64442K, committed 65152K, reserved 1114112K
  class space    used 7797K, committed 8064K, reserved 1048576K
}
Event: 8227.219 GC heap after
{Heap after GC invocations=795 (full 772):
 garbage-first heap   total reserved 1048576K, committed 80896K, used 40860K [0x00000000c0000000, 0x0000000100000000)
  region size 1024K, 0 young (0K), 0 survivors (0K)
 Metaspace       used 64442K, committed 65152K, reserved 1114112K
  class space    used 7797K, committed 8064K, reserved 1048576K
}
Event: 8237.311 GC heap before
{Heap before GC invocations=795 (full 772):
 garbage-first heap   total reserved 1048576K, committed 80896K, used 40860K [0x00000000c0000000, 0x0000000100000000)
  region size 1024K, 1 young (1024K), 0 survivors (0K)
 Metaspace       used 64442K, committed 65152K, reserved 1114112K
  class space    used 7797K, committed 8064K, reserved 1048576K
}
Event: 8237.343 GC heap after
{Heap after GC invocations=796 (full 773):
 garbage-first heap   total reserved 1048576K, committed 80896K, used 40860K [0x00000000c0000000, 0x0000000100000000)
  region size 1024K, 0 young (0K), 0 survivors (0K)
 Metaspace       used 64442K, committed 65152K, reserved 1114112K
  class space    used 7797K, committed 8064K, reserved 1048576K
}
Event: 8247.563 GC heap before
{Heap before GC invocations=796 (full 773):
 garbage-first heap   total reserved 1048576K, committed 80896K, used 40860K [0x00000000c0000000, 0x0000000100000000)
  region size 1024K, 1 young (1024K), 0 survivors (0K)
 Metaspace       used 64442K, committed 65152K, reserved 1114112K
  class space    used 7797K, committed 8064K, reserved 1048576K
}
Event: 8247.658 GC heap after
{Heap after GC invocations=797 (full 774):
 garbage-first heap   total reserved 1048576K, committed 80896K, used 40860K [0x00000000c0000000, 0x0000000100000000)
  region size 1024K, 0 young (0K), 0 survivors (0K)
 Metaspace       used 64442K, committed 65152K, reserved 1114112K
  class space    used 7797K, committed 8064K, reserved 1048576K
}
Event: 8257.735 GC heap before
{Heap before GC invocations=797 (full 774):
 garbage-first heap   total reserved 1048576K, committed 80896K, used 40860K [0x00000000c0000000, 0x0000000100000000)
  region size 1024K, 1 young (1024K), 0 survivors (0K)
 Metaspace       used 64442K, committed 65152K, reserved 1114112K
  class space    used 7797K, committed 8064K, reserved 1048576K
}
Event: 8257.771 GC heap after
{Heap after GC invocations=798 (full 775):
 garbage-first heap   total reserved 1048576K, committed 80896K, used 40860K [0x00000000c0000000, 0x0000000100000000)
  region size 1024K, 0 young (0K), 0 survivors (0K)
 Metaspace       used 64442K, committed 65152K, reserved 1114112K
  class space    used 7797K, committed 8064K, reserved 1048576K
}
Event: 8267.865 GC heap before
{Heap before GC invocations=798 (full 775):
 garbage-first heap   total reserved 1048576K, committed 80896K, used 40860K [0x00000000c0000000, 0x0000000100000000)
  region size 1024K, 1 young (1024K), 0 survivors (0K)
 Metaspace       used 64442K, committed 65152K, reserved 1114112K
  class space    used 7797K, committed 8064K, reserved 1048576K
}
Event: 8267.902 GC heap after
{Heap after GC invocations=799 (full 776):
 garbage-first heap   total reserved 1048576K, committed 80896K, used 40860K [0x00000000c0000000, 0x0000000100000000)
  region size 1024K, 0 young (0K), 0 survivors (0K)
 Metaspace       used 64442K, committed 65152K, reserved 1114112K
  class space    used 7797K, committed 8064K, reserved 1048576K
}
Event: 8280.171 GC heap before
{Heap before GC invocations=799 (full 776):
 garbage-first heap   total reserved 1048576K, committed 80896K, used 40860K [0x00000000c0000000, 0x0000000100000000)
  region size 1024K, 1 young (1024K), 0 survivors (0K)
 Metaspace       used 64442K, committed 65152K, reserved 1114112K
  class space    used 7797K, committed 8064K, reserved 1048576K
}
Event: 8281.785 GC heap after
{Heap after GC invocations=800 (full 777):
 garbage-first heap   total reserved 1048576K, committed 80896K, used 40860K [0x00000000c0000000, 0x0000000100000000)
  region size 1024K, 0 young (0K), 0 survivors (0K)
 Metaspace       used 64442K, committed 65152K, reserved 1114112K
  class space    used 7797K, committed 8064K, reserved 1048576K
}
Event: 8291.944 GC heap before
{Heap before GC invocations=800 (full 777):
 garbage-first heap   total reserved 1048576K, committed 80896K, used 40860K [0x00000000c0000000, 0x0000000100000000)
  region size 1024K, 1 young (1024K), 0 survivors (0K)
 Metaspace       used 64442K, committed 65152K, reserved 1114112K
  class space    used 7797K, committed 8064K, reserved 1048576K
}
Event: 8292.001 GC heap after
{Heap after GC invocations=801 (full 778):
 garbage-first heap   total reserved 1048576K, committed 80896K, used 40860K [0x00000000c0000000, 0x0000000100000000)
  region size 1024K, 0 young (0K), 0 survivors (0K)
 Metaspace       used 64442K, committed 65152K, reserved 1114112K
  class space    used 7797K, committed 8064K, reserved 1048576K
}
Event: 8302.135 GC heap before
{Heap before GC invocations=801 (full 778):
 garbage-first heap   total reserved 1048576K, committed 80896K, used 40860K [0x00000000c0000000, 0x0000000100000000)
  region size 1024K, 1 young (1024K), 0 survivors (0K)
 Metaspace       used 64442K, committed 65152K, reserved 1114112K
  class space    used 7797K, committed 8064K, reserved 1048576K
}

