# JRE version: OpenJDK Runtime Environment Temurin-22.0.2+9 (22.0.2+9) (build 22.0.2+9)
# Java VM: OpenJDK 64-Bit Server VM Temurin-22.0.2+9 (22.0.2+9, mixed mode, emulated-client, tiered, compressed oops, compressed class ptrs, g1 gc, windows-amd64)
GC Precious Log:
 CardTable entry size: 512
 Card Set container configuration: InlinePtr #cards 5 size 8 Array Of Cards #cards 12 size 40 Howl #buckets 4 coarsen threshold 1843 Howl Bitmap #cards 512 size 80 coarsen threshold 460 Card regions per heap region 1 cards per card region 2048
 CPUs: 8 total, 8 available
 Memory: 3987M
 Large Page Support: Disabled
 NUMA Support: Disabled
 Compressed Oops: Enabled (32-bit)
 Heap Region Size: 1M
 Heap Min Capacity: 8M
 Heap Initial Capacity: 64M
 Heap Max Capacity: 1G
 Pre-touch: Disabled
 Parallel Workers: 8
 Concurrent Workers: 2
 Concurrent Refinement Workers: 8
 Periodic GC: Disabled
Heap:
 garbage-first heap   total reserved 1048576K, committed 81920K, used 41136K [0x00000000c0000000, 0x0000000100000000)
  region size 1024K, 1 young (1024K), 0 survivors (0K)
 Metaspace       used 63549K, committed 64704K, reserved 1114112K
  class space    used 7639K, committed 8064K, reserved 1048576K
GC Heap History (20 events):
Event: 393.543 GC heap after
{Heap after GC invocations=51 (full 35):
 garbage-first heap   total reserved 1048576K, committed 81920K, used 41136K [0x00000000c0000000, 0x0000000100000000)
  region size 1024K, 0 young (0K), 0 survivors (0K)
 Metaspace       used 63549K, committed 64704K, reserved 1114112K
  class space    used 7639K, committed 8064K, reserved 1048576K
}
Event: 403.631 GC heap before
{Heap before GC invocations=51 (full 35):
 garbage-first heap   total reserved 1048576K, committed 81920K, used 41136K [0x00000000c0000000, 0x0000000100000000)
  region size 1024K, 1 young (1024K), 0 survivors (0K)
 Metaspace       used 63549K, committed 64704K, reserved 1114112K
  class space    used 7639K, committed 8064K, reserved 1048576K
}
Event: 403.664 GC heap after
{Heap after GC invocations=52 (full 36):
 garbage-first heap   total reserved 1048576K, committed 81920K, used 41136K [0x00000000c0000000, 0x0000000100000000)
  region size 1024K, 0 young (0K), 0 survivors (0K)
 Metaspace       used 63549K, committed 64704K, reserved 1114112K
  class space    used 7639K, committed 8064K, reserved 1048576K
}
Event: 413.779 GC heap before
{Heap before GC invocations=52 (full 36):
 garbage-first heap   total reserved 1048576K, committed 81920K, used 41136K [0x00000000c0000000, 0x0000000100000000)
  region size 1024K, 1 young (1024K), 0 survivors (0K)
 Metaspace       used 63549K, committed 64704K, reserved 1114112K
  class space    used 7639K, committed 8064K, reserved 1048576K
}
Event: 413.806 GC heap after
{Heap after GC invocations=53 (full 37):
 garbage-first heap   total reserved 1048576K, committed 81920K, used 41136K [0x00000000c0000000, 0x0000000100000000)
  region size 1024K, 0 young (0K), 0 survivors (0K)
 Metaspace       used 63549K, committed 64704K, reserved 1114112K
  class space    used 7639K, committed 8064K, reserved 1048576K
}
Event: 423.938 GC heap before
{Heap before GC invocations=53 (full 37):
 garbage-first heap   total reserved 1048576K, committed 81920K, used 41136K [0x00000000c0000000, 0x0000000100000000)
  region size 1024K, 1 young (1024K), 0 survivors (0K)
 Metaspace       used 63549K, committed 64704K, reserved 1114112K
  class space    used 7639K, committed 8064K, reserved 1048576K
}
Event: 423.996 GC heap after
{Heap after GC invocations=54 (full 38):
 garbage-first heap   total reserved 1048576K, committed 81920K, used 41136K [0x00000000c0000000, 0x0000000100000000)
  region size 1024K, 0 young (0K), 0 survivors (0K)
 Metaspace       used 63549K, committed 64704K, reserved 1114112K
  class space    used 7639K, committed 8064K, reserved 1048576K
}
Event: 434.098 GC heap before
{Heap before GC invocations=54 (full 38):
 garbage-first heap   total reserved 1048576K, committed 81920K, used 41136K [0x00000000c0000000, 0x0000000100000000)
  region size 1024K, 1 young (1024K), 0 survivors (0K)
 Metaspace       used 63549K, committed 64704K, reserved 1114112K
  class space    used 7639K, committed 8064K, reserved 1048576K
}
Event: 434.129 GC heap after
{Heap after GC invocations=55 (full 39):
 garbage-first heap   total reserved 1048576K, committed 81920K, used 41136K [0x00000000c0000000, 0x0000000100000000)
  region size 1024K, 0 young (0K), 0 survivors (0K)
 Metaspace       used 63549K, committed 64704K, reserved 1114112K
  class space    used 7639K, committed 8064K, reserved 1048576K
}
Event: 444.297 GC heap before
{Heap before GC invocations=55 (full 39):
 garbage-first heap   total reserved 1048576K, committed 81920K, used 41136K [0x00000000c0000000, 0x0000000100000000)
  region size 1024K, 1 young (1024K), 0 survivors (0K)
 Metaspace       used 63549K, committed 64704K, reserved 1114112K
  class space    used 7639K, committed 8064K, reserved 1048576K
}
Event: 444.337 GC heap after
{Heap after GC invocations=56 (full 40):
 garbage-first heap   total reserved 1048576K, committed 81920K, used 41136K [0x00000000c0000000, 0x0000000100000000)
  region size 1024K, 0 young (0K), 0 survivors (0K)
 Metaspace       used 63549K, committed 64704K, reserved 1114112K
  class space    used 7639K, committed 8064K, reserved 1048576K
}
Event: 454.505 GC heap before
{Heap before GC invocations=56 (full 40):
 garbage-first heap   total reserved 1048576K, committed 81920K, used 41136K [0x00000000c0000000, 0x0000000100000000)
  region size 1024K, 1 young (1024K), 0 survivors (0K)
 Metaspace       used 63549K, committed 64704K, reserved 1114112K
  class space    used 7639K, committed 8064K, reserved 1048576K
}
Event: 454.568 GC heap after
{Heap after GC invocations=57 (full 41):
 garbage-first heap   total reserved 1048576K, committed 81920K, used 41136K [0x00000000c0000000, 0x0000000100000000)
  region size 1024K, 0 young (0K), 0 survivors (0K)
 Metaspace       used 63549K, committed 64704K, reserved 1114112K
  class space    used 7639K, committed 8064K, reserved 1048576K
}
Event: 464.717 GC heap before
{Heap before GC invocations=57 (full 41):
 garbage-first heap   total reserved 1048576K, committed 81920K, used 41136K [0x00000000c0000000, 0x0000000100000000)
  region size 1024K, 1 young (1024K), 0 survivors (0K)
 Metaspace       used 63549K, committed 64704K, reserved 1114112K
  class space    used 7639K, committed 8064K, reserved 1048576K
}
Event: 464.742 GC heap after
{Heap after GC invocations=58 (full 42):
 garbage-first heap   total reserved 1048576K, committed 81920K, used 41136K [0x00000000c0000000, 0x0000000100000000)
  region size 1024K, 0 young (0K), 0 survivors (0K)
 Metaspace       used 63549K, committed 64704K, reserved 1114112K
  class space    used 7639K, committed 8064K, reserved 1048576K
}
Event: 474.829 GC heap before
{Heap before GC invocations=58 (full 42):
 garbage-first heap   total reserved 1048576K, committed 81920K, used 41136K [0x00000000c0000000, 0x0000000100000000)
  region size 1024K, 1 young (1024K), 0 survivors (0K)
 Metaspace       used 63549K, committed 64704K, reserved 1114112K
  class space    used 7639K, committed 8064K, reserved 1048576K
}
Event: 474.864 GC heap after
{Heap after GC invocations=59 (full 43):
 garbage-first heap   total reserved 1048576K, committed 81920K, used 41136K [0x00000000c0000000, 0x0000000100000000)
  region size 1024K, 0 young (0K), 0 survivors (0K)
 Metaspace       used 63549K, committed 64704K, reserved 1114112K
  class space    used 7639K, committed 8064K, reserved 1048576K
}
Event: 484.951 GC heap before
{Heap before GC invocations=59 (full 43):
 garbage-first heap   total reserved 1048576K, committed 81920K, used 41136K [0x00000000c0000000, 0x0000000100000000)
  region size 1024K, 1 young (1024K), 0 survivors (0K)
 Metaspace       used 63549K, committed 64704K, reserved 1114112K
  class space    used 7639K, committed 8064K, reserved 1048576K
}
Event: 484.974 GC heap after
{Heap after GC invocations=60 (full 44):
 garbage-first heap   total reserved 1048576K, committed 81920K, used 41136K [0x00000000c0000000, 0x0000000100000000)
  region size 1024K, 0 young (0K), 0 survivors (0K)
 Metaspace       used 63549K, committed 64704K, reserved 1114112K
  class space    used 7639K, committed 8064K, reserved 1048576K
}
Event: 495.921 GC heap before
{Heap before GC invocations=60 (full 44):
 garbage-first heap   total reserved 1048576K, committed 81920K, used 41136K [0x00000000c0000000, 0x0000000100000000)
  region size 1024K, 1 young (1024K), 0 survivors (0K)
 Metaspace       used 63549K, committed 64704K, reserved 1114112K
  class space    used 7639K, committed 8064K, reserved 1048576K
}

