# JRE version: OpenJDK Runtime Environment Temurin-22.0.2+9 (22.0.2+9) (build 22.0.2+9)
# Java VM: OpenJDK 64-Bit Server VM Temurin-22.0.2+9 (22.0.2+9, mixed mode, emulated-client, tiered, compressed oops, compressed class ptrs, g1 gc, windows-amd64)
GC Precious Log:
 CardTable entry size: 512
 Card Set container configuration: InlinePtr #cards 5 size 8 Array Of Cards #cards 12 size 40 Howl #buckets 4 coarsen threshold 1843 Howl Bitmap #cards 512 size 80 coarsen threshold 460 Card regions per heap region 1 cards per card region 2048
 CPUs: 8 total, 8 available
 Memory: 3987M
 Large Page Support: Disabled
 NUMA Support: Disabled
 Compressed Oops: Enabled (32-bit)
 Heap Region Size: 1M
 Heap Min Capacity: 8M
 Heap Initial Capacity: 64M
 Heap Max Capacity: 1G
 Pre-touch: Disabled
 Parallel Workers: 8
 Concurrent Workers: 2
 Concurrent Refinement Workers: 8
 Periodic GC: Disabled
Heap:
 garbage-first heap   total reserved 1048576K, committed 78848K, used 27888K [0x00000000c0000000, 0x0000000100000000)
  region size 1024K, 1 young (1024K), 0 survivors (0K)
 Metaspace       used 44784K, committed 45632K, reserved 1114112K
  class space    used 5489K, committed 5824K, reserved 1048576K
GC Heap History (20 events):
Event: 89919.418 GC heap after
{Heap after GC invocations=2728 (full 2718):
 garbage-first heap   total reserved 1048576K, committed 78848K, used 27888K [0x00000000c0000000, 0x0000000100000000)
  region size 1024K, 0 young (0K), 0 survivors (0K)
 Metaspace       used 44784K, committed 45632K, reserved 1114112K
  class space    used 5489K, committed 5824K, reserved 1048576K
}
Event: 89929.619 GC heap before
{Heap before GC invocations=2728 (full 2718):
 garbage-first heap   total reserved 1048576K, committed 78848K, used 27888K [0x00000000c0000000, 0x0000000100000000)
  region size 1024K, 1 young (1024K), 0 survivors (0K)
 Metaspace       used 44784K, committed 45632K, reserved 1114112K
  class space    used 5489K, committed 5824K, reserved 1048576K
}
Event: 89929.683 GC heap after
{Heap after GC invocations=2729 (full 2719):
 garbage-first heap   total reserved 1048576K, committed 78848K, used 27888K [0x00000000c0000000, 0x0000000100000000)
  region size 1024K, 0 young (0K), 0 survivors (0K)
 Metaspace       used 44784K, committed 45632K, reserved 1114112K
  class space    used 5489K, committed 5824K, reserved 1048576K
}
Event: 89939.844 GC heap before
{Heap before GC invocations=2729 (full 2719):
 garbage-first heap   total reserved 1048576K, committed 78848K, used 27888K [0x00000000c0000000, 0x0000000100000000)
  region size 1024K, 1 young (1024K), 0 survivors (0K)
 Metaspace       used 44784K, committed 45632K, reserved 1114112K
  class space    used 5489K, committed 5824K, reserved 1048576K
}
Event: 89939.916 GC heap after
{Heap after GC invocations=2730 (full 2720):
 garbage-first heap   total reserved 1048576K, committed 78848K, used 27888K [0x00000000c0000000, 0x0000000100000000)
  region size 1024K, 0 young (0K), 0 survivors (0K)
 Metaspace       used 44784K, committed 45632K, reserved 1114112K
  class space    used 5489K, committed 5824K, reserved 1048576K
}
Event: 89950.154 GC heap before
{Heap before GC invocations=2730 (full 2720):
 garbage-first heap   total reserved 1048576K, committed 78848K, used 27888K [0x00000000c0000000, 0x0000000100000000)
  region size 1024K, 1 young (1024K), 0 survivors (0K)
 Metaspace       used 44784K, committed 45632K, reserved 1114112K
  class space    used 5489K, committed 5824K, reserved 1048576K
}
Event: 89950.234 GC heap after
{Heap after GC invocations=2731 (full 2721):
 garbage-first heap   total reserved 1048576K, committed 78848K, used 27888K [0x00000000c0000000, 0x0000000100000000)
  region size 1024K, 0 young (0K), 0 survivors (0K)
 Metaspace       used 44784K, committed 45632K, reserved 1114112K
  class space    used 5489K, committed 5824K, reserved 1048576K
}
Event: 89960.602 GC heap before
{Heap before GC invocations=2731 (full 2721):
 garbage-first heap   total reserved 1048576K, committed 78848K, used 27888K [0x00000000c0000000, 0x0000000100000000)
  region size 1024K, 1 young (1024K), 0 survivors (0K)
 Metaspace       used 44784K, committed 45632K, reserved 1114112K
  class space    used 5489K, committed 5824K, reserved 1048576K
}
Event: 89960.671 GC heap after
{Heap after GC invocations=2732 (full 2722):
 garbage-first heap   total reserved 1048576K, committed 78848K, used 27888K [0x00000000c0000000, 0x0000000100000000)
  region size 1024K, 0 young (0K), 0 survivors (0K)
 Metaspace       used 44784K, committed 45632K, reserved 1114112K
  class space    used 5489K, committed 5824K, reserved 1048576K
}
Event: 89971.740 GC heap before
{Heap before GC invocations=2732 (full 2722):
 garbage-first heap   total reserved 1048576K, committed 78848K, used 27888K [0x00000000c0000000, 0x0000000100000000)
  region size 1024K, 1 young (1024K), 0 survivors (0K)
 Metaspace       used 44784K, committed 45632K, reserved 1114112K
  class space    used 5489K, committed 5824K, reserved 1048576K
}
Event: 89971.816 GC heap after
{Heap after GC invocations=2733 (full 2723):
 garbage-first heap   total reserved 1048576K, committed 78848K, used 27888K [0x00000000c0000000, 0x0000000100000000)
  region size 1024K, 0 young (0K), 0 survivors (0K)
 Metaspace       used 44784K, committed 45632K, reserved 1114112K
  class space    used 5489K, committed 5824K, reserved 1048576K
}
Event: 89982.082 GC heap before
{Heap before GC invocations=2733 (full 2723):
 garbage-first heap   total reserved 1048576K, committed 78848K, used 27888K [0x00000000c0000000, 0x0000000100000000)
  region size 1024K, 1 young (1024K), 0 survivors (0K)
 Metaspace       used 44784K, committed 45632K, reserved 1114112K
  class space    used 5489K, committed 5824K, reserved 1048576K
}
Event: 89982.137 GC heap after
{Heap after GC invocations=2734 (full 2724):
 garbage-first heap   total reserved 1048576K, committed 78848K, used 27888K [0x00000000c0000000, 0x0000000100000000)
  region size 1024K, 0 young (0K), 0 survivors (0K)
 Metaspace       used 44784K, committed 45632K, reserved 1114112K
  class space    used 5489K, committed 5824K, reserved 1048576K
}
Event: 89992.382 GC heap before
{Heap before GC invocations=2734 (full 2724):
 garbage-first heap   total reserved 1048576K, committed 78848K, used 27888K [0x00000000c0000000, 0x0000000100000000)
  region size 1024K, 1 young (1024K), 0 survivors (0K)
 Metaspace       used 44784K, committed 45632K, reserved 1114112K
  class space    used 5489K, committed 5824K, reserved 1048576K
}
Event: 89992.454 GC heap after
{Heap after GC invocations=2735 (full 2725):
 garbage-first heap   total reserved 1048576K, committed 78848K, used 27888K [0x00000000c0000000, 0x0000000100000000)
  region size 1024K, 0 young (0K), 0 survivors (0K)
 Metaspace       used 44784K, committed 45632K, reserved 1114112K
  class space    used 5489K, committed 5824K, reserved 1048576K
}
Event: 90002.694 GC heap before
{Heap before GC invocations=2735 (full 2725):
 garbage-first heap   total reserved 1048576K, committed 78848K, used 27888K [0x00000000c0000000, 0x0000000100000000)
  region size 1024K, 1 young (1024K), 0 survivors (0K)
 Metaspace       used 44784K, committed 45632K, reserved 1114112K
  class space    used 5489K, committed 5824K, reserved 1048576K
}
Event: 90002.781 GC heap after
{Heap after GC invocations=2736 (full 2726):
 garbage-first heap   total reserved 1048576K, committed 78848K, used 27888K [0x00000000c0000000, 0x0000000100000000)
  region size 1024K, 0 young (0K), 0 survivors (0K)
 Metaspace       used 44784K, committed 45632K, reserved 1114112K
  class space    used 5489K, committed 5824K, reserved 1048576K
}
Event: 90013.027 GC heap before
{Heap before GC invocations=2736 (full 2726):
 garbage-first heap   total reserved 1048576K, committed 78848K, used 27888K [0x00000000c0000000, 0x0000000100000000)
  region size 1024K, 1 young (1024K), 0 survivors (0K)
 Metaspace       used 44784K, committed 45632K, reserved 1114112K
  class space    used 5489K, committed 5824K, reserved 1048576K
}
Event: 90013.110 GC heap after
{Heap after GC invocations=2737 (full 2727):
 garbage-first heap   total reserved 1048576K, committed 78848K, used 27888K [0x00000000c0000000, 0x0000000100000000)
  region size 1024K, 0 young (0K), 0 survivors (0K)
 Metaspace       used 44784K, committed 45632K, reserved 1114112K
  class space    used 5489K, committed 5824K, reserved 1048576K
}
Event: 90023.351 GC heap before
{Heap before GC invocations=2737 (full 2727):
 garbage-first heap   total reserved 1048576K, committed 78848K, used 27888K [0x00000000c0000000, 0x0000000100000000)
  region size 1024K, 1 young (1024K), 0 survivors (0K)
 Metaspace       used 44784K, committed 45632K, reserved 1114112K
  class space    used 5489K, committed 5824K, reserved 1048576K
}

