# JRE version: OpenJDK Runtime Environment Temurin-22.0.2+9 (22.0.2+9) (build 22.0.2+9)
# Java VM: OpenJDK 64-Bit Server VM Temurin-22.0.2+9 (22.0.2+9, mixed mode, emulated-client, tiered, compressed oops, compressed class ptrs, g1 gc, windows-amd64)
GC Precious Log:
 CardTable entry size: 512
 Card Set container configuration: InlinePtr #cards 5 size 8 Array Of Cards #cards 12 size 40 Howl #buckets 4 coarsen threshold 1843 Howl Bitmap #cards 512 size 80 coarsen threshold 460 Card regions per heap region 1 cards per card region 2048
 CPUs: 8 total, 8 available
 Memory: 3987M
 Large Page Support: Disabled
 NUMA Support: Disabled
 Compressed Oops: Enabled (32-bit)
 Heap Region Size: 1M
 Heap Min Capacity: 8M
 Heap Initial Capacity: 64M
 Heap Max Capacity: 1G
 Pre-touch: Disabled
 Parallel Workers: 8
 Concurrent Workers: 2
 Concurrent Refinement Workers: 8
 Periodic GC: Disabled
Heap:
 garbage-first heap   total reserved 1048576K, committed 79872K, used 27745K [0x00000000c0000000, 0x0000000100000000)
  region size 1024K, 1 young (1024K), 0 survivors (0K)
 Metaspace       used 44769K, committed 45760K, reserved 1114112K
  class space    used 5465K, committed 5824K, reserved 1048576K
GC Heap History (20 events):
Event: 621.063 GC heap after
{Heap after GC invocations=60 (full 49):
 garbage-first heap   total reserved 1048576K, committed 79872K, used 27745K [0x00000000c0000000, 0x0000000100000000)
  region size 1024K, 0 young (0K), 0 survivors (0K)
 Metaspace       used 44769K, committed 45760K, reserved 1114112K
  class space    used 5465K, committed 5824K, reserved 1048576K
}
Event: 631.215 GC heap before
{Heap before GC invocations=60 (full 49):
 garbage-first heap   total reserved 1048576K, committed 79872K, used 27745K [0x00000000c0000000, 0x0000000100000000)
  region size 1024K, 1 young (1024K), 0 survivors (0K)
 Metaspace       used 44769K, committed 45760K, reserved 1114112K
  class space    used 5465K, committed 5824K, reserved 1048576K
}
Event: 631.255 GC heap after
{Heap after GC invocations=61 (full 50):
 garbage-first heap   total reserved 1048576K, committed 79872K, used 27745K [0x00000000c0000000, 0x0000000100000000)
  region size 1024K, 0 young (0K), 0 survivors (0K)
 Metaspace       used 44769K, committed 45760K, reserved 1114112K
  class space    used 5465K, committed 5824K, reserved 1048576K
}
Event: 641.370 GC heap before
{Heap before GC invocations=61 (full 50):
 garbage-first heap   total reserved 1048576K, committed 79872K, used 27745K [0x00000000c0000000, 0x0000000100000000)
  region size 1024K, 1 young (1024K), 0 survivors (0K)
 Metaspace       used 44769K, committed 45760K, reserved 1114112K
  class space    used 5465K, committed 5824K, reserved 1048576K
}
Event: 641.410 GC heap after
{Heap after GC invocations=62 (full 51):
 garbage-first heap   total reserved 1048576K, committed 79872K, used 27745K [0x00000000c0000000, 0x0000000100000000)
  region size 1024K, 0 young (0K), 0 survivors (0K)
 Metaspace       used 44769K, committed 45760K, reserved 1114112K
  class space    used 5465K, committed 5824K, reserved 1048576K
}
Event: 651.855 GC heap before
{Heap before GC invocations=62 (full 51):
 garbage-first heap   total reserved 1048576K, committed 79872K, used 27745K [0x00000000c0000000, 0x0000000100000000)
  region size 1024K, 1 young (1024K), 0 survivors (0K)
 Metaspace       used 44769K, committed 45760K, reserved 1114112K
  class space    used 5465K, committed 5824K, reserved 1048576K
}
Event: 651.899 GC heap after
{Heap after GC invocations=63 (full 52):
 garbage-first heap   total reserved 1048576K, committed 79872K, used 27745K [0x00000000c0000000, 0x0000000100000000)
  region size 1024K, 0 young (0K), 0 survivors (0K)
 Metaspace       used 44769K, committed 45760K, reserved 1114112K
  class space    used 5465K, committed 5824K, reserved 1048576K
}
Event: 664.060 GC heap before
{Heap before GC invocations=63 (full 52):
 garbage-first heap   total reserved 1048576K, committed 79872K, used 27745K [0x00000000c0000000, 0x0000000100000000)
  region size 1024K, 1 young (1024K), 0 survivors (0K)
 Metaspace       used 44769K, committed 45760K, reserved 1114112K
  class space    used 5465K, committed 5824K, reserved 1048576K
}
Event: 664.431 GC heap after
{Heap after GC invocations=64 (full 53):
 garbage-first heap   total reserved 1048576K, committed 79872K, used 27745K [0x00000000c0000000, 0x0000000100000000)
  region size 1024K, 0 young (0K), 0 survivors (0K)
 Metaspace       used 44769K, committed 45760K, reserved 1114112K
  class space    used 5465K, committed 5824K, reserved 1048576K
}
Event: 675.260 GC heap before
{Heap before GC invocations=64 (full 53):
 garbage-first heap   total reserved 1048576K, committed 79872K, used 27745K [0x00000000c0000000, 0x0000000100000000)
  region size 1024K, 1 young (1024K), 0 survivors (0K)
 Metaspace       used 44769K, committed 45760K, reserved 1114112K
  class space    used 5465K, committed 5824K, reserved 1048576K
}
Event: 675.315 GC heap after
{Heap after GC invocations=65 (full 54):
 garbage-first heap   total reserved 1048576K, committed 79872K, used 27745K [0x00000000c0000000, 0x0000000100000000)
  region size 1024K, 0 young (0K), 0 survivors (0K)
 Metaspace       used 44769K, committed 45760K, reserved 1114112K
  class space    used 5465K, committed 5824K, reserved 1048576K
}
Event: 685.408 GC heap before
{Heap before GC invocations=65 (full 54):
 garbage-first heap   total reserved 1048576K, committed 79872K, used 27745K [0x00000000c0000000, 0x0000000100000000)
  region size 1024K, 1 young (1024K), 0 survivors (0K)
 Metaspace       used 44769K, committed 45760K, reserved 1114112K
  class space    used 5465K, committed 5824K, reserved 1048576K
}
Event: 685.516 GC heap after
{Heap after GC invocations=66 (full 55):
 garbage-first heap   total reserved 1048576K, committed 79872K, used 27745K [0x00000000c0000000, 0x0000000100000000)
  region size 1024K, 0 young (0K), 0 survivors (0K)
 Metaspace       used 44769K, committed 45760K, reserved 1114112K
  class space    used 5465K, committed 5824K, reserved 1048576K
}
Event: 695.615 GC heap before
{Heap before GC invocations=66 (full 55):
 garbage-first heap   total reserved 1048576K, committed 79872K, used 27745K [0x00000000c0000000, 0x0000000100000000)
  region size 1024K, 1 young (1024K), 0 survivors (0K)
 Metaspace       used 44769K, committed 45760K, reserved 1114112K
  class space    used 5465K, committed 5824K, reserved 1048576K
}
Event: 695.641 GC heap after
{Heap after GC invocations=67 (full 56):
 garbage-first heap   total reserved 1048576K, committed 79872K, used 27745K [0x00000000c0000000, 0x0000000100000000)
  region size 1024K, 0 young (0K), 0 survivors (0K)
 Metaspace       used 44769K, committed 45760K, reserved 1114112K
  class space    used 5465K, committed 5824K, reserved 1048576K
}
Event: 705.707 GC heap before
{Heap before GC invocations=67 (full 56):
 garbage-first heap   total reserved 1048576K, committed 79872K, used 27745K [0x00000000c0000000, 0x0000000100000000)
  region size 1024K, 1 young (1024K), 0 survivors (0K)
 Metaspace       used 44769K, committed 45760K, reserved 1114112K
  class space    used 5465K, committed 5824K, reserved 1048576K
}
Event: 705.724 GC heap after
{Heap after GC invocations=68 (full 57):
 garbage-first heap   total reserved 1048576K, committed 79872K, used 27745K [0x00000000c0000000, 0x0000000100000000)
  region size 1024K, 0 young (0K), 0 survivors (0K)
 Metaspace       used 44769K, committed 45760K, reserved 1114112K
  class space    used 5465K, committed 5824K, reserved 1048576K
}
Event: 715.807 GC heap before
{Heap before GC invocations=68 (full 57):
 garbage-first heap   total reserved 1048576K, committed 79872K, used 27745K [0x00000000c0000000, 0x0000000100000000)
  region size 1024K, 1 young (1024K), 0 survivors (0K)
 Metaspace       used 44769K, committed 45760K, reserved 1114112K
  class space    used 5465K, committed 5824K, reserved 1048576K
}
Event: 715.830 GC heap after
{Heap after GC invocations=69 (full 58):
 garbage-first heap   total reserved 1048576K, committed 79872K, used 27745K [0x00000000c0000000, 0x0000000100000000)
  region size 1024K, 0 young (0K), 0 survivors (0K)
 Metaspace       used 44769K, committed 45760K, reserved 1114112K
  class space    used 5465K, committed 5824K, reserved 1048576K
}
Event: 726.005 GC heap before
{Heap before GC invocations=69 (full 58):
 garbage-first heap   total reserved 1048576K, committed 79872K, used 27745K [0x00000000c0000000, 0x0000000100000000)
  region size 1024K, 1 young (1024K), 0 survivors (0K)
 Metaspace       used 44769K, committed 45760K, reserved 1114112K
  class space    used 5465K, committed 5824K, reserved 1048576K
}

