# JRE version: OpenJDK Runtime Environment Temurin-22.0.2+9 (22.0.2+9) (build 22.0.2+9)
# Java VM: OpenJDK 64-Bit Server VM Temurin-22.0.2+9 (22.0.2+9, mixed mode, emulated-client, tiered, compressed oops, compressed class ptrs, g1 gc, windows-amd64)
GC Precious Log:
 CardTable entry size: 512
 Card Set container configuration: InlinePtr #cards 5 size 8 Array Of Cards #cards 12 size 40 Howl #buckets 4 coarsen threshold 1843 Howl Bitmap #cards 512 size 80 coarsen threshold 460 Card regions per heap region 1 cards per card region 2048
 CPUs: 8 total, 8 available
 Memory: 3987M
 Large Page Support: Disabled
 NUMA Support: Disabled
 Compressed Oops: Enabled (32-bit)
 Heap Region Size: 1M
 Heap Min Capacity: 8M
 Heap Initial Capacity: 64M
 Heap Max Capacity: 1G
 Pre-touch: Disabled
 Parallel Workers: 8
 Concurrent Workers: 2
 Concurrent Refinement Workers: 8
 Periodic GC: Disabled
Heap:
 garbage-first heap   total reserved 1048576K, committed 78848K, used 40974K [0x00000000c0000000, 0x0000000100000000)
  region size 1024K, 1 young (1024K), 0 survivors (0K)
 Metaspace       used 63599K, committed 64320K, reserved 1114112K
  class space    used 7678K, committed 7936K, reserved 1048576K
GC Heap History (20 events):
Event: 66.962 GC heap after
{Heap after GC invocations=13 (full 1):
 garbage-first heap   total reserved 1048576K, committed 78848K, used 35252K [0x00000000c0000000, 0x0000000100000000)
  region size 1024K, 0 young (0K), 0 survivors (0K)
 Metaspace       used 54374K, committed 55104K, reserved 1114112K
  class space    used 6832K, committed 7168K, reserved 1048576K
}
Event: 75.989 GC heap before
{Heap before GC invocations=13 (full 1):
 garbage-first heap   total reserved 1048576K, committed 78848K, used 62900K [0x00000000c0000000, 0x0000000100000000)
  region size 1024K, 28 young (28672K), 0 survivors (0K)
 Metaspace       used 57958K, committed 58624K, reserved 1114112K
  class space    used 7144K, committed 7424K, reserved 1048576K
}
Event: 76.002 GC heap after
{Heap after GC invocations=14 (full 1):
 garbage-first heap   total reserved 1048576K, committed 78848K, used 39466K [0x00000000c0000000, 0x0000000100000000)
  region size 1024K, 4 young (4096K), 4 survivors (4096K)
 Metaspace       used 57958K, committed 58624K, reserved 1114112K
  class space    used 7144K, committed 7424K, reserved 1048576K
}
Event: 77.530 GC heap before
{Heap before GC invocations=15 (full 1):
 garbage-first heap   total reserved 1048576K, committed 78848K, used 65066K [0x00000000c0000000, 0x0000000100000000)
  region size 1024K, 28 young (28672K), 4 survivors (4096K)
 Metaspace       used 61198K, committed 61760K, reserved 1114112K
  class space    used 7422K, committed 7680K, reserved 1048576K
}
Event: 77.548 GC heap after
{Heap after GC invocations=16 (full 1):
 garbage-first heap   total reserved 1048576K, committed 78848K, used 45630K [0x00000000c0000000, 0x0000000100000000)
  region size 1024K, 4 young (4096K), 4 survivors (4096K)
 Metaspace       used 61198K, committed 61760K, reserved 1114112K
  class space    used 7422K, committed 7680K, reserved 1048576K
}
Event: 78.170 GC heap before
{Heap before GC invocations=16 (full 1):
 garbage-first heap   total reserved 1048576K, committed 78848K, used 65086K [0x00000000c0000000, 0x0000000100000000)
  region size 1024K, 24 young (24576K), 4 survivors (4096K)
 Metaspace       used 63559K, committed 64192K, reserved 1114112K
  class space    used 7688K, committed 7936K, reserved 1048576K
}
Event: 78.180 GC heap after
{Heap after GC invocations=17 (full 1):
 garbage-first heap   total reserved 1048576K, committed 78848K, used 47083K [0x00000000c0000000, 0x0000000100000000)
  region size 1024K, 2 young (2048K), 2 survivors (2048K)
 Metaspace       used 63559K, committed 64192K, reserved 1114112K
  class space    used 7688K, committed 7936K, reserved 1048576K
}
Event: 117.663 GC heap before
{Heap before GC invocations=17 (full 1):
 garbage-first heap   total reserved 1048576K, committed 78848K, used 48107K [0x00000000c0000000, 0x0000000100000000)
  region size 1024K, 4 young (4096K), 2 survivors (2048K)
 Metaspace       used 63722K, committed 64320K, reserved 1114112K
  class space    used 7712K, committed 7936K, reserved 1048576K
}
Event: 118.089 GC heap after
{Heap after GC invocations=18 (full 2):
 garbage-first heap   total reserved 1048576K, committed 78848K, used 43211K [0x00000000c0000000, 0x0000000100000000)
  region size 1024K, 0 young (0K), 0 survivors (0K)
 Metaspace       used 63722K, committed 64320K, reserved 1114112K
  class space    used 7712K, committed 7936K, reserved 1048576K
}
Event: 128.141 GC heap before
{Heap before GC invocations=18 (full 2):
 garbage-first heap   total reserved 1048576K, committed 78848K, used 43211K [0x00000000c0000000, 0x0000000100000000)
  region size 1024K, 1 young (1024K), 0 survivors (0K)
 Metaspace       used 63722K, committed 64320K, reserved 1114112K
  class space    used 7712K, committed 7936K, reserved 1048576K
}
Event: 128.545 GC heap after
{Heap after GC invocations=19 (full 3):
 garbage-first heap   total reserved 1048576K, committed 78848K, used 40974K [0x00000000c0000000, 0x0000000100000000)
  region size 1024K, 0 young (0K), 0 survivors (0K)
 Metaspace       used 63599K, committed 64320K, reserved 1114112K
  class space    used 7678K, committed 7936K, reserved 1048576K
}
Event: 138.813 GC heap before
{Heap before GC invocations=19 (full 3):
 garbage-first heap   total reserved 1048576K, committed 78848K, used 40974K [0x00000000c0000000, 0x0000000100000000)
  region size 1024K, 1 young (1024K), 0 survivors (0K)
 Metaspace       used 63599K, committed 64320K, reserved 1114112K
  class space    used 7678K, committed 7936K, reserved 1048576K
}
Event: 139.209 GC heap after
{Heap after GC invocations=20 (full 4):
 garbage-first heap   total reserved 1048576K, committed 78848K, used 40974K [0x00000000c0000000, 0x0000000100000000)
  region size 1024K, 0 young (0K), 0 survivors (0K)
 Metaspace       used 63599K, committed 64320K, reserved 1114112K
  class space    used 7678K, committed 7936K, reserved 1048576K
}
Event: 149.293 GC heap before
{Heap before GC invocations=20 (full 4):
 garbage-first heap   total reserved 1048576K, committed 78848K, used 40974K [0x00000000c0000000, 0x0000000100000000)
  region size 1024K, 1 young (1024K), 0 survivors (0K)
 Metaspace       used 63599K, committed 64320K, reserved 1114112K
  class space    used 7678K, committed 7936K, reserved 1048576K
}
Event: 149.330 GC heap after
{Heap after GC invocations=21 (full 5):
 garbage-first heap   total reserved 1048576K, committed 78848K, used 40974K [0x00000000c0000000, 0x0000000100000000)
  region size 1024K, 0 young (0K), 0 survivors (0K)
 Metaspace       used 63599K, committed 64320K, reserved 1114112K
  class space    used 7678K, committed 7936K, reserved 1048576K
}
Event: 159.555 GC heap before
{Heap before GC invocations=21 (full 5):
 garbage-first heap   total reserved 1048576K, committed 78848K, used 40974K [0x00000000c0000000, 0x0000000100000000)
  region size 1024K, 1 young (1024K), 0 survivors (0K)
 Metaspace       used 63599K, committed 64320K, reserved 1114112K
  class space    used 7678K, committed 7936K, reserved 1048576K
}
Event: 159.635 GC heap after
{Heap after GC invocations=22 (full 6):
 garbage-first heap   total reserved 1048576K, committed 78848K, used 40974K [0x00000000c0000000, 0x0000000100000000)
  region size 1024K, 0 young (0K), 0 survivors (0K)
 Metaspace       used 63599K, committed 64320K, reserved 1114112K
  class space    used 7678K, committed 7936K, reserved 1048576K
}
Event: 169.848 GC heap before
{Heap before GC invocations=22 (full 6):
 garbage-first heap   total reserved 1048576K, committed 78848K, used 40974K [0x00000000c0000000, 0x0000000100000000)
  region size 1024K, 1 young (1024K), 0 survivors (0K)
 Metaspace       used 63599K, committed 64320K, reserved 1114112K
  class space    used 7678K, committed 7936K, reserved 1048576K
}
Event: 169.914 GC heap after
{Heap after GC invocations=23 (full 7):
 garbage-first heap   total reserved 1048576K, committed 78848K, used 40974K [0x00000000c0000000, 0x0000000100000000)
  region size 1024K, 0 young (0K), 0 survivors (0K)
 Metaspace       used 63599K, committed 64320K, reserved 1114112K
  class space    used 7678K, committed 7936K, reserved 1048576K
}
Event: 179.992 GC heap before
{Heap before GC invocations=23 (full 7):
 garbage-first heap   total reserved 1048576K, committed 78848K, used 40974K [0x00000000c0000000, 0x0000000100000000)
  region size 1024K, 1 young (1024K), 0 survivors (0K)
 Metaspace       used 63599K, committed 64320K, reserved 1114112K
  class space    used 7678K, committed 7936K, reserved 1048576K
}

