# JRE version: OpenJDK Runtime Environment Temurin-22.0.2+9 (22.0.2+9) (build 22.0.2+9)
# Java VM: OpenJDK 64-Bit Server VM Temurin-22.0.2+9 (22.0.2+9, mixed mode, emulated-client, tiered, compressed oops, compressed class ptrs, g1 gc, windows-amd64)
GC Precious Log:
 CardTable entry size: 512
 Card Set container configuration: InlinePtr #cards 5 size 8 Array Of Cards #cards 12 size 40 Howl #buckets 4 coarsen threshold 1843 Howl Bitmap #cards 512 size 80 coarsen threshold 460 Card regions per heap region 1 cards per card region 2048
 CPUs: 8 total, 8 available
 Memory: 3987M
 Large Page Support: Disabled
 NUMA Support: Disabled
 Compressed Oops: Enabled (32-bit)
 Heap Region Size: 1M
 Heap Min Capacity: 8M
 Heap Initial Capacity: 64M
 Heap Max Capacity: 1G
 Pre-touch: Disabled
 Parallel Workers: 8
 Concurrent Workers: 2
 Concurrent Refinement Workers: 8
 Periodic GC: Disabled
Heap:
 garbage-first heap   total reserved 1048576K, committed 83968K, used 40788K [0x00000000c0000000, 0x0000000100000000)
  region size 1024K, 1 young (1024K), 0 survivors (0K)
 Metaspace       used 65734K, committed 66368K, reserved 1114112K
  class space    used 8050K, committed 8320K, reserved 1048576K
GC Heap History (20 events):
Event: 84824.529 GC heap after
{Heap after GC invocations=1648 (full 1623):
 garbage-first heap   total reserved 1048576K, committed 83968K, used 40788K [0x00000000c0000000, 0x0000000100000000)
  region size 1024K, 0 young (0K), 0 survivors (0K)
 Metaspace       used 65734K, committed 66368K, reserved 1114112K
  class space    used 8050K, committed 8320K, reserved 1048576K
}
Event: 84834.601 GC heap before
{Heap before GC invocations=1648 (full 1623):
 garbage-first heap   total reserved 1048576K, committed 83968K, used 40788K [0x00000000c0000000, 0x0000000100000000)
  region size 1024K, 1 young (1024K), 0 survivors (0K)
 Metaspace       used 65734K, committed 66368K, reserved 1114112K
  class space    used 8050K, committed 8320K, reserved 1048576K
}
Event: 84834.637 GC heap after
{Heap after GC invocations=1649 (full 1624):
 garbage-first heap   total reserved 1048576K, committed 83968K, used 40788K [0x00000000c0000000, 0x0000000100000000)
  region size 1024K, 0 young (0K), 0 survivors (0K)
 Metaspace       used 65734K, committed 66368K, reserved 1114112K
  class space    used 8050K, committed 8320K, reserved 1048576K
}
Event: 84844.706 GC heap before
{Heap before GC invocations=1649 (full 1624):
 garbage-first heap   total reserved 1048576K, committed 83968K, used 40788K [0x00000000c0000000, 0x0000000100000000)
  region size 1024K, 1 young (1024K), 0 survivors (0K)
 Metaspace       used 65734K, committed 66368K, reserved 1114112K
  class space    used 8050K, committed 8320K, reserved 1048576K
}
Event: 84844.740 GC heap after
{Heap after GC invocations=1650 (full 1625):
 garbage-first heap   total reserved 1048576K, committed 83968K, used 40788K [0x00000000c0000000, 0x0000000100000000)
  region size 1024K, 0 young (0K), 0 survivors (0K)
 Metaspace       used 65734K, committed 66368K, reserved 1114112K
  class space    used 8050K, committed 8320K, reserved 1048576K
}
Event: 84854.865 GC heap before
{Heap before GC invocations=1650 (full 1625):
 garbage-first heap   total reserved 1048576K, committed 83968K, used 40788K [0x00000000c0000000, 0x0000000100000000)
  region size 1024K, 1 young (1024K), 0 survivors (0K)
 Metaspace       used 65734K, committed 66368K, reserved 1114112K
  class space    used 8050K, committed 8320K, reserved 1048576K
}
Event: 84854.898 GC heap after
{Heap after GC invocations=1651 (full 1626):
 garbage-first heap   total reserved 1048576K, committed 83968K, used 40788K [0x00000000c0000000, 0x0000000100000000)
  region size 1024K, 0 young (0K), 0 survivors (0K)
 Metaspace       used 65734K, committed 66368K, reserved 1114112K
  class space    used 8050K, committed 8320K, reserved 1048576K
}
Event: 84864.966 GC heap before
{Heap before GC invocations=1651 (full 1626):
 garbage-first heap   total reserved 1048576K, committed 83968K, used 40788K [0x00000000c0000000, 0x0000000100000000)
  region size 1024K, 1 young (1024K), 0 survivors (0K)
 Metaspace       used 65734K, committed 66368K, reserved 1114112K
  class space    used 8050K, committed 8320K, reserved 1048576K
}
Event: 84865.011 GC heap after
{Heap after GC invocations=1652 (full 1627):
 garbage-first heap   total reserved 1048576K, committed 83968K, used 40788K [0x00000000c0000000, 0x0000000100000000)
  region size 1024K, 0 young (0K), 0 survivors (0K)
 Metaspace       used 65734K, committed 66368K, reserved 1114112K
  class space    used 8050K, committed 8320K, reserved 1048576K
}
Event: 84875.075 GC heap before
{Heap before GC invocations=1652 (full 1627):
 garbage-first heap   total reserved 1048576K, committed 83968K, used 40788K [0x00000000c0000000, 0x0000000100000000)
  region size 1024K, 1 young (1024K), 0 survivors (0K)
 Metaspace       used 65734K, committed 66368K, reserved 1114112K
  class space    used 8050K, committed 8320K, reserved 1048576K
}
Event: 84875.120 GC heap after
{Heap after GC invocations=1653 (full 1628):
 garbage-first heap   total reserved 1048576K, committed 83968K, used 40788K [0x00000000c0000000, 0x0000000100000000)
  region size 1024K, 0 young (0K), 0 survivors (0K)
 Metaspace       used 65734K, committed 66368K, reserved 1114112K
  class space    used 8050K, committed 8320K, reserved 1048576K
}
Event: 84885.205 GC heap before
{Heap before GC invocations=1653 (full 1628):
 garbage-first heap   total reserved 1048576K, committed 83968K, used 40788K [0x00000000c0000000, 0x0000000100000000)
  region size 1024K, 1 young (1024K), 0 survivors (0K)
 Metaspace       used 65734K, committed 66368K, reserved 1114112K
  class space    used 8050K, committed 8320K, reserved 1048576K
}
Event: 84885.257 GC heap after
{Heap after GC invocations=1654 (full 1629):
 garbage-first heap   total reserved 1048576K, committed 83968K, used 40788K [0x00000000c0000000, 0x0000000100000000)
  region size 1024K, 0 young (0K), 0 survivors (0K)
 Metaspace       used 65734K, committed 66368K, reserved 1114112K
  class space    used 8050K, committed 8320K, reserved 1048576K
}
Event: 84895.350 GC heap before
{Heap before GC invocations=1654 (full 1629):
 garbage-first heap   total reserved 1048576K, committed 83968K, used 40788K [0x00000000c0000000, 0x0000000100000000)
  region size 1024K, 1 young (1024K), 0 survivors (0K)
 Metaspace       used 65734K, committed 66368K, reserved 1114112K
  class space    used 8050K, committed 8320K, reserved 1048576K
}
Event: 84895.400 GC heap after
{Heap after GC invocations=1655 (full 1630):
 garbage-first heap   total reserved 1048576K, committed 83968K, used 40788K [0x00000000c0000000, 0x0000000100000000)
  region size 1024K, 0 young (0K), 0 survivors (0K)
 Metaspace       used 65734K, committed 66368K, reserved 1114112K
  class space    used 8050K, committed 8320K, reserved 1048576K
}
Event: 84905.497 GC heap before
{Heap before GC invocations=1655 (full 1630):
 garbage-first heap   total reserved 1048576K, committed 83968K, used 40788K [0x00000000c0000000, 0x0000000100000000)
  region size 1024K, 1 young (1024K), 0 survivors (0K)
 Metaspace       used 65734K, committed 66368K, reserved 1114112K
  class space    used 8050K, committed 8320K, reserved 1048576K
}
Event: 84905.540 GC heap after
{Heap after GC invocations=1656 (full 1631):
 garbage-first heap   total reserved 1048576K, committed 83968K, used 40788K [0x00000000c0000000, 0x0000000100000000)
  region size 1024K, 0 young (0K), 0 survivors (0K)
 Metaspace       used 65734K, committed 66368K, reserved 1114112K
  class space    used 8050K, committed 8320K, reserved 1048576K
}
Event: 84915.613 GC heap before
{Heap before GC invocations=1656 (full 1631):
 garbage-first heap   total reserved 1048576K, committed 83968K, used 40788K [0x00000000c0000000, 0x0000000100000000)
  region size 1024K, 1 young (1024K), 0 survivors (0K)
 Metaspace       used 65734K, committed 66368K, reserved 1114112K
  class space    used 8050K, committed 8320K, reserved 1048576K
}
Event: 84915.670 GC heap after
{Heap after GC invocations=1657 (full 1632):
 garbage-first heap   total reserved 1048576K, committed 83968K, used 40788K [0x00000000c0000000, 0x0000000100000000)
  region size 1024K, 0 young (0K), 0 survivors (0K)
 Metaspace       used 65734K, committed 66368K, reserved 1114112K
  class space    used 8050K, committed 8320K, reserved 1048576K
}
Event: 84925.747 GC heap before
{Heap before GC invocations=1657 (full 1632):
 garbage-first heap   total reserved 1048576K, committed 83968K, used 40788K [0x00000000c0000000, 0x0000000100000000)
  region size 1024K, 1 young (1024K), 0 survivors (0K)
 Metaspace       used 65734K, committed 66368K, reserved 1114112K
  class space    used 8050K, committed 8320K, reserved 1048576K
}

