# JRE version: OpenJDK Runtime Environment Temurin-22.0.2+9 (22.0.2+9) (build 22.0.2+9)
# Java VM: OpenJDK 64-Bit Server VM Temurin-22.0.2+9 (22.0.2+9, mixed mode, emulated-client, tiered, compressed oops, compressed class ptrs, g1 gc, windows-amd64)
GC Precious Log:
 CardTable entry size: 512
 Card Set container configuration: InlinePtr #cards 5 size 8 Array Of Cards #cards 12 size 40 Howl #buckets 4 coarsen threshold 1843 Howl Bitmap #cards 512 size 80 coarsen threshold 460 Card regions per heap region 1 cards per card region 2048
 CPUs: 8 total, 8 available
 Memory: 3987M
 Large Page Support: Disabled
 NUMA Support: Disabled
 Compressed Oops: Enabled (32-bit)
 Heap Region Size: 1M
 Heap Min Capacity: 8M
 Heap Initial Capacity: 64M
 Heap Max Capacity: 1G
 Pre-touch: Disabled
 Parallel Workers: 8
 Concurrent Workers: 2
 Concurrent Refinement Workers: 8
 Periodic GC: Disabled
Heap:
 garbage-first heap   total reserved 1048576K, committed 89088K, used 41165K [0x00000000c0000000, 0x0000000100000000)
  region size 1024K, 1 young (1024K), 0 survivors (0K)
 Metaspace       used 64034K, committed 64832K, reserved 1114112K
  class space    used 7731K, committed 8128K, reserved 1048576K
GC Heap History (20 events):
Event: 2173.854 GC heap after
{Heap after GC invocations=206 (full 189):
 garbage-first heap   total reserved 1048576K, committed 89088K, used 41165K [0x00000000c0000000, 0x0000000100000000)
  region size 1024K, 0 young (0K), 0 survivors (0K)
 Metaspace       used 64034K, committed 64832K, reserved 1114112K
  class space    used 7731K, committed 8128K, reserved 1048576K
}
Event: 2185.087 GC heap before
{Heap before GC invocations=206 (full 189):
 garbage-first heap   total reserved 1048576K, committed 89088K, used 41165K [0x00000000c0000000, 0x0000000100000000)
  region size 1024K, 1 young (1024K), 0 survivors (0K)
 Metaspace       used 64034K, committed 64832K, reserved 1114112K
  class space    used 7731K, committed 8128K, reserved 1048576K
}
Event: 2185.312 GC heap after
{Heap after GC invocations=207 (full 190):
 garbage-first heap   total reserved 1048576K, committed 89088K, used 41165K [0x00000000c0000000, 0x0000000100000000)
  region size 1024K, 0 young (0K), 0 survivors (0K)
 Metaspace       used 64034K, committed 64832K, reserved 1114112K
  class space    used 7731K, committed 8128K, reserved 1048576K
}
Event: 2196.566 GC heap before
{Heap before GC invocations=207 (full 190):
 garbage-first heap   total reserved 1048576K, committed 89088K, used 41165K [0x00000000c0000000, 0x0000000100000000)
  region size 1024K, 1 young (1024K), 0 survivors (0K)
 Metaspace       used 64034K, committed 64832K, reserved 1114112K
  class space    used 7731K, committed 8128K, reserved 1048576K
}
Event: 2196.983 GC heap after
{Heap after GC invocations=208 (full 191):
 garbage-first heap   total reserved 1048576K, committed 89088K, used 41165K [0x00000000c0000000, 0x0000000100000000)
  region size 1024K, 0 young (0K), 0 survivors (0K)
 Metaspace       used 64034K, committed 64832K, reserved 1114112K
  class space    used 7731K, committed 8128K, reserved 1048576K
}
Event: 2207.496 GC heap before
{Heap before GC invocations=208 (full 191):
 garbage-first heap   total reserved 1048576K, committed 89088K, used 41165K [0x00000000c0000000, 0x0000000100000000)
  region size 1024K, 1 young (1024K), 0 survivors (0K)
 Metaspace       used 64034K, committed 64832K, reserved 1114112K
  class space    used 7731K, committed 8128K, reserved 1048576K
}
Event: 2207.934 GC heap after
{Heap after GC invocations=209 (full 192):
 garbage-first heap   total reserved 1048576K, committed 89088K, used 41165K [0x00000000c0000000, 0x0000000100000000)
  region size 1024K, 0 young (0K), 0 survivors (0K)
 Metaspace       used 64034K, committed 64832K, reserved 1114112K
  class space    used 7731K, committed 8128K, reserved 1048576K
}
Event: 2218.090 GC heap before
{Heap before GC invocations=209 (full 192):
 garbage-first heap   total reserved 1048576K, committed 89088K, used 41165K [0x00000000c0000000, 0x0000000100000000)
  region size 1024K, 1 young (1024K), 0 survivors (0K)
 Metaspace       used 64034K, committed 64832K, reserved 1114112K
  class space    used 7731K, committed 8128K, reserved 1048576K
}
Event: 2218.146 GC heap after
{Heap after GC invocations=210 (full 193):
 garbage-first heap   total reserved 1048576K, committed 89088K, used 41165K [0x00000000c0000000, 0x0000000100000000)
  region size 1024K, 0 young (0K), 0 survivors (0K)
 Metaspace       used 64034K, committed 64832K, reserved 1114112K
  class space    used 7731K, committed 8128K, reserved 1048576K
}
Event: 2228.301 GC heap before
{Heap before GC invocations=210 (full 193):
 garbage-first heap   total reserved 1048576K, committed 89088K, used 41165K [0x00000000c0000000, 0x0000000100000000)
  region size 1024K, 1 young (1024K), 0 survivors (0K)
 Metaspace       used 64034K, committed 64832K, reserved 1114112K
  class space    used 7731K, committed 8128K, reserved 1048576K
}
Event: 2228.345 GC heap after
{Heap after GC invocations=211 (full 194):
 garbage-first heap   total reserved 1048576K, committed 89088K, used 41165K [0x00000000c0000000, 0x0000000100000000)
  region size 1024K, 0 young (0K), 0 survivors (0K)
 Metaspace       used 64034K, committed 64832K, reserved 1114112K
  class space    used 7731K, committed 8128K, reserved 1048576K
}
Event: 2238.855 GC heap before
{Heap before GC invocations=211 (full 194):
 garbage-first heap   total reserved 1048576K, committed 89088K, used 41165K [0x00000000c0000000, 0x0000000100000000)
  region size 1024K, 1 young (1024K), 0 survivors (0K)
 Metaspace       used 64034K, committed 64832K, reserved 1114112K
  class space    used 7731K, committed 8128K, reserved 1048576K
}
Event: 2239.313 GC heap after
{Heap after GC invocations=212 (full 195):
 garbage-first heap   total reserved 1048576K, committed 89088K, used 41165K [0x00000000c0000000, 0x0000000100000000)
  region size 1024K, 0 young (0K), 0 survivors (0K)
 Metaspace       used 64034K, committed 64832K, reserved 1114112K
  class space    used 7731K, committed 8128K, reserved 1048576K
}
Event: 2249.423 GC heap before
{Heap before GC invocations=212 (full 195):
 garbage-first heap   total reserved 1048576K, committed 89088K, used 41165K [0x00000000c0000000, 0x0000000100000000)
  region size 1024K, 1 young (1024K), 0 survivors (0K)
 Metaspace       used 64034K, committed 64832K, reserved 1114112K
  class space    used 7731K, committed 8128K, reserved 1048576K
}
Event: 2249.480 GC heap after
{Heap after GC invocations=213 (full 196):
 garbage-first heap   total reserved 1048576K, committed 89088K, used 41165K [0x00000000c0000000, 0x0000000100000000)
  region size 1024K, 0 young (0K), 0 survivors (0K)
 Metaspace       used 64034K, committed 64832K, reserved 1114112K
  class space    used 7731K, committed 8128K, reserved 1048576K
}
Event: 2260.382 GC heap before
{Heap before GC invocations=213 (full 196):
 garbage-first heap   total reserved 1048576K, committed 89088K, used 41165K [0x00000000c0000000, 0x0000000100000000)
  region size 1024K, 1 young (1024K), 0 survivors (0K)
 Metaspace       used 64034K, committed 64832K, reserved 1114112K
  class space    used 7731K, committed 8128K, reserved 1048576K
}
Event: 2260.875 GC heap after
{Heap after GC invocations=214 (full 197):
 garbage-first heap   total reserved 1048576K, committed 89088K, used 41165K [0x00000000c0000000, 0x0000000100000000)
  region size 1024K, 0 young (0K), 0 survivors (0K)
 Metaspace       used 64034K, committed 64832K, reserved 1114112K
  class space    used 7731K, committed 8128K, reserved 1048576K
}
Event: 2270.991 GC heap before
{Heap before GC invocations=214 (full 197):
 garbage-first heap   total reserved 1048576K, committed 89088K, used 41165K [0x00000000c0000000, 0x0000000100000000)
  region size 1024K, 1 young (1024K), 0 survivors (0K)
 Metaspace       used 64034K, committed 64832K, reserved 1114112K
  class space    used 7731K, committed 8128K, reserved 1048576K
}
Event: 2271.032 GC heap after
{Heap after GC invocations=215 (full 198):
 garbage-first heap   total reserved 1048576K, committed 89088K, used 41165K [0x00000000c0000000, 0x0000000100000000)
  region size 1024K, 0 young (0K), 0 survivors (0K)
 Metaspace       used 64034K, committed 64832K, reserved 1114112K
  class space    used 7731K, committed 8128K, reserved 1048576K
}
Event: 2281.206 GC heap before
{Heap before GC invocations=215 (full 198):
 garbage-first heap   total reserved 1048576K, committed 89088K, used 41165K [0x00000000c0000000, 0x0000000100000000)
  region size 1024K, 1 young (1024K), 0 survivors (0K)
 Metaspace       used 64034K, committed 64832K, reserved 1114112K
  class space    used 7731K, committed 8128K, reserved 1048576K
}

