# JRE version: OpenJDK Runtime Environment Temurin-22.0.2+9 (22.0.2+9) (build 22.0.2+9)
# Java VM: OpenJDK 64-Bit Server VM Temurin-22.0.2+9 (22.0.2+9, mixed mode, emulated-client, tiered, compressed oops, compressed class ptrs, g1 gc, windows-amd64)
GC Precious Log:
 CardTable entry size: 512
 Card Set container configuration: InlinePtr #cards 5 size 8 Array Of Cards #cards 12 size 40 Howl #buckets 4 coarsen threshold 1843 Howl Bitmap #cards 512 size 80 coarsen threshold 460 Card regions per heap region 1 cards per card region 2048
 CPUs: 8 total, 8 available
 Memory: 3987M
 Large Page Support: Disabled
 NUMA Support: Disabled
 Compressed Oops: Enabled (32-bit)
 Heap Region Size: 1M
 Heap Min Capacity: 8M
 Heap Initial Capacity: 64M
 Heap Max Capacity: 1G
 Pre-touch: Disabled
 Parallel Workers: 8
 Concurrent Workers: 2
 Concurrent Refinement Workers: 8
 Periodic GC: Disabled
Heap:
 garbage-first heap   total reserved 1048576K, committed 109568K, used 40407K [0x00000000c0000000, 0x0000000100000000)
  region size 1024K, 1 young (1024K), 0 survivors (0K)
 Metaspace       used 64310K, committed 65472K, reserved 1114112K
  class space    used 7767K, committed 8192K, reserved 1048576K
GC Heap History (20 events):
Event: 120.571 GC heap after
{Heap after GC invocations=24 (full 4):
 garbage-first heap   total reserved 1048576K, committed 109568K, used 40917K [0x00000000c0000000, 0x0000000100000000)
  region size 1024K, 0 young (0K), 0 survivors (0K)
 Metaspace       used 64353K, committed 65472K, reserved 1114112K
  class space    used 7778K, committed 8192K, reserved 1048576K
}
Event: 130.686 GC heap before
{Heap before GC invocations=24 (full 4):
 garbage-first heap   total reserved 1048576K, committed 109568K, used 40917K [0x00000000c0000000, 0x0000000100000000)
  region size 1024K, 1 young (1024K), 0 survivors (0K)
 Metaspace       used 64353K, committed 65472K, reserved 1114112K
  class space    used 7778K, committed 8192K, reserved 1048576K
}
Event: 130.979 GC heap after
{Heap after GC invocations=25 (full 5):
 garbage-first heap   total reserved 1048576K, committed 109568K, used 40598K [0x00000000c0000000, 0x0000000100000000)
  region size 1024K, 0 young (0K), 0 survivors (0K)
 Metaspace       used 64335K, committed 65472K, reserved 1114112K
  class space    used 7773K, committed 8192K, reserved 1048576K
}
Event: 141.065 GC heap before
{Heap before GC invocations=25 (full 5):
 garbage-first heap   total reserved 1048576K, committed 109568K, used 40598K [0x00000000c0000000, 0x0000000100000000)
  region size 1024K, 1 young (1024K), 0 survivors (0K)
 Metaspace       used 64335K, committed 65472K, reserved 1114112K
  class space    used 7773K, committed 8192K, reserved 1048576K
}
Event: 141.103 GC heap after
{Heap after GC invocations=26 (full 6):
 garbage-first heap   total reserved 1048576K, committed 109568K, used 40407K [0x00000000c0000000, 0x0000000100000000)
  region size 1024K, 0 young (0K), 0 survivors (0K)
 Metaspace       used 64310K, committed 65472K, reserved 1114112K
  class space    used 7767K, committed 8192K, reserved 1048576K
}
Event: 151.203 GC heap before
{Heap before GC invocations=26 (full 6):
 garbage-first heap   total reserved 1048576K, committed 109568K, used 40407K [0x00000000c0000000, 0x0000000100000000)
  region size 1024K, 1 young (1024K), 0 survivors (0K)
 Metaspace       used 64310K, committed 65472K, reserved 1114112K
  class space    used 7767K, committed 8192K, reserved 1048576K
}
Event: 151.237 GC heap after
{Heap after GC invocations=27 (full 7):
 garbage-first heap   total reserved 1048576K, committed 109568K, used 40407K [0x00000000c0000000, 0x0000000100000000)
  region size 1024K, 0 young (0K), 0 survivors (0K)
 Metaspace       used 64310K, committed 65472K, reserved 1114112K
  class space    used 7767K, committed 8192K, reserved 1048576K
}
Event: 161.329 GC heap before
{Heap before GC invocations=27 (full 7):
 garbage-first heap   total reserved 1048576K, committed 109568K, used 40407K [0x00000000c0000000, 0x0000000100000000)
  region size 1024K, 1 young (1024K), 0 survivors (0K)
 Metaspace       used 64310K, committed 65472K, reserved 1114112K
  class space    used 7767K, committed 8192K, reserved 1048576K
}
Event: 161.385 GC heap after
{Heap after GC invocations=28 (full 8):
 garbage-first heap   total reserved 1048576K, committed 109568K, used 40407K [0x00000000c0000000, 0x0000000100000000)
  region size 1024K, 0 young (0K), 0 survivors (0K)
 Metaspace       used 64310K, committed 65472K, reserved 1114112K
  class space    used 7767K, committed 8192K, reserved 1048576K
}
Event: 171.600 GC heap before
{Heap before GC invocations=28 (full 8):
 garbage-first heap   total reserved 1048576K, committed 109568K, used 40407K [0x00000000c0000000, 0x0000000100000000)
  region size 1024K, 1 young (1024K), 0 survivors (0K)
 Metaspace       used 64310K, committed 65472K, reserved 1114112K
  class space    used 7767K, committed 8192K, reserved 1048576K
}
Event: 171.625 GC heap after
{Heap after GC invocations=29 (full 9):
 garbage-first heap   total reserved 1048576K, committed 109568K, used 40407K [0x00000000c0000000, 0x0000000100000000)
  region size 1024K, 0 young (0K), 0 survivors (0K)
 Metaspace       used 64310K, committed 65472K, reserved 1114112K
  class space    used 7767K, committed 8192K, reserved 1048576K
}
Event: 181.711 GC heap before
{Heap before GC invocations=29 (full 9):
 garbage-first heap   total reserved 1048576K, committed 109568K, used 40407K [0x00000000c0000000, 0x0000000100000000)
  region size 1024K, 1 young (1024K), 0 survivors (0K)
 Metaspace       used 64310K, committed 65472K, reserved 1114112K
  class space    used 7767K, committed 8192K, reserved 1048576K
}
Event: 181.745 GC heap after
{Heap after GC invocations=30 (full 10):
 garbage-first heap   total reserved 1048576K, committed 109568K, used 40407K [0x00000000c0000000, 0x0000000100000000)
  region size 1024K, 0 young (0K), 0 survivors (0K)
 Metaspace       used 64310K, committed 65472K, reserved 1114112K
  class space    used 7767K, committed 8192K, reserved 1048576K
}
Event: 191.823 GC heap before
{Heap before GC invocations=30 (full 10):
 garbage-first heap   total reserved 1048576K, committed 109568K, used 40407K [0x00000000c0000000, 0x0000000100000000)
  region size 1024K, 1 young (1024K), 0 survivors (0K)
 Metaspace       used 64310K, committed 65472K, reserved 1114112K
  class space    used 7767K, committed 8192K, reserved 1048576K
}
Event: 191.847 GC heap after
{Heap after GC invocations=31 (full 11):
 garbage-first heap   total reserved 1048576K, committed 109568K, used 40407K [0x00000000c0000000, 0x0000000100000000)
  region size 1024K, 0 young (0K), 0 survivors (0K)
 Metaspace       used 64310K, committed 65472K, reserved 1114112K
  class space    used 7767K, committed 8192K, reserved 1048576K
}
Event: 201.929 GC heap before
{Heap before GC invocations=31 (full 11):
 garbage-first heap   total reserved 1048576K, committed 109568K, used 40407K [0x00000000c0000000, 0x0000000100000000)
  region size 1024K, 1 young (1024K), 0 survivors (0K)
 Metaspace       used 64310K, committed 65472K, reserved 1114112K
  class space    used 7767K, committed 8192K, reserved 1048576K
}
Event: 201.961 GC heap after
{Heap after GC invocations=32 (full 12):
 garbage-first heap   total reserved 1048576K, committed 109568K, used 40407K [0x00000000c0000000, 0x0000000100000000)
  region size 1024K, 0 young (0K), 0 survivors (0K)
 Metaspace       used 64310K, committed 65472K, reserved 1114112K
  class space    used 7767K, committed 8192K, reserved 1048576K
}
Event: 212.054 GC heap before
{Heap before GC invocations=32 (full 12):
 garbage-first heap   total reserved 1048576K, committed 109568K, used 40407K [0x00000000c0000000, 0x0000000100000000)
  region size 1024K, 1 young (1024K), 0 survivors (0K)
 Metaspace       used 64310K, committed 65472K, reserved 1114112K
  class space    used 7767K, committed 8192K, reserved 1048576K
}
Event: 212.085 GC heap after
{Heap after GC invocations=33 (full 13):
 garbage-first heap   total reserved 1048576K, committed 109568K, used 40407K [0x00000000c0000000, 0x0000000100000000)
  region size 1024K, 0 young (0K), 0 survivors (0K)
 Metaspace       used 64310K, committed 65472K, reserved 1114112K
  class space    used 7767K, committed 8192K, reserved 1048576K
}
Event: 222.527 GC heap before
{Heap before GC invocations=33 (full 13):
 garbage-first heap   total reserved 1048576K, committed 109568K, used 40407K [0x00000000c0000000, 0x0000000100000000)
  region size 1024K, 1 young (1024K), 0 survivors (0K)
 Metaspace       used 64310K, committed 65472K, reserved 1114112K
  class space    used 7767K, committed 8192K, reserved 1048576K
}

