# JRE version: OpenJDK Runtime Environment Temurin-22.0.2+9 (22.0.2+9) (build 22.0.2+9)
# Java VM: OpenJDK 64-Bit Server VM Temurin-22.0.2+9 (22.0.2+9, mixed mode, emulated-client, tiered, compressed oops, compressed class ptrs, g1 gc, windows-amd64)
GC Precious Log:
 CardTable entry size: 512
 Card Set container configuration: InlinePtr #cards 5 size 8 Array Of Cards #cards 12 size 40 Howl #buckets 4 coarsen threshold 1843 Howl Bitmap #cards 512 size 80 coarsen threshold 460 Card regions per heap region 1 cards per card region 2048
 CPUs: 8 total, 8 available
 Memory: 3987M
 Large Page Support: Disabled
 NUMA Support: Disabled
 Compressed Oops: Enabled (32-bit)
 Heap Region Size: 1M
 Heap Min Capacity: 8M
 Heap Initial Capacity: 64M
 Heap Max Capacity: 1G
 Pre-touch: Disabled
 Parallel Workers: 8
 Concurrent Workers: 2
 Concurrent Refinement Workers: 8
 Periodic GC: Disabled
Heap:
 garbage-first heap   total reserved 1048576K, committed 78848K, used 40609K [0x00000000c0000000, 0x0000000100000000)
  region size 1024K, 1 young (1024K), 0 survivors (0K)
 Metaspace       used 64368K, committed 65024K, reserved 1114112K
  class space    used 7791K, committed 8064K, reserved 1048576K
GC Heap History (20 events):
Event: 157034.693 GC heap after
{Heap after GC invocations=1682 (full 1658):
 garbage-first heap   total reserved 1048576K, committed 78848K, used 40609K [0x00000000c0000000, 0x0000000100000000)
  region size 1024K, 0 young (0K), 0 survivors (0K)
 Metaspace       used 64368K, committed 65024K, reserved 1114112K
  class space    used 7791K, committed 8064K, reserved 1048576K
}
Event: 157044.762 GC heap before
{Heap before GC invocations=1682 (full 1658):
 garbage-first heap   total reserved 1048576K, committed 78848K, used 40609K [0x00000000c0000000, 0x0000000100000000)
  region size 1024K, 1 young (1024K), 0 survivors (0K)
 Metaspace       used 64368K, committed 65024K, reserved 1114112K
  class space    used 7791K, committed 8064K, reserved 1048576K
}
Event: 157044.796 GC heap after
{Heap after GC invocations=1683 (full 1659):
 garbage-first heap   total reserved 1048576K, committed 78848K, used 40609K [0x00000000c0000000, 0x0000000100000000)
  region size 1024K, 0 young (0K), 0 survivors (0K)
 Metaspace       used 64368K, committed 65024K, reserved 1114112K
  class space    used 7791K, committed 8064K, reserved 1048576K
}
Event: 157054.866 GC heap before
{Heap before GC invocations=1683 (full 1659):
 garbage-first heap   total reserved 1048576K, committed 78848K, used 40609K [0x00000000c0000000, 0x0000000100000000)
  region size 1024K, 1 young (1024K), 0 survivors (0K)
 Metaspace       used 64368K, committed 65024K, reserved 1114112K
  class space    used 7791K, committed 8064K, reserved 1048576K
}
Event: 157054.898 GC heap after
{Heap after GC invocations=1684 (full 1660):
 garbage-first heap   total reserved 1048576K, committed 78848K, used 40609K [0x00000000c0000000, 0x0000000100000000)
  region size 1024K, 0 young (0K), 0 survivors (0K)
 Metaspace       used 64368K, committed 65024K, reserved 1114112K
  class space    used 7791K, committed 8064K, reserved 1048576K
}
Event: 157064.962 GC heap before
{Heap before GC invocations=1684 (full 1660):
 garbage-first heap   total reserved 1048576K, committed 78848K, used 40609K [0x00000000c0000000, 0x0000000100000000)
  region size 1024K, 1 young (1024K), 0 survivors (0K)
 Metaspace       used 64368K, committed 65024K, reserved 1114112K
  class space    used 7791K, committed 8064K, reserved 1048576K
}
Event: 157065.010 GC heap after
{Heap after GC invocations=1685 (full 1661):
 garbage-first heap   total reserved 1048576K, committed 78848K, used 40609K [0x00000000c0000000, 0x0000000100000000)
  region size 1024K, 0 young (0K), 0 survivors (0K)
 Metaspace       used 64368K, committed 65024K, reserved 1114112K
  class space    used 7791K, committed 8064K, reserved 1048576K
}
Event: 157075.345 GC heap before
{Heap before GC invocations=1685 (full 1661):
 garbage-first heap   total reserved 1048576K, committed 78848K, used 40609K [0x00000000c0000000, 0x0000000100000000)
  region size 1024K, 1 young (1024K), 0 survivors (0K)
 Metaspace       used 64368K, committed 65024K, reserved 1114112K
  class space    used 7791K, committed 8064K, reserved 1048576K
}
Event: 157075.961 GC heap after
{Heap after GC invocations=1686 (full 1662):
 garbage-first heap   total reserved 1048576K, committed 78848K, used 40609K [0x00000000c0000000, 0x0000000100000000)
  region size 1024K, 0 young (0K), 0 survivors (0K)
 Metaspace       used 64368K, committed 65024K, reserved 1114112K
  class space    used 7791K, committed 8064K, reserved 1048576K
}
Event: 157086.101 GC heap before
{Heap before GC invocations=1686 (full 1662):
 garbage-first heap   total reserved 1048576K, committed 78848K, used 40609K [0x00000000c0000000, 0x0000000100000000)
  region size 1024K, 1 young (1024K), 0 survivors (0K)
 Metaspace       used 64368K, committed 65024K, reserved 1114112K
  class space    used 7791K, committed 8064K, reserved 1048576K
}
Event: 157086.140 GC heap after
{Heap after GC invocations=1687 (full 1663):
 garbage-first heap   total reserved 1048576K, committed 78848K, used 40609K [0x00000000c0000000, 0x0000000100000000)
  region size 1024K, 0 young (0K), 0 survivors (0K)
 Metaspace       used 64368K, committed 65024K, reserved 1114112K
  class space    used 7791K, committed 8064K, reserved 1048576K
}
Event: 157096.258 GC heap before
{Heap before GC invocations=1687 (full 1663):
 garbage-first heap   total reserved 1048576K, committed 78848K, used 40609K [0x00000000c0000000, 0x0000000100000000)
  region size 1024K, 1 young (1024K), 0 survivors (0K)
 Metaspace       used 64368K, committed 65024K, reserved 1114112K
  class space    used 7791K, committed 8064K, reserved 1048576K
}
Event: 157096.318 GC heap after
{Heap after GC invocations=1688 (full 1664):
 garbage-first heap   total reserved 1048576K, committed 78848K, used 40609K [0x00000000c0000000, 0x0000000100000000)
  region size 1024K, 0 young (0K), 0 survivors (0K)
 Metaspace       used 64368K, committed 65024K, reserved 1114112K
  class space    used 7791K, committed 8064K, reserved 1048576K
}
Event: 157106.456 GC heap before
{Heap before GC invocations=1688 (full 1664):
 garbage-first heap   total reserved 1048576K, committed 78848K, used 40609K [0x00000000c0000000, 0x0000000100000000)
  region size 1024K, 1 young (1024K), 0 survivors (0K)
 Metaspace       used 64368K, committed 65024K, reserved 1114112K
  class space    used 7791K, committed 8064K, reserved 1048576K
}
Event: 157106.533 GC heap after
{Heap after GC invocations=1689 (full 1665):
 garbage-first heap   total reserved 1048576K, committed 78848K, used 40609K [0x00000000c0000000, 0x0000000100000000)
  region size 1024K, 0 young (0K), 0 survivors (0K)
 Metaspace       used 64368K, committed 65024K, reserved 1114112K
  class space    used 7791K, committed 8064K, reserved 1048576K
}
Event: 157116.633 GC heap before
{Heap before GC invocations=1689 (full 1665):
 garbage-first heap   total reserved 1048576K, committed 78848K, used 40609K [0x00000000c0000000, 0x0000000100000000)
  region size 1024K, 1 young (1024K), 0 survivors (0K)
 Metaspace       used 64368K, committed 65024K, reserved 1114112K
  class space    used 7791K, committed 8064K, reserved 1048576K
}
Event: 157116.695 GC heap after
{Heap after GC invocations=1690 (full 1666):
 garbage-first heap   total reserved 1048576K, committed 78848K, used 40609K [0x00000000c0000000, 0x0000000100000000)
  region size 1024K, 0 young (0K), 0 survivors (0K)
 Metaspace       used 64368K, committed 65024K, reserved 1114112K
  class space    used 7791K, committed 8064K, reserved 1048576K
}
Event: 157126.825 GC heap before
{Heap before GC invocations=1690 (full 1666):
 garbage-first heap   total reserved 1048576K, committed 78848K, used 40609K [0x00000000c0000000, 0x0000000100000000)
  region size 1024K, 1 young (1024K), 0 survivors (0K)
 Metaspace       used 64368K, committed 65024K, reserved 1114112K
  class space    used 7791K, committed 8064K, reserved 1048576K
}
Event: 157126.891 GC heap after
{Heap after GC invocations=1691 (full 1667):
 garbage-first heap   total reserved 1048576K, committed 78848K, used 40609K [0x00000000c0000000, 0x0000000100000000)
  region size 1024K, 0 young (0K), 0 survivors (0K)
 Metaspace       used 64368K, committed 65024K, reserved 1114112K
  class space    used 7791K, committed 8064K, reserved 1048576K
}
Event: 157136.954 GC heap before
{Heap before GC invocations=1691 (full 1667):
 garbage-first heap   total reserved 1048576K, committed 78848K, used 40609K [0x00000000c0000000, 0x0000000100000000)
  region size 1024K, 1 young (1024K), 0 survivors (0K)
 Metaspace       used 64368K, committed 65024K, reserved 1114112K
  class space    used 7791K, committed 8064K, reserved 1048576K
}

