# JRE version: OpenJDK Runtime Environment Temurin-22.0.2+9 (22.0.2+9) (build 22.0.2+9)
# Java VM: OpenJDK 64-Bit Server VM Temurin-22.0.2+9 (22.0.2+9, mixed mode, emulated-client, tiered, compressed oops, compressed class ptrs, g1 gc, windows-amd64)
GC Precious Log:
 CardTable entry size: 512
 Card Set container configuration: InlinePtr #cards 5 size 8 Array Of Cards #cards 12 size 40 Howl #buckets 4 coarsen threshold 1843 Howl Bitmap #cards 512 size 80 coarsen threshold 460 Card regions per heap region 1 cards per card region 2048
 CPUs: 8 total, 8 available
 Memory: 3987M
 Large Page Support: Disabled
 NUMA Support: Disabled
 Compressed Oops: Enabled (32-bit)
 Heap Region Size: 1M
 Heap Min Capacity: 8M
 Heap Initial Capacity: 64M
 Heap Max Capacity: 1G
 Pre-touch: Disabled
 Parallel Workers: 8
 Concurrent Workers: 2
 Concurrent Refinement Workers: 8
 Periodic GC: Disabled
Heap:
 garbage-first heap   total reserved 1048576K, committed 114688K, used 45819K [0x00000000c0000000, 0x0000000100000000)
  region size 1024K, 1 young (1024K), 0 survivors (0K)
 Metaspace       used 66409K, committed 67520K, reserved 1114112K
  class space    used 8139K, committed 8640K, reserved 1048576K
GC Heap History (20 events):
Event: 90503.860 GC heap after
{Heap after GC invocations=2690 (full 2657):
 garbage-first heap   total reserved 1048576K, committed 114688K, used 45819K [0x00000000c0000000, 0x0000000100000000)
  region size 1024K, 0 young (0K), 0 survivors (0K)
 Metaspace       used 66409K, committed 67520K, reserved 1114112K
  class space    used 8139K, committed 8640K, reserved 1048576K
}
Event: 90513.962 GC heap before
{Heap before GC invocations=2690 (full 2657):
 garbage-first heap   total reserved 1048576K, committed 114688K, used 45819K [0x00000000c0000000, 0x0000000100000000)
  region size 1024K, 1 young (1024K), 0 survivors (0K)
 Metaspace       used 66409K, committed 67520K, reserved 1114112K
  class space    used 8139K, committed 8640K, reserved 1048576K
}
Event: 90514.010 GC heap after
{Heap after GC invocations=2691 (full 2658):
 garbage-first heap   total reserved 1048576K, committed 114688K, used 45819K [0x00000000c0000000, 0x0000000100000000)
  region size 1024K, 0 young (0K), 0 survivors (0K)
 Metaspace       used 66409K, committed 67520K, reserved 1114112K
  class space    used 8139K, committed 8640K, reserved 1048576K
}
Event: 90524.127 GC heap before
{Heap before GC invocations=2691 (full 2658):
 garbage-first heap   total reserved 1048576K, committed 114688K, used 45819K [0x00000000c0000000, 0x0000000100000000)
  region size 1024K, 1 young (1024K), 0 survivors (0K)
 Metaspace       used 66409K, committed 67520K, reserved 1114112K
  class space    used 8139K, committed 8640K, reserved 1048576K
}
Event: 90524.167 GC heap after
{Heap after GC invocations=2692 (full 2659):
 garbage-first heap   total reserved 1048576K, committed 114688K, used 45819K [0x00000000c0000000, 0x0000000100000000)
  region size 1024K, 0 young (0K), 0 survivors (0K)
 Metaspace       used 66409K, committed 67520K, reserved 1114112K
  class space    used 8139K, committed 8640K, reserved 1048576K
}
Event: 90534.374 GC heap before
{Heap before GC invocations=2692 (full 2659):
 garbage-first heap   total reserved 1048576K, committed 114688K, used 45819K [0x00000000c0000000, 0x0000000100000000)
  region size 1024K, 1 young (1024K), 0 survivors (0K)
 Metaspace       used 66409K, committed 67520K, reserved 1114112K
  class space    used 8139K, committed 8640K, reserved 1048576K
}
Event: 90534.415 GC heap after
{Heap after GC invocations=2693 (full 2660):
 garbage-first heap   total reserved 1048576K, committed 114688K, used 45819K [0x00000000c0000000, 0x0000000100000000)
  region size 1024K, 0 young (0K), 0 survivors (0K)
 Metaspace       used 66409K, committed 67520K, reserved 1114112K
  class space    used 8139K, committed 8640K, reserved 1048576K
}
Event: 90544.552 GC heap before
{Heap before GC invocations=2693 (full 2660):
 garbage-first heap   total reserved 1048576K, committed 114688K, used 45819K [0x00000000c0000000, 0x0000000100000000)
  region size 1024K, 1 young (1024K), 0 survivors (0K)
 Metaspace       used 66409K, committed 67520K, reserved 1114112K
  class space    used 8139K, committed 8640K, reserved 1048576K
}
Event: 90544.581 GC heap after
{Heap after GC invocations=2694 (full 2661):
 garbage-first heap   total reserved 1048576K, committed 114688K, used 45819K [0x00000000c0000000, 0x0000000100000000)
  region size 1024K, 0 young (0K), 0 survivors (0K)
 Metaspace       used 66409K, committed 67520K, reserved 1114112K
  class space    used 8139K, committed 8640K, reserved 1048576K
}
Event: 90554.743 GC heap before
{Heap before GC invocations=2694 (full 2661):
 garbage-first heap   total reserved 1048576K, committed 114688K, used 45819K [0x00000000c0000000, 0x0000000100000000)
  region size 1024K, 1 young (1024K), 0 survivors (0K)
 Metaspace       used 66409K, committed 67520K, reserved 1114112K
  class space    used 8139K, committed 8640K, reserved 1048576K
}
Event: 90554.831 GC heap after
{Heap after GC invocations=2695 (full 2662):
 garbage-first heap   total reserved 1048576K, committed 114688K, used 45819K [0x00000000c0000000, 0x0000000100000000)
  region size 1024K, 0 young (0K), 0 survivors (0K)
 Metaspace       used 66409K, committed 67520K, reserved 1114112K
  class space    used 8139K, committed 8640K, reserved 1048576K
}
Event: 90564.917 GC heap before
{Heap before GC invocations=2695 (full 2662):
 garbage-first heap   total reserved 1048576K, committed 114688K, used 45819K [0x00000000c0000000, 0x0000000100000000)
  region size 1024K, 1 young (1024K), 0 survivors (0K)
 Metaspace       used 66409K, committed 67520K, reserved 1114112K
  class space    used 8139K, committed 8640K, reserved 1048576K
}
Event: 90564.950 GC heap after
{Heap after GC invocations=2696 (full 2663):
 garbage-first heap   total reserved 1048576K, committed 114688K, used 45819K [0x00000000c0000000, 0x0000000100000000)
  region size 1024K, 0 young (0K), 0 survivors (0K)
 Metaspace       used 66409K, committed 67520K, reserved 1114112K
  class space    used 8139K, committed 8640K, reserved 1048576K
}
Event: 90575.082 GC heap before
{Heap before GC invocations=2696 (full 2663):
 garbage-first heap   total reserved 1048576K, committed 114688K, used 45819K [0x00000000c0000000, 0x0000000100000000)
  region size 1024K, 1 young (1024K), 0 survivors (0K)
 Metaspace       used 66409K, committed 67520K, reserved 1114112K
  class space    used 8139K, committed 8640K, reserved 1048576K
}
Event: 90575.114 GC heap after
{Heap after GC invocations=2697 (full 2664):
 garbage-first heap   total reserved 1048576K, committed 114688K, used 45819K [0x00000000c0000000, 0x0000000100000000)
  region size 1024K, 0 young (0K), 0 survivors (0K)
 Metaspace       used 66409K, committed 67520K, reserved 1114112K
  class space    used 8139K, committed 8640K, reserved 1048576K
}
Event: 90585.421 GC heap before
{Heap before GC invocations=2697 (full 2664):
 garbage-first heap   total reserved 1048576K, committed 114688K, used 45819K [0x00000000c0000000, 0x0000000100000000)
  region size 1024K, 1 young (1024K), 0 survivors (0K)
 Metaspace       used 66409K, committed 67520K, reserved 1114112K
  class space    used 8139K, committed 8640K, reserved 1048576K
}
Event: 90585.490 GC heap after
{Heap after GC invocations=2698 (full 2665):
 garbage-first heap   total reserved 1048576K, committed 114688K, used 45819K [0x00000000c0000000, 0x0000000100000000)
  region size 1024K, 0 young (0K), 0 survivors (0K)
 Metaspace       used 66409K, committed 67520K, reserved 1114112K
  class space    used 8139K, committed 8640K, reserved 1048576K
}
Event: 90595.624 GC heap before
{Heap before GC invocations=2698 (full 2665):
 garbage-first heap   total reserved 1048576K, committed 114688K, used 45819K [0x00000000c0000000, 0x0000000100000000)
  region size 1024K, 1 young (1024K), 0 survivors (0K)
 Metaspace       used 66409K, committed 67520K, reserved 1114112K
  class space    used 8139K, committed 8640K, reserved 1048576K
}
Event: 90595.668 GC heap after
{Heap after GC invocations=2699 (full 2666):
 garbage-first heap   total reserved 1048576K, committed 114688K, used 45819K [0x00000000c0000000, 0x0000000100000000)
  region size 1024K, 0 young (0K), 0 survivors (0K)
 Metaspace       used 66409K, committed 67520K, reserved 1114112K
  class space    used 8139K, committed 8640K, reserved 1048576K
}
Event: 90605.966 GC heap before
{Heap before GC invocations=2699 (full 2666):
 garbage-first heap   total reserved 1048576K, committed 114688K, used 45819K [0x00000000c0000000, 0x0000000100000000)
  region size 1024K, 1 young (1024K), 0 survivors (0K)
 Metaspace       used 66409K, committed 67520K, reserved 1114112K
  class space    used 8139K, committed 8640K, reserved 1048576K
}

