# JRE version: OpenJDK Runtime Environment Temurin-22.0.2+9 (22.0.2+9) (build 22.0.2+9)
# Java VM: OpenJDK 64-Bit Server VM Temurin-22.0.2+9 (22.0.2+9, mixed mode, emulated-client, tiered, compressed oops, compressed class ptrs, g1 gc, windows-amd64)
GC Precious Log:
 CardTable entry size: 512
 Card Set container configuration: InlinePtr #cards 5 size 8 Array Of Cards #cards 12 size 40 Howl #buckets 4 coarsen threshold 1843 Howl Bitmap #cards 512 size 80 coarsen threshold 460 Card regions per heap region 1 cards per card region 2048
 CPUs: 8 total, 8 available
 Memory: 3987M
 Large Page Support: Disabled
 NUMA Support: Disabled
 Compressed Oops: Enabled (32-bit)
 Heap Region Size: 1M
 Heap Min Capacity: 8M
 Heap Initial Capacity: 64M
 Heap Max Capacity: 1G
 Pre-touch: Disabled
 Parallel Workers: 8
 Concurrent Workers: 2
 Concurrent Refinement Workers: 8
 Periodic GC: Disabled
Heap:
 garbage-first heap   total reserved 1048576K, committed 65536K, used 34178K [0x00000000c0000000, 0x0000000100000000)
  region size 1024K, 16 young (16384K), 2 survivors (2048K)
 Metaspace       used 24534K, committed 24768K, reserved 1114112K
  class space    used 2849K, committed 2944K, reserved 1048576K
GC Heap History (6 events):
Event: 7.182 GC heap before
{Heap before GC invocations=0 (full 0):
 garbage-first heap   total reserved 1048576K, committed 65536K, used 29696K [0x00000000c0000000, 0x0000000100000000)
  region size 1024K, 24 young (24576K), 0 survivors (0K)
 Metaspace       used 9738K, committed 9920K, reserved 1114112K
  class space    used 986K, committed 1088K, reserved 1048576K
}
Event: 7.751 GC heap after
{Heap after GC invocations=1 (full 0):
 garbage-first heap   total reserved 1048576K, committed 65536K, used 17664K [0x00000000c0000000, 0x0000000100000000)
  region size 1024K, 3 young (3072K), 3 survivors (3072K)
 Metaspace       used 9738K, committed 9920K, reserved 1114112K
  class space    used 986K, committed 1088K, reserved 1048576K
}
Event: 9.615 GC heap before
{Heap before GC invocations=1 (full 0):
 garbage-first heap   total reserved 1048576K, committed 65536K, used 36096K [0x00000000c0000000, 0x0000000100000000)
  region size 1024K, 21 young (21504K), 3 survivors (3072K)
 Metaspace       used 16834K, committed 17088K, reserved 1114112K
  class space    used 1940K, committed 2048K, reserved 1048576K
}
Event: 9.629 GC heap after
{Heap after GC invocations=2 (full 0):
 garbage-first heap   total reserved 1048576K, committed 65536K, used 19619K [0x00000000c0000000, 0x0000000100000000)
  region size 1024K, 2 young (2048K), 2 survivors (2048K)
 Metaspace       used 16834K, committed 17088K, reserved 1114112K
  class space    used 1940K, committed 2048K, reserved 1048576K
}
Event: 10.458 GC heap before
{Heap before GC invocations=2 (full 0):
 garbage-first heap   total reserved 1048576K, committed 65536K, used 36003K [0x00000000c0000000, 0x0000000100000000)
  region size 1024K, 19 young (19456K), 2 survivors (2048K)
 Metaspace       used 21180K, committed 21504K, reserved 1114112K
  class space    used 2457K, committed 2624K, reserved 1048576K
}
Event: 10.476 GC heap after
{Heap after GC invocations=3 (full 0):
 garbage-first heap   total reserved 1048576K, committed 65536K, used 21890K [0x00000000c0000000, 0x0000000100000000)
  region size 1024K, 2 young (2048K), 2 survivors (2048K)
 Metaspace       used 21180K, committed 21504K, reserved 1114112K
  class space    used 2457K, committed 2624K, reserved 1048576K
}

