# JRE version: OpenJDK Runtime Environment Temurin-22.0.2+9 (22.0.2+9) (build 22.0.2+9)
# Java VM: OpenJDK 64-Bit Server VM Temurin-22.0.2+9 (22.0.2+9, mixed mode, emulated-client, tiered, compressed oops, compressed class ptrs, g1 gc, windows-amd64)
GC Precious Log:
 CardTable entry size: 512
 Card Set container configuration: InlinePtr #cards 5 size 8 Array Of Cards #cards 12 size 40 Howl #buckets 4 coarsen threshold 1843 Howl Bitmap #cards 512 size 80 coarsen threshold 460 Card regions per heap region 1 cards per card region 2048
 CPUs: 8 total, 8 available
 Memory: 3987M
 Large Page Support: Disabled
 NUMA Support: Disabled
 Compressed Oops: Enabled (32-bit)
 Heap Region Size: 1M
 Heap Min Capacity: 8M
 Heap Initial Capacity: 64M
 Heap Max Capacity: 1G
 Pre-touch: Disabled
 Parallel Workers: 8
 Concurrent Workers: 2
 Concurrent Refinement Workers: 8
 Periodic GC: Disabled
Heap:
 garbage-first heap   total reserved 1048576K, committed 86016K, used 43275K [0x00000000c0000000, 0x0000000100000000)
  region size 1024K, 1 young (1024K), 0 survivors (0K)
 Metaspace       used 66495K, committed 67392K, reserved 1114112K
  class space    used 8142K, committed 8512K, reserved 1048576K
GC Heap History (20 events):
Event: 73402.866 GC heap after
{Heap after GC invocations=1799 (full 1763):
 garbage-first heap   total reserved 1048576K, committed 86016K, used 43999K [0x00000000c0000000, 0x0000000100000000)
  region size 1024K, 0 young (0K), 0 survivors (0K)
 Metaspace       used 66567K, committed 67392K, reserved 1114112K
  class space    used 8161K, committed 8512K, reserved 1048576K
}
Event: 73463.041 GC heap before
{Heap before GC invocations=1799 (full 1763):
 garbage-first heap   total reserved 1048576K, committed 86016K, used 72671K [0x00000000c0000000, 0x0000000100000000)
  region size 1024K, 29 young (29696K), 0 survivors (0K)
 Metaspace       used 66577K, committed 67392K, reserved 1114112K
  class space    used 8164K, committed 8512K, reserved 1048576K
}
Event: 73463.988 GC heap after
{Heap after GC invocations=1800 (full 1764):
 garbage-first heap   total reserved 1048576K, committed 86016K, used 43992K [0x00000000c0000000, 0x0000000100000000)
  region size 1024K, 0 young (0K), 0 survivors (0K)
 Metaspace       used 66562K, committed 67392K, reserved 1114112K
  class space    used 8159K, committed 8512K, reserved 1048576K
}
Event: 73474.095 GC heap before
{Heap before GC invocations=1800 (full 1764):
 garbage-first heap   total reserved 1048576K, committed 86016K, used 43992K [0x00000000c0000000, 0x0000000100000000)
  region size 1024K, 1 young (1024K), 0 survivors (0K)
 Metaspace       used 66562K, committed 67392K, reserved 1114112K
  class space    used 8159K, committed 8512K, reserved 1048576K
}
Event: 73474.220 GC heap after
{Heap after GC invocations=1801 (full 1765):
 garbage-first heap   total reserved 1048576K, committed 86016K, used 43277K [0x00000000c0000000, 0x0000000100000000)
  region size 1024K, 0 young (0K), 0 survivors (0K)
 Metaspace       used 66495K, committed 67392K, reserved 1114112K
  class space    used 8142K, committed 8512K, reserved 1048576K
}
Event: 73484.467 GC heap before
{Heap before GC invocations=1801 (full 1765):
 garbage-first heap   total reserved 1048576K, committed 86016K, used 43277K [0x00000000c0000000, 0x0000000100000000)
  region size 1024K, 1 young (1024K), 0 survivors (0K)
 Metaspace       used 66495K, committed 67392K, reserved 1114112K
  class space    used 8142K, committed 8512K, reserved 1048576K
}
Event: 73484.738 GC heap after
{Heap after GC invocations=1802 (full 1766):
 garbage-first heap   total reserved 1048576K, committed 86016K, used 43275K [0x00000000c0000000, 0x0000000100000000)
  region size 1024K, 0 young (0K), 0 survivors (0K)
 Metaspace       used 66495K, committed 67392K, reserved 1114112K
  class space    used 8142K, committed 8512K, reserved 1048576K
}
Event: 73494.807 GC heap before
{Heap before GC invocations=1802 (full 1766):
 garbage-first heap   total reserved 1048576K, committed 86016K, used 43275K [0x00000000c0000000, 0x0000000100000000)
  region size 1024K, 1 young (1024K), 0 survivors (0K)
 Metaspace       used 66495K, committed 67392K, reserved 1114112K
  class space    used 8142K, committed 8512K, reserved 1048576K
}
Event: 73494.847 GC heap after
{Heap after GC invocations=1803 (full 1767):
 garbage-first heap   total reserved 1048576K, committed 86016K, used 43275K [0x00000000c0000000, 0x0000000100000000)
  region size 1024K, 0 young (0K), 0 survivors (0K)
 Metaspace       used 66495K, committed 67392K, reserved 1114112K
  class space    used 8142K, committed 8512K, reserved 1048576K
}
Event: 73504.956 GC heap before
{Heap before GC invocations=1803 (full 1767):
 garbage-first heap   total reserved 1048576K, committed 86016K, used 43275K [0x00000000c0000000, 0x0000000100000000)
  region size 1024K, 1 young (1024K), 0 survivors (0K)
 Metaspace       used 66495K, committed 67392K, reserved 1114112K
  class space    used 8142K, committed 8512K, reserved 1048576K
}
Event: 73505.004 GC heap after
{Heap after GC invocations=1804 (full 1768):
 garbage-first heap   total reserved 1048576K, committed 86016K, used 43275K [0x00000000c0000000, 0x0000000100000000)
  region size 1024K, 0 young (0K), 0 survivors (0K)
 Metaspace       used 66495K, committed 67392K, reserved 1114112K
  class space    used 8142K, committed 8512K, reserved 1048576K
}
Event: 73515.078 GC heap before
{Heap before GC invocations=1804 (full 1768):
 garbage-first heap   total reserved 1048576K, committed 86016K, used 43275K [0x00000000c0000000, 0x0000000100000000)
  region size 1024K, 1 young (1024K), 0 survivors (0K)
 Metaspace       used 66495K, committed 67392K, reserved 1114112K
  class space    used 8142K, committed 8512K, reserved 1048576K
}
Event: 73515.127 GC heap after
{Heap after GC invocations=1805 (full 1769):
 garbage-first heap   total reserved 1048576K, committed 86016K, used 43275K [0x00000000c0000000, 0x0000000100000000)
  region size 1024K, 0 young (0K), 0 survivors (0K)
 Metaspace       used 66495K, committed 67392K, reserved 1114112K
  class space    used 8142K, committed 8512K, reserved 1048576K
}
Event: 73525.223 GC heap before
{Heap before GC invocations=1805 (full 1769):
 garbage-first heap   total reserved 1048576K, committed 86016K, used 43275K [0x00000000c0000000, 0x0000000100000000)
  region size 1024K, 1 young (1024K), 0 survivors (0K)
 Metaspace       used 66495K, committed 67392K, reserved 1114112K
  class space    used 8142K, committed 8512K, reserved 1048576K
}
Event: 73525.274 GC heap after
{Heap after GC invocations=1806 (full 1770):
 garbage-first heap   total reserved 1048576K, committed 86016K, used 43275K [0x00000000c0000000, 0x0000000100000000)
  region size 1024K, 0 young (0K), 0 survivors (0K)
 Metaspace       used 66495K, committed 67392K, reserved 1114112K
  class space    used 8142K, committed 8512K, reserved 1048576K
}
Event: 73535.384 GC heap before
{Heap before GC invocations=1806 (full 1770):
 garbage-first heap   total reserved 1048576K, committed 86016K, used 43275K [0x00000000c0000000, 0x0000000100000000)
  region size 1024K, 1 young (1024K), 0 survivors (0K)
 Metaspace       used 66495K, committed 67392K, reserved 1114112K
  class space    used 8142K, committed 8512K, reserved 1048576K
}
Event: 73535.462 GC heap after
{Heap after GC invocations=1807 (full 1771):
 garbage-first heap   total reserved 1048576K, committed 86016K, used 43275K [0x00000000c0000000, 0x0000000100000000)
  region size 1024K, 0 young (0K), 0 survivors (0K)
 Metaspace       used 66495K, committed 67392K, reserved 1114112K
  class space    used 8142K, committed 8512K, reserved 1048576K
}
Event: 73545.636 GC heap before
{Heap before GC invocations=1807 (full 1771):
 garbage-first heap   total reserved 1048576K, committed 86016K, used 43275K [0x00000000c0000000, 0x0000000100000000)
  region size 1024K, 1 young (1024K), 0 survivors (0K)
 Metaspace       used 66495K, committed 67392K, reserved 1114112K
  class space    used 8142K, committed 8512K, reserved 1048576K
}
Event: 73545.785 GC heap after
{Heap after GC invocations=1808 (full 1772):
 garbage-first heap   total reserved 1048576K, committed 86016K, used 43275K [0x00000000c0000000, 0x0000000100000000)
  region size 1024K, 0 young (0K), 0 survivors (0K)
 Metaspace       used 66495K, committed 67392K, reserved 1114112K
  class space    used 8142K, committed 8512K, reserved 1048576K
}
Event: 73556.442 GC heap before
{Heap before GC invocations=1808 (full 1772):
 garbage-first heap   total reserved 1048576K, committed 86016K, used 43275K [0x00000000c0000000, 0x0000000100000000)
  region size 1024K, 1 young (1024K), 0 survivors (0K)
 Metaspace       used 66495K, committed 67392K, reserved 1114112K
  class space    used 8142K, committed 8512K, reserved 1048576K
}

