# JRE version: OpenJDK Runtime Environment Temurin-21.0.6+7 (21.0.6+7) (build 21.0.6+7-LTS)
# Java VM: OpenJDK 64-Bit Server VM Temurin-21.0.6+7 (21.0.6+7-LTS, mixed mode, sharing, tiered, compressed oops, compressed class ptrs, parallel gc, windows-amd64)
GC Precious Log:
 CardTable entry size: 512
 CPUs: 8 total, 8 available
 Memory: 3987M
 Large Page Support: Disabled
 NUMA Support: Disabled
 Compressed Oops: Enabled (32-bit)
 Alignments: Space 512K, Generation 512K, Heap 2M
 Heap Min Capacity: 100M
 Heap Initial Capacity: 100M
 Heap Max Capacity: 1G
 Pre-touch: Disabled
 Parallel Workers: 8
Heap:
 PSYoungGen      total 17408K, used 7425K [0x00000000eab00000, 0x00000000ec000000, 0x0000000100000000)
  eden space 14848K, 33% used [0x00000000eab00000,0x00000000eafd6d48,0x00000000eb980000)
  from space 2560K, 96% used [0x00000000ebd80000,0x00000000ebfe9710,0x00000000ec000000)
  to   space 3072K, 0% used [0x00000000eba00000,0x00000000eba00000,0x00000000ebd00000)
 ParOldGen       total 70144K, used 69774K [0x00000000c0000000, 0x00000000c4480000, 0x00000000eab00000)
  object space 70144K, 99% used [0x00000000c0000000,0x00000000c4423910,0x00000000c4480000)
 Metaspace       used 51014K, committed 52224K, reserved 1114112K
  class space    used 5404K, committed 5952K, reserved 1048576K
GC Heap History (20 events):
Event: 20.810 GC heap before
{Heap before GC invocations=26 (full 2):
 PSYoungGen      total 24576K, used 24539K [0x00000000eab00000, 0x00000000ec580000, 0x0000000100000000)
  eden space 22016K, 100% used [0x00000000eab00000,0x00000000ec080000,0x00000000ec080000)
  from space 2560K, 98% used [0x00000000ec080000,0x00000000ec2f6c18,0x00000000ec300000)
  to   space 2560K, 0% used [0x00000000ec300000,0x00000000ec300000,0x00000000ec580000)
 ParOldGen       total 68608K, used 34565K [0x00000000c0000000, 0x00000000c4300000, 0x00000000eab00000)
  object space 68608K, 50% used [0x00000000c0000000,0x00000000c21c1710,0x00000000c4300000)
 Metaspace       used 46800K, committed 48064K, reserved 1114112K
  class space    used 4943K, committed 5568K, reserved 1048576K
}
Event: 20.817 GC heap after
{Heap after GC invocations=26 (full 2):
 PSYoungGen      total 24576K, used 2136K [0x00000000eab00000, 0x00000000ec580000, 0x0000000100000000)
  eden space 22016K, 0% used [0x00000000eab00000,0x00000000eab00000,0x00000000ec080000)
  from space 2560K, 83% used [0x00000000ec300000,0x00000000ec516200,0x00000000ec580000)
  to   space 2560K, 0% used [0x00000000ec080000,0x00000000ec080000,0x00000000ec300000)
 ParOldGen       total 68608K, used 37013K [0x00000000c0000000, 0x00000000c4300000, 0x00000000eab00000)
  object space 68608K, 53% used [0x00000000c0000000,0x00000000c24255b8,0x00000000c4300000)
 Metaspace       used 46800K, committed 48064K, reserved 1114112K
  class space    used 4943K, committed 5568K, reserved 1048576K
}
Event: 21.206 GC heap before
{Heap before GC invocations=27 (full 2):
 PSYoungGen      total 24576K, used 24152K [0x00000000eab00000, 0x00000000ec580000, 0x0000000100000000)
  eden space 22016K, 99% used [0x00000000eab00000,0x00000000ec07fff0,0x00000000ec080000)
  from space 2560K, 83% used [0x00000000ec300000,0x00000000ec516200,0x00000000ec580000)
  to   space 2560K, 0% used [0x00000000ec080000,0x00000000ec080000,0x00000000ec300000)
 ParOldGen       total 68608K, used 37013K [0x00000000c0000000, 0x00000000c4300000, 0x00000000eab00000)
  object space 68608K, 53% used [0x00000000c0000000,0x00000000c24255b8,0x00000000c4300000)
 Metaspace       used 47678K, committed 48896K, reserved 1114112K
  class space    used 5028K, committed 5632K, reserved 1048576K
}
Event: 21.213 GC heap after
{Heap after GC invocations=27 (full 2):
 PSYoungGen      total 24576K, used 2556K [0x00000000eab00000, 0x00000000ecd80000, 0x0000000100000000)
  eden space 22016K, 0% used [0x00000000eab00000,0x00000000eab00000,0x00000000ec080000)
  from space 2560K, 99% used [0x00000000ec080000,0x00000000ec2ff178,0x00000000ec300000)
  to   space 6656K, 0% used [0x00000000ec700000,0x00000000ec700000,0x00000000ecd80000)
 ParOldGen       total 68608K, used 40199K [0x00000000c0000000, 0x00000000c4300000, 0x00000000eab00000)
  object space 68608K, 58% used [0x00000000c0000000,0x00000000c2741e18,0x00000000c4300000)
 Metaspace       used 47678K, committed 48896K, reserved 1114112K
  class space    used 5028K, committed 5632K, reserved 1048576K
}
Event: 21.530 GC heap before
{Heap before GC invocations=28 (full 2):
 PSYoungGen      total 24576K, used 24572K [0x00000000eab00000, 0x00000000ecd80000, 0x0000000100000000)
  eden space 22016K, 100% used [0x00000000eab00000,0x00000000ec080000,0x00000000ec080000)
  from space 2560K, 99% used [0x00000000ec080000,0x00000000ec2ff178,0x00000000ec300000)
  to   space 6656K, 0% used [0x00000000ec700000,0x00000000ec700000,0x00000000ecd80000)
 ParOldGen       total 68608K, used 40199K [0x00000000c0000000, 0x00000000c4300000, 0x00000000eab00000)
  object space 68608K, 58% used [0x00000000c0000000,0x00000000c2741e18,0x00000000c4300000)
 Metaspace       used 48198K, committed 49408K, reserved 1114112K
  class space    used 5090K, committed 5696K, reserved 1048576K
}
Event: 21.536 GC heap after
{Heap after GC invocations=28 (full 2):
 PSYoungGen      total 26112K, used 4025K [0x00000000eab00000, 0x00000000ecb00000, 0x0000000100000000)
  eden space 22016K, 0% used [0x00000000eab00000,0x00000000eab00000,0x00000000ec080000)
  from space 4096K, 98% used [0x00000000ec700000,0x00000000ecaee630,0x00000000ecb00000)
  to   space 5120K, 0% used [0x00000000ec100000,0x00000000ec100000,0x00000000ec600000)
 ParOldGen       total 68608K, used 42600K [0x00000000c0000000, 0x00000000c4300000, 0x00000000eab00000)
  object space 68608K, 62% used [0x00000000c0000000,0x00000000c299a340,0x00000000c4300000)
 Metaspace       used 48198K, committed 49408K, reserved 1114112K
  class space    used 5090K, committed 5696K, reserved 1048576K
}
Event: 21.772 GC heap before
{Heap before GC invocations=29 (full 2):
 PSYoungGen      total 26112K, used 26041K [0x00000000eab00000, 0x00000000ecb00000, 0x0000000100000000)
  eden space 22016K, 100% used [0x00000000eab00000,0x00000000ec080000,0x00000000ec080000)
  from space 4096K, 98% used [0x00000000ec700000,0x00000000ecaee630,0x00000000ecb00000)
  to   space 5120K, 0% used [0x00000000ec100000,0x00000000ec100000,0x00000000ec600000)
 ParOldGen       total 68608K, used 42600K [0x00000000c0000000, 0x00000000c4300000, 0x00000000eab00000)
  object space 68608K, 62% used [0x00000000c0000000,0x00000000c299a340,0x00000000c4300000)
 Metaspace       used 48219K, committed 49472K, reserved 1114112K
  class space    used 5091K, committed 5696K, reserved 1048576K
}
Event: 21.778 GC heap after
{Heap after GC invocations=29 (full 2):
 PSYoungGen      total 26624K, used 4404K [0x00000000eab00000, 0x00000000ec980000, 0x0000000100000000)
  eden space 22016K, 0% used [0x00000000eab00000,0x00000000eab00000,0x00000000ec080000)
  from space 4608K, 95% used [0x00000000ec100000,0x00000000ec54d3c8,0x00000000ec580000)
  to   space 4096K, 0% used [0x00000000ec580000,0x00000000ec580000,0x00000000ec980000)
 ParOldGen       total 68608K, used 46372K [0x00000000c0000000, 0x00000000c4300000, 0x00000000eab00000)
  object space 68608K, 67% used [0x00000000c0000000,0x00000000c2d49168,0x00000000c4300000)
 Metaspace       used 48219K, committed 49472K, reserved 1114112K
  class space    used 5091K, committed 5696K, reserved 1048576K
}
Event: 21.989 GC heap before
{Heap before GC invocations=30 (full 2):
 PSYoungGen      total 26624K, used 26420K [0x00000000eab00000, 0x00000000ec980000, 0x0000000100000000)
  eden space 22016K, 100% used [0x00000000eab00000,0x00000000ec080000,0x00000000ec080000)
  from space 4608K, 95% used [0x00000000ec100000,0x00000000ec54d3c8,0x00000000ec580000)
  to   space 4096K, 0% used [0x00000000ec580000,0x00000000ec580000,0x00000000ec980000)
 ParOldGen       total 68608K, used 46372K [0x00000000c0000000, 0x00000000c4300000, 0x00000000eab00000)
  object space 68608K, 67% used [0x00000000c0000000,0x00000000c2d49168,0x00000000c4300000)
 Metaspace       used 48676K, committed 49920K, reserved 1114112K
  class space    used 5139K, committed 5696K, reserved 1048576K
}
Event: 21.996 GC heap after
{Heap after GC invocations=30 (full 2):
 PSYoungGen      total 21504K, used 4094K [0x00000000eab00000, 0x00000000ed380000, 0x0000000100000000)
  eden space 17408K, 0% used [0x00000000eab00000,0x00000000eab00000,0x00000000ebc00000)
  from space 4096K, 99% used [0x00000000ec580000,0x00000000ec97fa10,0x00000000ec980000)
  to   space 9728K, 0% used [0x00000000ebc00000,0x00000000ebc00000,0x00000000ec580000)
 ParOldGen       total 68608K, used 51083K [0x00000000c0000000, 0x00000000c4300000, 0x00000000eab00000)
  object space 68608K, 74% used [0x00000000c0000000,0x00000000c31e2e28,0x00000000c4300000)
 Metaspace       used 48676K, committed 49920K, reserved 1114112K
  class space    used 5139K, committed 5696K, reserved 1048576K
}
Event: 22.176 GC heap before
{Heap before GC invocations=31 (full 2):
 PSYoungGen      total 21504K, used 21502K [0x00000000eab00000, 0x00000000ed380000, 0x0000000100000000)
  eden space 17408K, 100% used [0x00000000eab00000,0x00000000ebc00000,0x00000000ebc00000)
  from space 4096K, 99% used [0x00000000ec580000,0x00000000ec97fa10,0x00000000ec980000)
  to   space 9728K, 0% used [0x00000000ebc00000,0x00000000ebc00000,0x00000000ec580000)
 ParOldGen       total 68608K, used 51083K [0x00000000c0000000, 0x00000000c4300000, 0x00000000eab00000)
  object space 68608K, 74% used [0x00000000c0000000,0x00000000c31e2e28,0x00000000c4300000)
 Metaspace       used 49700K, committed 50944K, reserved 1114112K
  class space    used 5240K, committed 5824K, reserved 1048576K
}
Event: 22.182 GC heap after
{Heap after GC invocations=31 (full 2):
 PSYoungGen      total 20480K, used 3060K [0x00000000eab00000, 0x00000000ec700000, 0x0000000100000000)
  eden space 17408K, 0% used [0x00000000eab00000,0x00000000eab00000,0x00000000ebc00000)
  from space 3072K, 99% used [0x00000000ebc00000,0x00000000ebefd0c8,0x00000000ebf00000)
  to   space 5632K, 0% used [0x00000000ec180000,0x00000000ec180000,0x00000000ec700000)
 ParOldGen       total 68608K, used 54948K [0x00000000c0000000, 0x00000000c4300000, 0x00000000eab00000)
  object space 68608K, 80% used [0x00000000c0000000,0x00000000c35a9138,0x00000000c4300000)
 Metaspace       used 49700K, committed 50944K, reserved 1114112K
  class space    used 5240K, committed 5824K, reserved 1048576K
}
Event: 22.398 GC heap before
{Heap before GC invocations=32 (full 2):
 PSYoungGen      total 20480K, used 20468K [0x00000000eab00000, 0x00000000ec700000, 0x0000000100000000)
  eden space 17408K, 100% used [0x00000000eab00000,0x00000000ebc00000,0x00000000ebc00000)
  from space 3072K, 99% used [0x00000000ebc00000,0x00000000ebefd0c8,0x00000000ebf00000)
  to   space 5632K, 0% used [0x00000000ec180000,0x00000000ec180000,0x00000000ec700000)
 ParOldGen       total 68608K, used 54948K [0x00000000c0000000, 0x00000000c4300000, 0x00000000eab00000)
  object space 68608K, 80% used [0x00000000c0000000,0x00000000c35a9138,0x00000000c4300000)
 Metaspace       used 50024K, committed 51264K, reserved 1114112K
  class space    used 5268K, committed 5824K, reserved 1048576K
}
Event: 22.404 GC heap after
{Heap after GC invocations=32 (full 2):
 PSYoungGen      total 21504K, used 3639K [0x00000000eab00000, 0x00000000ec580000, 0x0000000100000000)
  eden space 17408K, 0% used [0x00000000eab00000,0x00000000eab00000,0x00000000ebc00000)
  from space 4096K, 88% used [0x00000000ec180000,0x00000000ec50de98,0x00000000ec580000)
  to   space 4096K, 0% used [0x00000000ebd80000,0x00000000ebd80000,0x00000000ec180000)
 ParOldGen       total 68608K, used 57795K [0x00000000c0000000, 0x00000000c4300000, 0x00000000eab00000)
  object space 68608K, 84% used [0x00000000c0000000,0x00000000c3870ea8,0x00000000c4300000)
 Metaspace       used 50024K, committed 51264K, reserved 1114112K
  class space    used 5268K, committed 5824K, reserved 1048576K
}
Event: 22.677 GC heap before
{Heap before GC invocations=33 (full 2):
 PSYoungGen      total 21504K, used 21047K [0x00000000eab00000, 0x00000000ec580000, 0x0000000100000000)
  eden space 17408K, 100% used [0x00000000eab00000,0x00000000ebc00000,0x00000000ebc00000)
  from space 4096K, 88% used [0x00000000ec180000,0x00000000ec50de98,0x00000000ec580000)
  to   space 4096K, 0% used [0x00000000ebd80000,0x00000000ebd80000,0x00000000ec180000)
 ParOldGen       total 68608K, used 57795K [0x00000000c0000000, 0x00000000c4300000, 0x00000000eab00000)
  object space 68608K, 84% used [0x00000000c0000000,0x00000000c3870ea8,0x00000000c4300000)
 Metaspace       used 50441K, committed 51648K, reserved 1114112K
  class space    used 5312K, committed 5888K, reserved 1048576K
}
Event: 22.683 GC heap after
{Heap after GC invocations=33 (full 2):
 PSYoungGen      total 20992K, used 3454K [0x00000000eab00000, 0x00000000ec300000, 0x0000000100000000)
  eden space 17408K, 0% used [0x00000000eab00000,0x00000000eab00000,0x00000000ebc00000)
  from space 3584K, 96% used [0x00000000ebd80000,0x00000000ec0dfbf8,0x00000000ec100000)
  to   space 2048K, 0% used [0x00000000ec100000,0x00000000ec100000,0x00000000ec300000)
 ParOldGen       total 68608K, used 61096K [0x00000000c0000000, 0x00000000c4300000, 0x00000000eab00000)
  object space 68608K, 89% used [0x00000000c0000000,0x00000000c3baa110,0x00000000c4300000)
 Metaspace       used 50441K, committed 51648K, reserved 1114112K
  class space    used 5312K, committed 5888K, reserved 1048576K
}
Event: 23.103 GC heap before
{Heap before GC invocations=34 (full 2):
 PSYoungGen      total 20992K, used 20862K [0x00000000eab00000, 0x00000000ec300000, 0x0000000100000000)
  eden space 17408K, 100% used [0x00000000eab00000,0x00000000ebc00000,0x00000000ebc00000)
  from space 3584K, 96% used [0x00000000ebd80000,0x00000000ec0dfbf8,0x00000000ec100000)
  to   space 2048K, 0% used [0x00000000ec100000,0x00000000ec100000,0x00000000ec300000)
 ParOldGen       total 68608K, used 61096K [0x00000000c0000000, 0x00000000c4300000, 0x00000000eab00000)
  object space 68608K, 89% used [0x00000000c0000000,0x00000000c3baa110,0x00000000c4300000)
 Metaspace       used 50678K, committed 51904K, reserved 1114112K
  class space    used 5344K, committed 5888K, reserved 1048576K
}
Event: 23.111 GC heap after
{Heap after GC invocations=34 (full 2):
 PSYoungGen      total 16896K, used 2032K [0x00000000eab00000, 0x00000000ecb00000, 0x0000000100000000)
  eden space 14848K, 0% used [0x00000000eab00000,0x00000000eab00000,0x00000000eb980000)
  from space 2048K, 99% used [0x00000000ec100000,0x00000000ec2fc138,0x00000000ec300000)
  to   space 7680K, 0% used [0x00000000eb980000,0x00000000eb980000,0x00000000ec100000)
 ParOldGen       total 68608K, used 65721K [0x00000000c0000000, 0x00000000c4300000, 0x00000000eab00000)
  object space 68608K, 95% used [0x00000000c0000000,0x00000000c402e628,0x00000000c4300000)
 Metaspace       used 50678K, committed 51904K, reserved 1114112K
  class space    used 5344K, committed 5888K, reserved 1048576K
}
Event: 23.636 GC heap before
{Heap before GC invocations=35 (full 2):
 PSYoungGen      total 16896K, used 16826K [0x00000000eab00000, 0x00000000ecb00000, 0x0000000100000000)
  eden space 14848K, 99% used [0x00000000eab00000,0x00000000eb9728a8,0x00000000eb980000)
  from space 2048K, 99% used [0x00000000ec100000,0x00000000ec2fc138,0x00000000ec300000)
  to   space 7680K, 0% used [0x00000000eb980000,0x00000000eb980000,0x00000000ec100000)
 ParOldGen       total 68608K, used 65721K [0x00000000c0000000, 0x00000000c4300000, 0x00000000eab00000)
  object space 68608K, 95% used [0x00000000c0000000,0x00000000c402e628,0x00000000c4300000)
 Metaspace       used 50752K, committed 51968K, reserved 1114112K
  class space    used 5374K, committed 5952K, reserved 1048576K
}
Event: 23.643 GC heap after
{Heap after GC invocations=35 (full 2):
 PSYoungGen      total 17408K, used 2304K [0x00000000eab00000, 0x00000000ec180000, 0x0000000100000000)
  eden space 14848K, 0% used [0x00000000eab00000,0x00000000eab00000,0x00000000eb980000)
  from space 2560K, 90% used [0x00000000eb980000,0x00000000ebbc0138,0x00000000ebc00000)
  to   space 4096K, 0% used [0x00000000ebd80000,0x00000000ebd80000,0x00000000ec180000)
 ParOldGen       total 68608K, used 67636K [0x00000000c0000000, 0x00000000c4300000, 0x00000000eab00000)
  object space 68608K, 98% used [0x00000000c0000000,0x00000000c420d330,0x00000000c4300000)
 Metaspace       used 50752K, committed 51968K, reserved 1114112K
  class space    used 5374K, committed 5952K, reserved 1048576K
}

