# JRE version: OpenJDK Runtime Environment Temurin-21.0.6+7 (21.0.6+7) (build 21.0.6+7-LTS)
# Java VM: OpenJDK 64-Bit Server VM Temurin-21.0.6+7 (21.0.6+7-LTS, mixed mode, sharing, tiered, compressed oops, compressed class ptrs, parallel gc, windows-amd64)
GC Precious Log:
 CardTable entry size: 512
 CPUs: 8 total, 8 available
 Memory: 3987M
 Large Page Support: Disabled
 NUMA Support: Disabled
 Compressed Oops: Enabled (32-bit)
 Alignments: Space 512K, Generation 512K, Heap 2M
 Heap Min Capacity: 100M
 Heap Initial Capacity: 100M
 Heap Max Capacity: 1G
 Pre-touch: Disabled
 Parallel Workers: 8
Heap:
 PSYoungGen      total 14848K, used 2899K [0x00000000eab00000, 0x00000000ebc00000, 0x0000000100000000)
  eden space 12288K, 10% used [0x00000000eab00000,0x00000000eac3acd8,0x00000000eb700000)
  from space 2560K, 64% used [0x00000000eb700000,0x00000000eb89a2b0,0x00000000eb980000)
  to   space 2560K, 0% used [0x00000000eb980000,0x00000000eb980000,0x00000000ebc00000)
 ParOldGen       total 68608K, used 56877K [0x00000000c0000000, 0x00000000c4300000, 0x00000000eab00000)
  object space 68608K, 82% used [0x00000000c0000000,0x00000000c378b4a0,0x00000000c4300000)
 Metaspace       used 50141K, committed 51328K, reserved 1114112K
  class space    used 5267K, committed 5760K, reserved 1048576K
GC Heap History (20 events):
Event: 28.374 GC heap before
{Heap before GC invocations=25 (full 2):
 PSYoungGen      total 21504K, used 21060K [0x00000000eab00000, 0x00000000ec280000, 0x0000000100000000)
  eden space 18944K, 100% used [0x00000000eab00000,0x00000000ebd80000,0x00000000ebd80000)
  from space 2560K, 82% used [0x00000000ec000000,0x00000000ec2113a8,0x00000000ec280000)
  to   space 2560K, 0% used [0x00000000ebd80000,0x00000000ebd80000,0x00000000ec000000)
 ParOldGen       total 68608K, used 32975K [0x00000000c0000000, 0x00000000c4300000, 0x00000000eab00000)
  object space 68608K, 48% used [0x00000000c0000000,0x00000000c2033e08,0x00000000c4300000)
 Metaspace       used 47010K, committed 48256K, reserved 1114112K
  class space    used 4954K, committed 5504K, reserved 1048576K
}
Event: 28.385 GC heap after
{Heap after GC invocations=25 (full 2):
 PSYoungGen      total 20992K, used 1913K [0x00000000eab00000, 0x00000000ec180000, 0x0000000100000000)
  eden space 18944K, 0% used [0x00000000eab00000,0x00000000eab00000,0x00000000ebd80000)
  from space 2048K, 93% used [0x00000000ebd80000,0x00000000ebf5e610,0x00000000ebf80000)
  to   space 2048K, 0% used [0x00000000ebf80000,0x00000000ebf80000,0x00000000ec180000)
 ParOldGen       total 68608K, used 34925K [0x00000000c0000000, 0x00000000c4300000, 0x00000000eab00000)
  object space 68608K, 50% used [0x00000000c0000000,0x00000000c221b4e8,0x00000000c4300000)
 Metaspace       used 47010K, committed 48256K, reserved 1114112K
  class space    used 4954K, committed 5504K, reserved 1048576K
}
Event: 28.754 GC heap before
{Heap before GC invocations=26 (full 2):
 PSYoungGen      total 20992K, used 20857K [0x00000000eab00000, 0x00000000ec180000, 0x0000000100000000)
  eden space 18944K, 100% used [0x00000000eab00000,0x00000000ebd80000,0x00000000ebd80000)
  from space 2048K, 93% used [0x00000000ebd80000,0x00000000ebf5e610,0x00000000ebf80000)
  to   space 2048K, 0% used [0x00000000ebf80000,0x00000000ebf80000,0x00000000ec180000)
 ParOldGen       total 68608K, used 34925K [0x00000000c0000000, 0x00000000c4300000, 0x00000000eab00000)
  object space 68608K, 50% used [0x00000000c0000000,0x00000000c221b4e8,0x00000000c4300000)
 Metaspace       used 47027K, committed 48320K, reserved 1114112K
  class space    used 4955K, committed 5504K, reserved 1048576K
}
Event: 28.765 GC heap after
{Heap after GC invocations=26 (full 2):
 PSYoungGen      total 18432K, used 2016K [0x00000000eab00000, 0x00000000ec680000, 0x0000000100000000)
  eden space 16384K, 0% used [0x00000000eab00000,0x00000000eab00000,0x00000000ebb00000)
  from space 2048K, 98% used [0x00000000ebf80000,0x00000000ec1781e0,0x00000000ec180000)
  to   space 4608K, 0% used [0x00000000ebb00000,0x00000000ebb00000,0x00000000ebf80000)
 ParOldGen       total 68608K, used 36962K [0x00000000c0000000, 0x00000000c4300000, 0x00000000eab00000)
  object space 68608K, 53% used [0x00000000c0000000,0x00000000c2418ae8,0x00000000c4300000)
 Metaspace       used 47027K, committed 48320K, reserved 1114112K
  class space    used 4955K, committed 5504K, reserved 1048576K
}
Event: 28.966 GC heap before
{Heap before GC invocations=27 (full 2):
 PSYoungGen      total 18432K, used 18400K [0x00000000eab00000, 0x00000000ec680000, 0x0000000100000000)
  eden space 16384K, 100% used [0x00000000eab00000,0x00000000ebb00000,0x00000000ebb00000)
  from space 2048K, 98% used [0x00000000ebf80000,0x00000000ec1781e0,0x00000000ec180000)
  to   space 4608K, 0% used [0x00000000ebb00000,0x00000000ebb00000,0x00000000ebf80000)
 ParOldGen       total 68608K, used 36962K [0x00000000c0000000, 0x00000000c4300000, 0x00000000eab00000)
  object space 68608K, 53% used [0x00000000c0000000,0x00000000c2418ae8,0x00000000c4300000)
 Metaspace       used 47089K, committed 48320K, reserved 1114112K
  class space    used 4958K, committed 5504K, reserved 1048576K
}
Event: 28.974 GC heap after
{Heap after GC invocations=27 (full 2):
 PSYoungGen      total 18432K, used 1815K [0x00000000eab00000, 0x00000000ec100000, 0x0000000100000000)
  eden space 16384K, 0% used [0x00000000eab00000,0x00000000eab00000,0x00000000ebb00000)
  from space 2048K, 88% used [0x00000000ebb00000,0x00000000ebcc5dc8,0x00000000ebd00000)
  to   space 3072K, 0% used [0x00000000ebe00000,0x00000000ebe00000,0x00000000ec100000)
 ParOldGen       total 68608K, used 38972K [0x00000000c0000000, 0x00000000c4300000, 0x00000000eab00000)
  object space 68608K, 56% used [0x00000000c0000000,0x00000000c260f298,0x00000000c4300000)
 Metaspace       used 47089K, committed 48320K, reserved 1114112K
  class space    used 4958K, committed 5504K, reserved 1048576K
}
Event: 29.135 GC heap before
{Heap before GC invocations=28 (full 2):
 PSYoungGen      total 18432K, used 18199K [0x00000000eab00000, 0x00000000ec100000, 0x0000000100000000)
  eden space 16384K, 100% used [0x00000000eab00000,0x00000000ebb00000,0x00000000ebb00000)
  from space 2048K, 88% used [0x00000000ebb00000,0x00000000ebcc5dc8,0x00000000ebd00000)
  to   space 3072K, 0% used [0x00000000ebe00000,0x00000000ebe00000,0x00000000ec100000)
 ParOldGen       total 68608K, used 38972K [0x00000000c0000000, 0x00000000c4300000, 0x00000000eab00000)
  object space 68608K, 56% used [0x00000000c0000000,0x00000000c260f298,0x00000000c4300000)
 Metaspace       used 47108K, committed 48320K, reserved 1114112K
  class space    used 4958K, committed 5504K, reserved 1048576K
}
Event: 29.141 GC heap after
{Heap after GC invocations=28 (full 2):
 PSYoungGen      total 18944K, used 2136K [0x00000000eab00000, 0x00000000ec080000, 0x0000000100000000)
  eden space 16384K, 0% used [0x00000000eab00000,0x00000000eab00000,0x00000000ebb00000)
  from space 2560K, 83% used [0x00000000ebe00000,0x00000000ec0163e8,0x00000000ec080000)
  to   space 2560K, 0% used [0x00000000ebb80000,0x00000000ebb80000,0x00000000ebe00000)
 ParOldGen       total 68608K, used 40649K [0x00000000c0000000, 0x00000000c4300000, 0x00000000eab00000)
  object space 68608K, 59% used [0x00000000c0000000,0x00000000c27b2518,0x00000000c4300000)
 Metaspace       used 47108K, committed 48320K, reserved 1114112K
  class space    used 4958K, committed 5504K, reserved 1048576K
}
Event: 29.370 GC heap before
{Heap before GC invocations=29 (full 2):
 PSYoungGen      total 18944K, used 18520K [0x00000000eab00000, 0x00000000ec080000, 0x0000000100000000)
  eden space 16384K, 100% used [0x00000000eab00000,0x00000000ebb00000,0x00000000ebb00000)
  from space 2560K, 83% used [0x00000000ebe00000,0x00000000ec0163e8,0x00000000ec080000)
  to   space 2560K, 0% used [0x00000000ebb80000,0x00000000ebb80000,0x00000000ebe00000)
 ParOldGen       total 68608K, used 40649K [0x00000000c0000000, 0x00000000c4300000, 0x00000000eab00000)
  object space 68608K, 59% used [0x00000000c0000000,0x00000000c27b2518,0x00000000c4300000)
 Metaspace       used 47257K, committed 48448K, reserved 1114112K
  class space    used 4972K, committed 5504K, reserved 1048576K
}
Event: 29.375 GC heap after
{Heap after GC invocations=29 (full 2):
 PSYoungGen      total 18944K, used 2351K [0x00000000eab00000, 0x00000000ec000000, 0x0000000100000000)
  eden space 16384K, 0% used [0x00000000eab00000,0x00000000eab00000,0x00000000ebb00000)
  from space 2560K, 91% used [0x00000000ebb80000,0x00000000ebdcbdd0,0x00000000ebe00000)
  to   space 2048K, 0% used [0x00000000ebe00000,0x00000000ebe00000,0x00000000ec000000)
 ParOldGen       total 68608K, used 42651K [0x00000000c0000000, 0x00000000c4300000, 0x00000000eab00000)
  object space 68608K, 62% used [0x00000000c0000000,0x00000000c29a6f80,0x00000000c4300000)
 Metaspace       used 47257K, committed 48448K, reserved 1114112K
  class space    used 4972K, committed 5504K, reserved 1048576K
}
Event: 29.637 GC heap before
{Heap before GC invocations=30 (full 2):
 PSYoungGen      total 18944K, used 18735K [0x00000000eab00000, 0x00000000ec000000, 0x0000000100000000)
  eden space 16384K, 100% used [0x00000000eab00000,0x00000000ebb00000,0x00000000ebb00000)
  from space 2560K, 91% used [0x00000000ebb80000,0x00000000ebdcbdd0,0x00000000ebe00000)
  to   space 2048K, 0% used [0x00000000ebe00000,0x00000000ebe00000,0x00000000ec000000)
 ParOldGen       total 68608K, used 42651K [0x00000000c0000000, 0x00000000c4300000, 0x00000000eab00000)
  object space 68608K, 62% used [0x00000000c0000000,0x00000000c29a6f80,0x00000000c4300000)
 Metaspace       used 47698K, committed 48896K, reserved 1114112K
  class space    used 5009K, committed 5568K, reserved 1048576K
}
Event: 29.644 GC heap after
{Heap after GC invocations=30 (full 2):
 PSYoungGen      total 14336K, used 2042K [0x00000000eab00000, 0x00000000ec900000, 0x0000000100000000)
  eden space 12288K, 0% used [0x00000000eab00000,0x00000000eab00000,0x00000000eb700000)
  from space 2048K, 99% used [0x00000000ebe00000,0x00000000ebffebc8,0x00000000ec000000)
  to   space 7168K, 0% used [0x00000000eb700000,0x00000000eb700000,0x00000000ebe00000)
 ParOldGen       total 68608K, used 46675K [0x00000000c0000000, 0x00000000c4300000, 0x00000000eab00000)
  object space 68608K, 68% used [0x00000000c0000000,0x00000000c2d94ea0,0x00000000c4300000)
 Metaspace       used 47698K, committed 48896K, reserved 1114112K
  class space    used 5009K, committed 5568K, reserved 1048576K
}
Event: 29.924 GC heap before
{Heap before GC invocations=31 (full 2):
 PSYoungGen      total 14336K, used 14323K [0x00000000eab00000, 0x00000000ec900000, 0x0000000100000000)
  eden space 12288K, 99% used [0x00000000eab00000,0x00000000eb6fe1a8,0x00000000eb700000)
  from space 2048K, 99% used [0x00000000ebe00000,0x00000000ebffebc8,0x00000000ec000000)
  to   space 7168K, 0% used [0x00000000eb700000,0x00000000eb700000,0x00000000ebe00000)
 ParOldGen       total 68608K, used 46675K [0x00000000c0000000, 0x00000000c4300000, 0x00000000eab00000)
  object space 68608K, 68% used [0x00000000c0000000,0x00000000c2d94ea0,0x00000000c4300000)
 Metaspace       used 47972K, committed 49152K, reserved 1114112K
  class space    used 5047K, committed 5568K, reserved 1048576K
}
Event: 29.929 GC heap after
{Heap after GC invocations=31 (full 2):
 PSYoungGen      total 14848K, used 2049K [0x00000000eab00000, 0x00000000ebe80000, 0x0000000100000000)
  eden space 12288K, 0% used [0x00000000eab00000,0x00000000eab00000,0x00000000eb700000)
  from space 2560K, 80% used [0x00000000eb700000,0x00000000eb900690,0x00000000eb980000)
  to   space 3584K, 0% used [0x00000000ebb00000,0x00000000ebb00000,0x00000000ebe80000)
 ParOldGen       total 68608K, used 48679K [0x00000000c0000000, 0x00000000c4300000, 0x00000000eab00000)
  object space 68608K, 70% used [0x00000000c0000000,0x00000000c2f89d00,0x00000000c4300000)
 Metaspace       used 47972K, committed 49152K, reserved 1114112K
  class space    used 5047K, committed 5568K, reserved 1048576K
}
Event: 30.237 GC heap before
{Heap before GC invocations=32 (full 2):
 PSYoungGen      total 14848K, used 14337K [0x00000000eab00000, 0x00000000ebe80000, 0x0000000100000000)
  eden space 12288K, 100% used [0x00000000eab00000,0x00000000eb700000,0x00000000eb700000)
  from space 2560K, 80% used [0x00000000eb700000,0x00000000eb900690,0x00000000eb980000)
  to   space 3584K, 0% used [0x00000000ebb00000,0x00000000ebb00000,0x00000000ebe80000)
 ParOldGen       total 68608K, used 48679K [0x00000000c0000000, 0x00000000c4300000, 0x00000000eab00000)
  object space 68608K, 70% used [0x00000000c0000000,0x00000000c2f89d00,0x00000000c4300000)
 Metaspace       used 48053K, committed 49344K, reserved 1114112K
  class space    used 5052K, committed 5632K, reserved 1048576K
}
Event: 30.242 GC heap after
{Heap after GC invocations=32 (full 2):
 PSYoungGen      total 14848K, used 2304K [0x00000000eab00000, 0x00000000ebd80000, 0x0000000100000000)
  eden space 12288K, 0% used [0x00000000eab00000,0x00000000eab00000,0x00000000eb700000)
  from space 2560K, 90% used [0x00000000ebb00000,0x00000000ebd400b8,0x00000000ebd80000)
  to   space 2560K, 0% used [0x00000000eb700000,0x00000000eb700000,0x00000000eb980000)
 ParOldGen       total 68608K, used 50508K [0x00000000c0000000, 0x00000000c4300000, 0x00000000eab00000)
  object space 68608K, 73% used [0x00000000c0000000,0x00000000c31531c8,0x00000000c4300000)
 Metaspace       used 48053K, committed 49344K, reserved 1114112K
  class space    used 5052K, committed 5632K, reserved 1048576K
}
Event: 30.719 GC heap before
{Heap before GC invocations=33 (full 2):
 PSYoungGen      total 14848K, used 14592K [0x00000000eab00000, 0x00000000ebd80000, 0x0000000100000000)
  eden space 12288K, 100% used [0x00000000eab00000,0x00000000eb700000,0x00000000eb700000)
  from space 2560K, 90% used [0x00000000ebb00000,0x00000000ebd400b8,0x00000000ebd80000)
  to   space 2560K, 0% used [0x00000000eb700000,0x00000000eb700000,0x00000000eb980000)
 ParOldGen       total 68608K, used 50508K [0x00000000c0000000, 0x00000000c4300000, 0x00000000eab00000)
  object space 68608K, 73% used [0x00000000c0000000,0x00000000c31531c8,0x00000000c4300000)
 Metaspace       used 48407K, committed 49600K, reserved 1114112K
  class space    used 5099K, committed 5632K, reserved 1048576K
}
Event: 30.726 GC heap after
{Heap after GC invocations=33 (full 2):
 PSYoungGen      total 14848K, used 1976K [0x00000000eab00000, 0x00000000ebc00000, 0x0000000100000000)
  eden space 12288K, 0% used [0x00000000eab00000,0x00000000eab00000,0x00000000eb700000)
  from space 2560K, 77% used [0x00000000eb700000,0x00000000eb8ee108,0x00000000eb980000)
  to   space 2560K, 0% used [0x00000000eb980000,0x00000000eb980000,0x00000000ebc00000)
 ParOldGen       total 68608K, used 52616K [0x00000000c0000000, 0x00000000c4300000, 0x00000000eab00000)
  object space 68608K, 76% used [0x00000000c0000000,0x00000000c3362090,0x00000000c4300000)
 Metaspace       used 48407K, committed 49600K, reserved 1114112K
  class space    used 5099K, committed 5632K, reserved 1048576K
}
Event: 31.365 GC heap before
{Heap before GC invocations=34 (full 2):
 PSYoungGen      total 14848K, used 14247K [0x00000000eab00000, 0x00000000ebc00000, 0x0000000100000000)
  eden space 12288K, 99% used [0x00000000eab00000,0x00000000eb6fbd98,0x00000000eb700000)
  from space 2560K, 77% used [0x00000000eb700000,0x00000000eb8ee108,0x00000000eb980000)
  to   space 2560K, 0% used [0x00000000eb980000,0x00000000eb980000,0x00000000ebc00000)
 ParOldGen       total 68608K, used 52616K [0x00000000c0000000, 0x00000000c4300000, 0x00000000eab00000)
  object space 68608K, 76% used [0x00000000c0000000,0x00000000c3362090,0x00000000c4300000)
 Metaspace       used 49143K, committed 50368K, reserved 1114112K
  class space    used 5163K, committed 5696K, reserved 1048576K
}
Event: 31.371 GC heap after
{Heap after GC invocations=34 (full 2):
 PSYoungGen      total 14848K, used 2542K [0x00000000eab00000, 0x00000000ebc00000, 0x0000000100000000)
  eden space 12288K, 0% used [0x00000000eab00000,0x00000000eab00000,0x00000000eb700000)
  from space 2560K, 99% used [0x00000000eb980000,0x00000000ebbfb9b8,0x00000000ebc00000)
  to   space 2560K, 0% used [0x00000000eb700000,0x00000000eb700000,0x00000000eb980000)
 ParOldGen       total 68608K, used 54474K [0x00000000c0000000, 0x00000000c4300000, 0x00000000eab00000)
  object space 68608K, 79% used [0x00000000c0000000,0x00000000c3532950,0x00000000c4300000)
 Metaspace       used 49143K, committed 50368K, reserved 1114112K
  class space    used 5163K, committed 5696K, reserved 1048576K
}

