# JRE version: OpenJDK Runtime Environment Temurin-21.0.6+7 (21.0.6+7) (build 21.0.6+7-LTS)
# Java VM: OpenJDK 64-Bit Server VM Temurin-21.0.6+7 (21.0.6+7-LTS, mixed mode, sharing, tiered, compressed oops, compressed class ptrs, parallel gc, windows-amd64)
GC Precious Log:
 CardTable entry size: 512
 CPUs: 8 total, 8 available
 Memory: 3987M
 Large Page Support: Disabled
 NUMA Support: Disabled
 Compressed Oops: Enabled (32-bit)
 Alignments: Space 512K, Generation 512K, Heap 2M
 Heap Min Capacity: 100M
 Heap Initial Capacity: 100M
 Heap Max Capacity: 1G
 Pre-touch: Disabled
 Parallel Workers: 8
Heap:
 PSYoungGen      total 2560K, used 457K [0x00000000eab00000, 0x00000000eae00000, 0x0000000100000000)
  eden space 1536K, 2% used [0x00000000eab00000,0x00000000eab087c8,0x00000000eac80000)
  from space 1024K, 41% used [0x00000000eac80000,0x00000000eace9cd8,0x00000000ead80000)
  to   space 512K, 0% used [0x00000000ead80000,0x00000000ead80000,0x00000000eae00000)
 ParOldGen       total 275968K, used 275860K [0x00000000c0000000, 0x00000000d0d80000, 0x00000000eab00000)
  object space 275968K, 99% used [0x00000000c0000000,0x00000000d0d653a0,0x00000000d0d80000)
 Metaspace       used 61722K, committed 63168K, reserved 1114112K
  class space    used 6339K, committed 6976K, reserved 1048576K
GC Heap History (20 events):
Event: 52.450 GC heap before
{Heap before GC invocations=734 (full 3):
 PSYoungGen      total 2048K, used 1962K [0x00000000eab00000, 0x00000000eae00000, 0x0000000100000000)
  eden space 1536K, 99% used [0x00000000eab00000,0x00000000eac7fff8,0x00000000eac80000)
  from space 512K, 83% used [0x00000000ead80000,0x00000000eadea960,0x00000000eae00000)
  to   space 512K, 0% used [0x00000000ead00000,0x00000000ead00000,0x00000000ead80000)
 ParOldGen       total 272896K, used 272594K [0x00000000c0000000, 0x00000000d0a80000, 0x00000000eab00000)
  object space 272896K, 99% used [0x00000000c0000000,0x00000000d0a349b8,0x00000000d0a80000)
 Metaspace       used 61714K, committed 63168K, reserved 1114112K
  class space    used 6337K, committed 6976K, reserved 1048576K
}
Event: 52.453 GC heap after
{Heap after GC invocations=734 (full 3):
 PSYoungGen      total 2048K, used 346K [0x00000000eab00000, 0x00000000eae00000, 0x0000000100000000)
  eden space 1536K, 0% used [0x00000000eab00000,0x00000000eab00000,0x00000000eac80000)
  from space 512K, 67% used [0x00000000ead00000,0x00000000ead56a50,0x00000000ead80000)
  to   space 512K, 0% used [0x00000000ead80000,0x00000000ead80000,0x00000000eae00000)
 ParOldGen       total 273408K, used 272922K [0x00000000c0000000, 0x00000000d0b00000, 0x00000000eab00000)
  object space 273408K, 99% used [0x00000000c0000000,0x00000000d0a869d0,0x00000000d0b00000)
 Metaspace       used 61714K, committed 63168K, reserved 1114112K
  class space    used 6337K, committed 6976K, reserved 1048576K
}
Event: 52.485 GC heap before
{Heap before GC invocations=735 (full 3):
 PSYoungGen      total 2048K, used 1877K [0x00000000eab00000, 0x00000000eae00000, 0x0000000100000000)
  eden space 1536K, 99% used [0x00000000eab00000,0x00000000eac7eac0,0x00000000eac80000)
  from space 512K, 67% used [0x00000000ead00000,0x00000000ead56a50,0x00000000ead80000)
  to   space 512K, 0% used [0x00000000ead80000,0x00000000ead80000,0x00000000eae00000)
 ParOldGen       total 273408K, used 272922K [0x00000000c0000000, 0x00000000d0b00000, 0x00000000eab00000)
  object space 273408K, 99% used [0x00000000c0000000,0x00000000d0a869d0,0x00000000d0b00000)
 Metaspace       used 61714K, committed 63168K, reserved 1114112K
  class space    used 6337K, committed 6976K, reserved 1048576K
}
Event: 52.487 GC heap after
{Heap after GC invocations=735 (full 3):
 PSYoungGen      total 2048K, used 421K [0x00000000eab00000, 0x00000000eae00000, 0x0000000100000000)
  eden space 1536K, 0% used [0x00000000eab00000,0x00000000eab00000,0x00000000eac80000)
  from space 512K, 82% used [0x00000000ead80000,0x00000000eade9408,0x00000000eae00000)
  to   space 512K, 0% used [0x00000000ead00000,0x00000000ead00000,0x00000000ead80000)
 ParOldGen       total 273408K, used 273210K [0x00000000c0000000, 0x00000000d0b00000, 0x00000000eab00000)
  object space 273408K, 99% used [0x00000000c0000000,0x00000000d0acead8,0x00000000d0b00000)
 Metaspace       used 61714K, committed 63168K, reserved 1114112K
  class space    used 6337K, committed 6976K, reserved 1048576K
}
Event: 52.561 GC heap before
{Heap before GC invocations=736 (full 3):
 PSYoungGen      total 2048K, used 1899K [0x00000000eab00000, 0x00000000eae00000, 0x0000000100000000)
  eden space 1536K, 96% used [0x00000000eab00000,0x00000000eac71b90,0x00000000eac80000)
  from space 512K, 82% used [0x00000000ead80000,0x00000000eade9408,0x00000000eae00000)
  to   space 512K, 0% used [0x00000000ead00000,0x00000000ead00000,0x00000000ead80000)
 ParOldGen       total 273408K, used 273210K [0x00000000c0000000, 0x00000000d0b00000, 0x00000000eab00000)
  object space 273408K, 99% used [0x00000000c0000000,0x00000000d0acead8,0x00000000d0b00000)
 Metaspace       used 61714K, committed 63168K, reserved 1114112K
  class space    used 6337K, committed 6976K, reserved 1048576K
}
Event: 52.563 GC heap after
{Heap after GC invocations=736 (full 3):
 PSYoungGen      total 2048K, used 298K [0x00000000eab00000, 0x00000000eae00000, 0x0000000100000000)
  eden space 1536K, 0% used [0x00000000eab00000,0x00000000eab00000,0x00000000eac80000)
  from space 512K, 58% used [0x00000000ead00000,0x00000000ead4a8d0,0x00000000ead80000)
  to   space 512K, 0% used [0x00000000ead80000,0x00000000ead80000,0x00000000eae00000)
 ParOldGen       total 273920K, used 273448K [0x00000000c0000000, 0x00000000d0b80000, 0x00000000eab00000)
  object space 273920K, 99% used [0x00000000c0000000,0x00000000d0b0a290,0x00000000d0b80000)
 Metaspace       used 61714K, committed 63168K, reserved 1114112K
  class space    used 6337K, committed 6976K, reserved 1048576K
}
Event: 52.588 GC heap before
{Heap before GC invocations=737 (full 3):
 PSYoungGen      total 2048K, used 1775K [0x00000000eab00000, 0x00000000eae00000, 0x0000000100000000)
  eden space 1536K, 96% used [0x00000000eab00000,0x00000000eac716b0,0x00000000eac80000)
  from space 512K, 58% used [0x00000000ead00000,0x00000000ead4a8d0,0x00000000ead80000)
  to   space 512K, 0% used [0x00000000ead80000,0x00000000ead80000,0x00000000eae00000)
 ParOldGen       total 273920K, used 273448K [0x00000000c0000000, 0x00000000d0b80000, 0x00000000eab00000)
  object space 273920K, 99% used [0x00000000c0000000,0x00000000d0b0a290,0x00000000d0b80000)
 Metaspace       used 61714K, committed 63168K, reserved 1114112K
  class space    used 6337K, committed 6976K, reserved 1048576K
}
Event: 52.591 GC heap after
{Heap after GC invocations=737 (full 3):
 PSYoungGen      total 2048K, used 362K [0x00000000eab00000, 0x00000000eae00000, 0x0000000100000000)
  eden space 1536K, 0% used [0x00000000eab00000,0x00000000eab00000,0x00000000eac80000)
  from space 512K, 70% used [0x00000000ead80000,0x00000000eadda8f0,0x00000000eae00000)
  to   space 512K, 0% used [0x00000000ead00000,0x00000000ead00000,0x00000000ead80000)
 ParOldGen       total 273920K, used 273635K [0x00000000c0000000, 0x00000000d0b80000, 0x00000000eab00000)
  object space 273920K, 99% used [0x00000000c0000000,0x00000000d0b38cb8,0x00000000d0b80000)
 Metaspace       used 61714K, committed 63168K, reserved 1114112K
  class space    used 6337K, committed 6976K, reserved 1048576K
}
Event: 52.610 GC heap before
{Heap before GC invocations=738 (full 3):
 PSYoungGen      total 2048K, used 1898K [0x00000000eab00000, 0x00000000eae00000, 0x0000000100000000)
  eden space 1536K, 100% used [0x00000000eab00000,0x00000000eac80000,0x00000000eac80000)
  from space 512K, 70% used [0x00000000ead80000,0x00000000eadda8f0,0x00000000eae00000)
  to   space 512K, 0% used [0x00000000ead00000,0x00000000ead00000,0x00000000ead80000)
 ParOldGen       total 273920K, used 273635K [0x00000000c0000000, 0x00000000d0b80000, 0x00000000eab00000)
  object space 273920K, 99% used [0x00000000c0000000,0x00000000d0b38cb8,0x00000000d0b80000)
 Metaspace       used 61714K, committed 63168K, reserved 1114112K
  class space    used 6337K, committed 6976K, reserved 1048576K
}
Event: 52.612 GC heap after
{Heap after GC invocations=738 (full 3):
 PSYoungGen      total 2048K, used 509K [0x00000000eab00000, 0x00000000eae80000, 0x0000000100000000)
  eden space 1536K, 0% used [0x00000000eab00000,0x00000000eab00000,0x00000000eac80000)
  from space 512K, 99% used [0x00000000ead00000,0x00000000ead7f470,0x00000000ead80000)
  to   space 1024K, 0% used [0x00000000ead80000,0x00000000ead80000,0x00000000eae80000)
 ParOldGen       total 274432K, used 274024K [0x00000000c0000000, 0x00000000d0c00000, 0x00000000eab00000)
  object space 274432K, 99% used [0x00000000c0000000,0x00000000d0b9a0e0,0x00000000d0c00000)
 Metaspace       used 61714K, committed 63168K, reserved 1114112K
  class space    used 6337K, committed 6976K, reserved 1048576K
}
Event: 52.644 GC heap before
{Heap before GC invocations=739 (full 3):
 PSYoungGen      total 2048K, used 2033K [0x00000000eab00000, 0x00000000eae80000, 0x0000000100000000)
  eden space 1536K, 99% used [0x00000000eab00000,0x00000000eac7d1c0,0x00000000eac80000)
  from space 512K, 99% used [0x00000000ead00000,0x00000000ead7f470,0x00000000ead80000)
  to   space 1024K, 0% used [0x00000000ead80000,0x00000000ead80000,0x00000000eae80000)
 ParOldGen       total 274432K, used 274024K [0x00000000c0000000, 0x00000000d0c00000, 0x00000000eab00000)
  object space 274432K, 99% used [0x00000000c0000000,0x00000000d0b9a0e0,0x00000000d0c00000)
 Metaspace       used 61714K, committed 63168K, reserved 1114112K
  class space    used 6337K, committed 6976K, reserved 1048576K
}
Event: 52.647 GC heap after
{Heap after GC invocations=739 (full 3):
 PSYoungGen      total 2560K, used 409K [0x00000000eab00000, 0x00000000eae80000, 0x0000000100000000)
  eden space 1536K, 0% used [0x00000000eab00000,0x00000000eab00000,0x00000000eac80000)
  from space 1024K, 39% used [0x00000000ead80000,0x00000000eade6610,0x00000000eae80000)
  to   space 1024K, 0% used [0x00000000eac80000,0x00000000eac80000,0x00000000ead80000)
 ParOldGen       total 274432K, used 274209K [0x00000000c0000000, 0x00000000d0c00000, 0x00000000eab00000)
  object space 274432K, 99% used [0x00000000c0000000,0x00000000d0bc86a0,0x00000000d0c00000)
 Metaspace       used 61714K, committed 63168K, reserved 1114112K
  class space    used 6337K, committed 6976K, reserved 1048576K
}
Event: 52.663 GC heap before
{Heap before GC invocations=740 (full 3):
 PSYoungGen      total 2560K, used 1945K [0x00000000eab00000, 0x00000000eae80000, 0x0000000100000000)
  eden space 1536K, 100% used [0x00000000eab00000,0x00000000eac80000,0x00000000eac80000)
  from space 1024K, 39% used [0x00000000ead80000,0x00000000eade6610,0x00000000eae80000)
  to   space 1024K, 0% used [0x00000000eac80000,0x00000000eac80000,0x00000000ead80000)
 ParOldGen       total 274432K, used 274209K [0x00000000c0000000, 0x00000000d0c00000, 0x00000000eab00000)
  object space 274432K, 99% used [0x00000000c0000000,0x00000000d0bc86a0,0x00000000d0c00000)
 Metaspace       used 61720K, committed 63168K, reserved 1114112K
  class space    used 6338K, committed 6976K, reserved 1048576K
}
Event: 52.665 GC heap after
{Heap after GC invocations=740 (full 3):
 PSYoungGen      total 2560K, used 451K [0x00000000eab00000, 0x00000000eae00000, 0x0000000100000000)
  eden space 1536K, 0% used [0x00000000eab00000,0x00000000eab00000,0x00000000eac80000)
  from space 1024K, 44% used [0x00000000eac80000,0x00000000eacf0c98,0x00000000ead80000)
  to   space 512K, 0% used [0x00000000ead80000,0x00000000ead80000,0x00000000eae00000)
 ParOldGen       total 274944K, used 274472K [0x00000000c0000000, 0x00000000d0c80000, 0x00000000eab00000)
  object space 274944K, 99% used [0x00000000c0000000,0x00000000d0c0a390,0x00000000d0c80000)
 Metaspace       used 61720K, committed 63168K, reserved 1114112K
  class space    used 6338K, committed 6976K, reserved 1048576K
}
Event: 52.685 GC heap before
{Heap before GC invocations=741 (full 3):
 PSYoungGen      total 2560K, used 1987K [0x00000000eab00000, 0x00000000eae00000, 0x0000000100000000)
  eden space 1536K, 99% used [0x00000000eab00000,0x00000000eac7fff8,0x00000000eac80000)
  from space 1024K, 44% used [0x00000000eac80000,0x00000000eacf0c98,0x00000000ead80000)
  to   space 512K, 0% used [0x00000000ead80000,0x00000000ead80000,0x00000000eae00000)
 ParOldGen       total 274944K, used 274472K [0x00000000c0000000, 0x00000000d0c80000, 0x00000000eab00000)
  object space 274944K, 99% used [0x00000000c0000000,0x00000000d0c0a390,0x00000000d0c80000)
 Metaspace       used 61720K, committed 63168K, reserved 1114112K
  class space    used 6338K, committed 6976K, reserved 1048576K
}
Event: 52.689 GC heap after
{Heap after GC invocations=741 (full 3):
 PSYoungGen      total 2048K, used 450K [0x00000000eab00000, 0x00000000eae00000, 0x0000000100000000)
  eden space 1536K, 0% used [0x00000000eab00000,0x00000000eab00000,0x00000000eac80000)
  from space 512K, 88% used [0x00000000ead80000,0x00000000eadf0af0,0x00000000eae00000)
  to   space 512K, 0% used [0x00000000ead00000,0x00000000ead00000,0x00000000ead80000)
 ParOldGen       total 274944K, used 274793K [0x00000000c0000000, 0x00000000d0c80000, 0x00000000eab00000)
  object space 274944K, 99% used [0x00000000c0000000,0x00000000d0c5a6f0,0x00000000d0c80000)
 Metaspace       used 61720K, committed 63168K, reserved 1114112K
  class space    used 6338K, committed 6976K, reserved 1048576K
}
Event: 52.721 GC heap before
{Heap before GC invocations=742 (full 3):
 PSYoungGen      total 2048K, used 1986K [0x00000000eab00000, 0x00000000eae00000, 0x0000000100000000)
  eden space 1536K, 100% used [0x00000000eab00000,0x00000000eac80000,0x00000000eac80000)
  from space 512K, 88% used [0x00000000ead80000,0x00000000eadf0af0,0x00000000eae00000)
  to   space 512K, 0% used [0x00000000ead00000,0x00000000ead00000,0x00000000ead80000)
 ParOldGen       total 274944K, used 274793K [0x00000000c0000000, 0x00000000d0c80000, 0x00000000eab00000)
  object space 274944K, 99% used [0x00000000c0000000,0x00000000d0c5a6f0,0x00000000d0c80000)
 Metaspace       used 61720K, committed 63168K, reserved 1114112K
  class space    used 6338K, committed 6976K, reserved 1048576K
}
Event: 52.725 GC heap after
{Heap after GC invocations=742 (full 3):
 PSYoungGen      total 2048K, used 493K [0x00000000eab00000, 0x00000000eae80000, 0x0000000100000000)
  eden space 1536K, 0% used [0x00000000eab00000,0x00000000eab00000,0x00000000eac80000)
  from space 512K, 96% used [0x00000000ead00000,0x00000000ead7b698,0x00000000ead80000)
  to   space 1024K, 0% used [0x00000000ead80000,0x00000000ead80000,0x00000000eae80000)
 ParOldGen       total 275456K, used 275162K [0x00000000c0000000, 0x00000000d0d00000, 0x00000000eab00000)
  object space 275456K, 99% used [0x00000000c0000000,0x00000000d0cb6870,0x00000000d0d00000)
 Metaspace       used 61720K, committed 63168K, reserved 1114112K
  class space    used 6338K, committed 6976K, reserved 1048576K
}
Event: 52.752 GC heap before
{Heap before GC invocations=743 (full 3):
 PSYoungGen      total 2048K, used 2012K [0x00000000eab00000, 0x00000000eae80000, 0x0000000100000000)
  eden space 1536K, 98% used [0x00000000eab00000,0x00000000eac7bbf8,0x00000000eac80000)
  from space 512K, 96% used [0x00000000ead00000,0x00000000ead7b698,0x00000000ead80000)
  to   space 1024K, 0% used [0x00000000ead80000,0x00000000ead80000,0x00000000eae80000)
 ParOldGen       total 275456K, used 275162K [0x00000000c0000000, 0x00000000d0d00000, 0x00000000eab00000)
  object space 275456K, 99% used [0x00000000c0000000,0x00000000d0cb6870,0x00000000d0d00000)
 Metaspace       used 61720K, committed 63168K, reserved 1114112K
  class space    used 6338K, committed 6976K, reserved 1048576K
}
Event: 52.757 GC heap after
{Heap after GC invocations=743 (full 3):
 PSYoungGen      total 2560K, used 443K [0x00000000eab00000, 0x00000000eae80000, 0x0000000100000000)
  eden space 1536K, 0% used [0x00000000eab00000,0x00000000eab00000,0x00000000eac80000)
  from space 1024K, 43% used [0x00000000ead80000,0x00000000eadeecb8,0x00000000eae80000)
  to   space 1024K, 0% used [0x00000000eac80000,0x00000000eac80000,0x00000000ead80000)
 ParOldGen       total 275968K, used 275526K [0x00000000c0000000, 0x00000000d0d80000, 0x00000000eab00000)
  object space 275968K, 99% used [0x00000000c0000000,0x00000000d0d11950,0x00000000d0d80000)
 Metaspace       used 61720K, committed 63168K, reserved 1114112K
  class space    used 6338K, committed 6976K, reserved 1048576K
}

