# JRE version: OpenJDK Runtime Environment Temurin-21.0.6+7 (21.0.6+7) (build 21.0.6+7-LTS)
# Java VM: OpenJDK 64-Bit Server VM Temurin-21.0.6+7 (21.0.6+7-LTS, mixed mode, sharing, tiered, compressed oops, compressed class ptrs, parallel gc, windows-amd64)
GC Precious Log:
 CardTable entry size: 512
 CPUs: 8 total, 8 available
 Memory: 3987M
 Large Page Support: Disabled
 NUMA Support: Disabled
 Compressed Oops: Enabled (32-bit)
 Alignments: Space 512K, Generation 512K, Heap 2M
 Heap Min Capacity: 100M
 Heap Initial Capacity: 100M
 Heap Max Capacity: 1G
 Pre-touch: Disabled
 Parallel Workers: 8
Heap:
 PSYoungGen      total 18944K, used 17723K [0x00000000eab00000, 0x00000000ec500000, 0x0000000100000000)
  eden space 12288K, 94% used [0x00000000eab00000,0x00000000eb663ed8,0x00000000eb700000)
  from space 6656K, 91% used [0x00000000eb700000,0x00000000ebceb098,0x00000000ebd80000)
  to   space 6656K, 0% used [0x00000000ebe80000,0x00000000ebe80000,0x00000000ec500000)
 ParOldGen       total 370176K, used 367126K [0x00000000c0000000, 0x00000000d6980000, 0x00000000eab00000)
  object space 370176K, 99% used [0x00000000c0000000,0x00000000d6685b98,0x00000000d6980000)
 Metaspace       used 61867K, committed 63296K, reserved 1114112K
  class space    used 6345K, committed 6976K, reserved 1048576K
GC Heap History (20 events):
Event: 41.056 GC heap before
{Heap before GC invocations=676 (full 5):
 PSYoungGen      total 13824K, used 13726K [0x00000000eab00000, 0x00000000ebc80000, 0x0000000100000000)
  eden space 10240K, 100% used [0x00000000eab00000,0x00000000eb500000,0x00000000eb500000)
  from space 3584K, 97% used [0x00000000eb880000,0x00000000ebbe7848,0x00000000ebc00000)
  to   space 3584K, 0% used [0x00000000eb500000,0x00000000eb500000,0x00000000eb880000)
 ParOldGen       total 370176K, used 361848K [0x00000000c0000000, 0x00000000d6980000, 0x00000000eab00000)
  object space 370176K, 97% used [0x00000000c0000000,0x00000000d615e3f0,0x00000000d6980000)
 Metaspace       used 61839K, committed 63296K, reserved 1114112K
  class space    used 6345K, committed 6976K, reserved 1048576K
}
Event: 41.064 GC heap after
{Heap after GC invocations=676 (full 5):
 PSYoungGen      total 13824K, used 3571K [0x00000000eab00000, 0x00000000ebe80000, 0x0000000100000000)
  eden space 10240K, 0% used [0x00000000eab00000,0x00000000eab00000,0x00000000eb500000)
  from space 3584K, 99% used [0x00000000eb500000,0x00000000eb87ce90,0x00000000eb880000)
  to   space 4608K, 0% used [0x00000000eba00000,0x00000000eba00000,0x00000000ebe80000)
 ParOldGen       total 370176K, used 362272K [0x00000000c0000000, 0x00000000d6980000, 0x00000000eab00000)
  object space 370176K, 97% used [0x00000000c0000000,0x00000000d61c83f0,0x00000000d6980000)
 Metaspace       used 61839K, committed 63296K, reserved 1114112K
  class space    used 6345K, committed 6976K, reserved 1048576K
}
Event: 41.160 GC heap before
{Heap before GC invocations=677 (full 5):
 PSYoungGen      total 13824K, used 13811K [0x00000000eab00000, 0x00000000ebe80000, 0x0000000100000000)
  eden space 10240K, 100% used [0x00000000eab00000,0x00000000eb500000,0x00000000eb500000)
  from space 3584K, 99% used [0x00000000eb500000,0x00000000eb87ce90,0x00000000eb880000)
  to   space 4608K, 0% used [0x00000000eba00000,0x00000000eba00000,0x00000000ebe80000)
 ParOldGen       total 370176K, used 362272K [0x00000000c0000000, 0x00000000d6980000, 0x00000000eab00000)
  object space 370176K, 97% used [0x00000000c0000000,0x00000000d61c83f0,0x00000000d6980000)
 Metaspace       used 61847K, committed 63296K, reserved 1114112K
  class space    used 6345K, committed 6976K, reserved 1048576K
}
Event: 41.167 GC heap after
{Heap after GC invocations=677 (full 5):
 PSYoungGen      total 14848K, used 3894K [0x00000000eab00000, 0x00000000ebe00000, 0x0000000100000000)
  eden space 10752K, 0% used [0x00000000eab00000,0x00000000eab00000,0x00000000eb580000)
  from space 4096K, 95% used [0x00000000eba00000,0x00000000ebdcd810,0x00000000ebe00000)
  to   space 4096K, 0% used [0x00000000eb600000,0x00000000eb600000,0x00000000eba00000)
 ParOldGen       total 370176K, used 362384K [0x00000000c0000000, 0x00000000d6980000, 0x00000000eab00000)
  object space 370176K, 97% used [0x00000000c0000000,0x00000000d61e43f0,0x00000000d6980000)
 Metaspace       used 61847K, committed 63296K, reserved 1114112K
  class space    used 6345K, committed 6976K, reserved 1048576K
}
Event: 41.350 GC heap before
{Heap before GC invocations=678 (full 5):
 PSYoungGen      total 14848K, used 14646K [0x00000000eab00000, 0x00000000ebe00000, 0x0000000100000000)
  eden space 10752K, 100% used [0x00000000eab00000,0x00000000eb580000,0x00000000eb580000)
  from space 4096K, 95% used [0x00000000eba00000,0x00000000ebdcd810,0x00000000ebe00000)
  to   space 4096K, 0% used [0x00000000eb600000,0x00000000eb600000,0x00000000eba00000)
 ParOldGen       total 370176K, used 362384K [0x00000000c0000000, 0x00000000d6980000, 0x00000000eab00000)
  object space 370176K, 97% used [0x00000000c0000000,0x00000000d61e43f0,0x00000000d6980000)
 Metaspace       used 61847K, committed 63296K, reserved 1114112K
  class space    used 6345K, committed 6976K, reserved 1048576K
}
Event: 41.356 GC heap after
{Heap after GC invocations=678 (full 5):
 PSYoungGen      total 15360K, used 4087K [0x00000000eab00000, 0x00000000ec000000, 0x0000000100000000)
  eden space 11264K, 0% used [0x00000000eab00000,0x00000000eab00000,0x00000000eb600000)
  from space 4096K, 99% used [0x00000000eb600000,0x00000000eb9fdc30,0x00000000eba00000)
  to   space 5120K, 0% used [0x00000000ebb00000,0x00000000ebb00000,0x00000000ec000000)
 ParOldGen       total 370176K, used 362872K [0x00000000c0000000, 0x00000000d6980000, 0x00000000eab00000)
  object space 370176K, 98% used [0x00000000c0000000,0x00000000d625e3f0,0x00000000d6980000)
 Metaspace       used 61847K, committed 63296K, reserved 1114112K
  class space    used 6345K, committed 6976K, reserved 1048576K
}
Event: 41.457 GC heap before
{Heap before GC invocations=679 (full 5):
 PSYoungGen      total 15360K, used 15351K [0x00000000eab00000, 0x00000000ec000000, 0x0000000100000000)
  eden space 11264K, 100% used [0x00000000eab00000,0x00000000eb600000,0x00000000eb600000)
  from space 4096K, 99% used [0x00000000eb600000,0x00000000eb9fdc30,0x00000000eba00000)
  to   space 5120K, 0% used [0x00000000ebb00000,0x00000000ebb00000,0x00000000ec000000)
 ParOldGen       total 370176K, used 362872K [0x00000000c0000000, 0x00000000d6980000, 0x00000000eab00000)
  object space 370176K, 98% used [0x00000000c0000000,0x00000000d625e3f0,0x00000000d6980000)
 Metaspace       used 61847K, committed 63296K, reserved 1114112K
  class space    used 6345K, committed 6976K, reserved 1048576K
}
Event: 41.466 GC heap after
{Heap after GC invocations=679 (full 5):
 PSYoungGen      total 16384K, used 4722K [0x00000000eab00000, 0x00000000ec080000, 0x0000000100000000)
  eden space 11264K, 0% used [0x00000000eab00000,0x00000000eab00000,0x00000000eb600000)
  from space 5120K, 92% used [0x00000000ebb00000,0x00000000ebf9c9c0,0x00000000ec000000)
  to   space 5120K, 0% used [0x00000000eb600000,0x00000000eb600000,0x00000000ebb00000)
 ParOldGen       total 370176K, used 363008K [0x00000000c0000000, 0x00000000d6980000, 0x00000000eab00000)
  object space 370176K, 98% used [0x00000000c0000000,0x00000000d62803f0,0x00000000d6980000)
 Metaspace       used 61847K, committed 63296K, reserved 1114112K
  class space    used 6345K, committed 6976K, reserved 1048576K
}
Event: 41.514 GC heap before
{Heap before GC invocations=680 (full 5):
 PSYoungGen      total 16384K, used 15986K [0x00000000eab00000, 0x00000000ec080000, 0x0000000100000000)
  eden space 11264K, 100% used [0x00000000eab00000,0x00000000eb600000,0x00000000eb600000)
  from space 5120K, 92% used [0x00000000ebb00000,0x00000000ebf9c9c0,0x00000000ec000000)
  to   space 5120K, 0% used [0x00000000eb600000,0x00000000eb600000,0x00000000ebb00000)
 ParOldGen       total 370176K, used 363008K [0x00000000c0000000, 0x00000000d6980000, 0x00000000eab00000)
  object space 370176K, 98% used [0x00000000c0000000,0x00000000d62803f0,0x00000000d6980000)
 Metaspace       used 61847K, committed 63296K, reserved 1114112K
  class space    used 6345K, committed 6976K, reserved 1048576K
}
Event: 41.520 GC heap after
{Heap after GC invocations=680 (full 5):
 PSYoungGen      total 16384K, used 5088K [0x00000000eab00000, 0x00000000ec200000, 0x0000000100000000)
  eden space 11264K, 0% used [0x00000000eab00000,0x00000000eab00000,0x00000000eb600000)
  from space 5120K, 99% used [0x00000000eb600000,0x00000000ebaf82b8,0x00000000ebb00000)
  to   space 5632K, 0% used [0x00000000ebc80000,0x00000000ebc80000,0x00000000ec200000)
 ParOldGen       total 370176K, used 363200K [0x00000000c0000000, 0x00000000d6980000, 0x00000000eab00000)
  object space 370176K, 98% used [0x00000000c0000000,0x00000000d62b03f0,0x00000000d6980000)
 Metaspace       used 61847K, committed 63296K, reserved 1114112K
  class space    used 6345K, committed 6976K, reserved 1048576K
}
Event: 41.588 GC heap before
{Heap before GC invocations=681 (full 5):
 PSYoungGen      total 16384K, used 16352K [0x00000000eab00000, 0x00000000ec200000, 0x0000000100000000)
  eden space 11264K, 100% used [0x00000000eab00000,0x00000000eb600000,0x00000000eb600000)
  from space 5120K, 99% used [0x00000000eb600000,0x00000000ebaf82b8,0x00000000ebb00000)
  to   space 5632K, 0% used [0x00000000ebc80000,0x00000000ebc80000,0x00000000ec200000)
 ParOldGen       total 370176K, used 363200K [0x00000000c0000000, 0x00000000d6980000, 0x00000000eab00000)
  object space 370176K, 98% used [0x00000000c0000000,0x00000000d62b03f0,0x00000000d6980000)
 Metaspace       used 61852K, committed 63296K, reserved 1114112K
  class space    used 6345K, committed 6976K, reserved 1048576K
}
Event: 41.597 GC heap after
{Heap after GC invocations=681 (full 5):
 PSYoungGen      total 17408K, used 5621K [0x00000000eab00000, 0x00000000ec300000, 0x0000000100000000)
  eden space 11776K, 0% used [0x00000000eab00000,0x00000000eab00000,0x00000000eb680000)
  from space 5632K, 99% used [0x00000000ebc80000,0x00000000ec1fd6f0,0x00000000ec200000)
  to   space 6144K, 0% used [0x00000000eb680000,0x00000000eb680000,0x00000000ebc80000)
 ParOldGen       total 370176K, used 363384K [0x00000000c0000000, 0x00000000d6980000, 0x00000000eab00000)
  object space 370176K, 98% used [0x00000000c0000000,0x00000000d62de3f0,0x00000000d6980000)
 Metaspace       used 61852K, committed 63296K, reserved 1114112K
  class space    used 6345K, committed 6976K, reserved 1048576K
}
Event: 41.650 GC heap before
{Heap before GC invocations=682 (full 5):
 PSYoungGen      total 17408K, used 17397K [0x00000000eab00000, 0x00000000ec300000, 0x0000000100000000)
  eden space 11776K, 100% used [0x00000000eab00000,0x00000000eb680000,0x00000000eb680000)
  from space 5632K, 99% used [0x00000000ebc80000,0x00000000ec1fd6f0,0x00000000ec200000)
  to   space 6144K, 0% used [0x00000000eb680000,0x00000000eb680000,0x00000000ebc80000)
 ParOldGen       total 370176K, used 363384K [0x00000000c0000000, 0x00000000d6980000, 0x00000000eab00000)
  object space 370176K, 98% used [0x00000000c0000000,0x00000000d62de3f0,0x00000000d6980000)
 Metaspace       used 61852K, committed 63296K, reserved 1114112K
  class space    used 6345K, committed 6976K, reserved 1048576K
}
Event: 41.657 GC heap after
{Heap after GC invocations=682 (full 5):
 PSYoungGen      total 17920K, used 5757K [0x00000000eab00000, 0x00000000ec380000, 0x0000000100000000)
  eden space 11776K, 0% used [0x00000000eab00000,0x00000000eab00000,0x00000000eb680000)
  from space 6144K, 93% used [0x00000000eb680000,0x00000000ebc1f468,0x00000000ebc80000)
  to   space 6144K, 0% used [0x00000000ebd80000,0x00000000ebd80000,0x00000000ec380000)
 ParOldGen       total 370176K, used 363805K [0x00000000c0000000, 0x00000000d6980000, 0x00000000eab00000)
  object space 370176K, 98% used [0x00000000c0000000,0x00000000d6347408,0x00000000d6980000)
 Metaspace       used 61852K, committed 63296K, reserved 1114112K
  class space    used 6345K, committed 6976K, reserved 1048576K
}
Event: 41.705 GC heap before
{Heap before GC invocations=683 (full 5):
 PSYoungGen      total 17920K, used 17533K [0x00000000eab00000, 0x00000000ec380000, 0x0000000100000000)
  eden space 11776K, 100% used [0x00000000eab00000,0x00000000eb680000,0x00000000eb680000)
  from space 6144K, 93% used [0x00000000eb680000,0x00000000ebc1f468,0x00000000ebc80000)
  to   space 6144K, 0% used [0x00000000ebd80000,0x00000000ebd80000,0x00000000ec380000)
 ParOldGen       total 370176K, used 363805K [0x00000000c0000000, 0x00000000d6980000, 0x00000000eab00000)
  object space 370176K, 98% used [0x00000000c0000000,0x00000000d6347408,0x00000000d6980000)
 Metaspace       used 61852K, committed 63296K, reserved 1114112K
  class space    used 6345K, committed 6976K, reserved 1048576K
}
Event: 41.714 GC heap after
{Heap after GC invocations=683 (full 5):
 PSYoungGen      total 18432K, used 6121K [0x00000000eab00000, 0x00000000ec480000, 0x0000000100000000)
  eden space 12288K, 0% used [0x00000000eab00000,0x00000000eab00000,0x00000000eb700000)
  from space 6144K, 99% used [0x00000000ebd80000,0x00000000ec37a670,0x00000000ec380000)
  to   space 6656K, 0% used [0x00000000eb700000,0x00000000eb700000,0x00000000ebd80000)
 ParOldGen       total 370176K, used 363805K [0x00000000c0000000, 0x00000000d6980000, 0x00000000eab00000)
  object space 370176K, 98% used [0x00000000c0000000,0x00000000d6347408,0x00000000d6980000)
 Metaspace       used 61852K, committed 63296K, reserved 1114112K
  class space    used 6345K, committed 6976K, reserved 1048576K
}
Event: 41.763 GC heap before
{Heap before GC invocations=684 (full 5):
 PSYoungGen      total 18432K, used 18409K [0x00000000eab00000, 0x00000000ec480000, 0x0000000100000000)
  eden space 12288K, 100% used [0x00000000eab00000,0x00000000eb700000,0x00000000eb700000)
  from space 6144K, 99% used [0x00000000ebd80000,0x00000000ec37a670,0x00000000ec380000)
  to   space 6656K, 0% used [0x00000000eb700000,0x00000000eb700000,0x00000000ebd80000)
 ParOldGen       total 370176K, used 363805K [0x00000000c0000000, 0x00000000d6980000, 0x00000000eab00000)
  object space 370176K, 98% used [0x00000000c0000000,0x00000000d6347408,0x00000000d6980000)
 Metaspace       used 61852K, committed 63296K, reserved 1114112K
  class space    used 6345K, committed 6976K, reserved 1048576K
}
Event: 41.771 GC heap after
{Heap after GC invocations=684 (full 5):
 PSYoungGen      total 18944K, used 6565K [0x00000000eab00000, 0x00000000ec600000, 0x0000000100000000)
  eden space 12288K, 0% used [0x00000000eab00000,0x00000000eab00000,0x00000000eb700000)
  from space 6656K, 98% used [0x00000000eb700000,0x00000000ebd69760,0x00000000ebd80000)
  to   space 7168K, 0% used [0x00000000ebf00000,0x00000000ebf00000,0x00000000ec600000)
 ParOldGen       total 370176K, used 363805K [0x00000000c0000000, 0x00000000d6980000, 0x00000000eab00000)
  object space 370176K, 98% used [0x00000000c0000000,0x00000000d6347408,0x00000000d6980000)
 Metaspace       used 61852K, committed 63296K, reserved 1114112K
  class space    used 6345K, committed 6976K, reserved 1048576K
}
Event: 41.932 GC heap before
{Heap before GC invocations=685 (full 5):
 PSYoungGen      total 18944K, used 18853K [0x00000000eab00000, 0x00000000ec600000, 0x0000000100000000)
  eden space 12288K, 100% used [0x00000000eab00000,0x00000000eb700000,0x00000000eb700000)
  from space 6656K, 98% used [0x00000000eb700000,0x00000000ebd69760,0x00000000ebd80000)
  to   space 7168K, 0% used [0x00000000ebf00000,0x00000000ebf00000,0x00000000ec600000)
 ParOldGen       total 370176K, used 363805K [0x00000000c0000000, 0x00000000d6980000, 0x00000000eab00000)
  object space 370176K, 98% used [0x00000000c0000000,0x00000000d6347408,0x00000000d6980000)
 Metaspace       used 61856K, committed 63296K, reserved 1114112K
  class space    used 6345K, committed 6976K, reserved 1048576K
}
Event: 41.939 GC heap after
{Heap after GC invocations=685 (full 5):
 PSYoungGen      total 19456K, used 7146K [0x00000000eab00000, 0x00000000ec600000, 0x0000000100000000)
  eden space 12288K, 0% used [0x00000000eab00000,0x00000000eab00000,0x00000000eb700000)
  from space 7168K, 99% used [0x00000000ebf00000,0x00000000ec5fa948,0x00000000ec600000)
  to   space 6656K, 0% used [0x00000000eb700000,0x00000000eb700000,0x00000000ebd80000)
 ParOldGen       total 370176K, used 364757K [0x00000000c0000000, 0x00000000d6980000, 0x00000000eab00000)
  object space 370176K, 98% used [0x00000000c0000000,0x00000000d6435408,0x00000000d6980000)
 Metaspace       used 61856K, committed 63296K, reserved 1114112K
  class space    used 6345K, committed 6976K, reserved 1048576K
}

