# JRE version: OpenJDK Runtime Environment Temurin-21.0.6+7 (21.0.6+7) (build 21.0.6+7-LTS)
# Java VM: OpenJDK 64-Bit Server VM Temurin-21.0.6+7 (21.0.6+7-LTS, mixed mode, sharing, tiered, compressed oops, compressed class ptrs, parallel gc, windows-amd64)
GC Precious Log:
 CardTable entry size: 512
 CPUs: 8 total, 8 available
 Memory: 3987M
 Large Page Support: Disabled
 NUMA Support: Disabled
 Compressed Oops: Enabled (32-bit)
 Alignments: Space 512K, Generation 512K, Heap 2M
 Heap Min Capacity: 100M
 Heap Initial Capacity: 100M
 Heap Max Capacity: 1G
 Pre-touch: Disabled
 Parallel Workers: 8
Heap:
 PSYoungGen      total 6144K, used 1899K [0x00000000eab00000, 0x00000000eb300000, 0x0000000100000000)
  eden space 4096K, 18% used [0x00000000eab00000,0x00000000eabbf1e0,0x00000000eaf00000)
  from space 2048K, 55% used [0x00000000eaf00000,0x00000000eb01bde8,0x00000000eb100000)
  to   space 1536K, 0% used [0x00000000eb180000,0x00000000eb180000,0x00000000eb300000)
 ParOldGen       total 324608K, used 295878K [0x00000000c0000000, 0x00000000d3d00000, 0x00000000eab00000)
  object space 324608K, 91% used [0x00000000c0000000,0x00000000d20f1928,0x00000000d3d00000)
 Metaspace       used 60701K, committed 62144K, reserved 1114112K
  class space    used 6236K, committed 6848K, reserved 1048576K
GC Heap History (20 events):
Event: 35.484 GC heap before
{Heap before GC invocations=405 (full 3):
 PSYoungGen      total 4608K, used 4359K [0x00000000eab00000, 0x00000000eb200000, 0x0000000100000000)
  eden space 3072K, 100% used [0x00000000eab00000,0x00000000eae00000,0x00000000eae00000)
  from space 1536K, 83% used [0x00000000eae00000,0x00000000eaf41da0,0x00000000eaf80000)
  to   space 1536K, 0% used [0x00000000eb080000,0x00000000eb080000,0x00000000eb200000)
 ParOldGen       total 311808K, used 311457K [0x00000000c0000000, 0x00000000d3080000, 0x00000000eab00000)
  object space 311808K, 99% used [0x00000000c0000000,0x00000000d30284b0,0x00000000d3080000)
 Metaspace       used 60695K, committed 62144K, reserved 1114112K
  class space    used 6236K, committed 6848K, reserved 1048576K
}
Event: 35.487 GC heap after
{Heap after GC invocations=405 (full 3):
 PSYoungGen      total 5632K, used 1287K [0x00000000eab00000, 0x00000000eb200000, 0x0000000100000000)
  eden space 4096K, 0% used [0x00000000eab00000,0x00000000eab00000,0x00000000eaf00000)
  from space 1536K, 83% used [0x00000000eb080000,0x00000000eb1c1ea0,0x00000000eb200000)
  to   space 1536K, 0% used [0x00000000eaf00000,0x00000000eaf00000,0x00000000eb080000)
 ParOldGen       total 312832K, used 312548K [0x00000000c0000000, 0x00000000d3180000, 0x00000000eab00000)
  object space 312832K, 99% used [0x00000000c0000000,0x00000000d3139108,0x00000000d3180000)
 Metaspace       used 60695K, committed 62144K, reserved 1114112K
  class space    used 6236K, committed 6848K, reserved 1048576K
}
Event: 35.502 GC heap before
{Heap before GC invocations=406 (full 3):
 PSYoungGen      total 5632K, used 5383K [0x00000000eab00000, 0x00000000eb200000, 0x0000000100000000)
  eden space 4096K, 99% used [0x00000000eab00000,0x00000000eaeffff8,0x00000000eaf00000)
  from space 1536K, 83% used [0x00000000eb080000,0x00000000eb1c1ea0,0x00000000eb200000)
  to   space 1536K, 0% used [0x00000000eaf00000,0x00000000eaf00000,0x00000000eb080000)
 ParOldGen       total 312832K, used 312548K [0x00000000c0000000, 0x00000000d3180000, 0x00000000eab00000)
  object space 312832K, 99% used [0x00000000c0000000,0x00000000d3139108,0x00000000d3180000)
 Metaspace       used 60695K, committed 62144K, reserved 1114112K
  class space    used 6236K, committed 6848K, reserved 1048576K
}
Event: 35.504 GC heap after
{Heap after GC invocations=406 (full 3):
 PSYoungGen      total 5632K, used 1523K [0x00000000eab00000, 0x00000000eb600000, 0x0000000100000000)
  eden space 4096K, 0% used [0x00000000eab00000,0x00000000eab00000,0x00000000eaf00000)
  from space 1536K, 99% used [0x00000000eaf00000,0x00000000eb07cc90,0x00000000eb080000)
  to   space 3584K, 0% used [0x00000000eb280000,0x00000000eb280000,0x00000000eb600000)
 ParOldGen       total 314368K, used 313856K [0x00000000c0000000, 0x00000000d3300000, 0x00000000eab00000)
  object space 314368K, 99% used [0x00000000c0000000,0x00000000d3280310,0x00000000d3300000)
 Metaspace       used 60695K, committed 62144K, reserved 1114112K
  class space    used 6236K, committed 6848K, reserved 1048576K
}
Event: 35.522 GC heap before
{Heap before GC invocations=407 (full 3):
 PSYoungGen      total 5632K, used 5611K [0x00000000eab00000, 0x00000000eb600000, 0x0000000100000000)
  eden space 4096K, 99% used [0x00000000eab00000,0x00000000eaefe068,0x00000000eaf00000)
  from space 1536K, 99% used [0x00000000eaf00000,0x00000000eb07cc90,0x00000000eb080000)
  to   space 3584K, 0% used [0x00000000eb280000,0x00000000eb280000,0x00000000eb600000)
 ParOldGen       total 314368K, used 313856K [0x00000000c0000000, 0x00000000d3300000, 0x00000000eab00000)
  object space 314368K, 99% used [0x00000000c0000000,0x00000000d3280310,0x00000000d3300000)
 Metaspace       used 60695K, committed 62144K, reserved 1114112K
  class space    used 6236K, committed 6848K, reserved 1048576K
}
Event: 35.524 GC heap after
{Heap after GC invocations=407 (full 3):
 PSYoungGen      total 6144K, used 1739K [0x00000000eab00000, 0x00000000eb480000, 0x0000000100000000)
  eden space 4096K, 0% used [0x00000000eab00000,0x00000000eab00000,0x00000000eaf00000)
  from space 2048K, 84% used [0x00000000eb280000,0x00000000eb432d58,0x00000000eb480000)
  to   space 2560K, 0% used [0x00000000eaf80000,0x00000000eaf80000,0x00000000eb200000)
 ParOldGen       total 315392K, used 315314K [0x00000000c0000000, 0x00000000d3400000, 0x00000000eab00000)
  object space 315392K, 99% used [0x00000000c0000000,0x00000000d33ecb98,0x00000000d3400000)
 Metaspace       used 60695K, committed 62144K, reserved 1114112K
  class space    used 6236K, committed 6848K, reserved 1048576K
}
Event: 35.551 GC heap before
{Heap before GC invocations=408 (full 3):
 PSYoungGen      total 6144K, used 5829K [0x00000000eab00000, 0x00000000eb480000, 0x0000000100000000)
  eden space 4096K, 99% used [0x00000000eab00000,0x00000000eaefe7c8,0x00000000eaf00000)
  from space 2048K, 84% used [0x00000000eb280000,0x00000000eb432d58,0x00000000eb480000)
  to   space 2560K, 0% used [0x00000000eaf80000,0x00000000eaf80000,0x00000000eb200000)
 ParOldGen       total 315392K, used 315314K [0x00000000c0000000, 0x00000000d3400000, 0x00000000eab00000)
  object space 315392K, 99% used [0x00000000c0000000,0x00000000d33ecb98,0x00000000d3400000)
 Metaspace       used 60695K, committed 62144K, reserved 1114112K
  class space    used 6236K, committed 6848K, reserved 1048576K
}
Event: 35.554 GC heap after
{Heap after GC invocations=408 (full 3):
 PSYoungGen      total 6144K, used 1722K [0x00000000eab00000, 0x00000000eb300000, 0x0000000100000000)
  eden space 4096K, 0% used [0x00000000eab00000,0x00000000eab00000,0x00000000eaf00000)
  from space 2048K, 84% used [0x00000000eaf80000,0x00000000eb12ea50,0x00000000eb180000)
  to   space 1536K, 0% used [0x00000000eb180000,0x00000000eb180000,0x00000000eb300000)
 ParOldGen       total 316928K, used 316864K [0x00000000c0000000, 0x00000000d3580000, 0x00000000eab00000)
  object space 316928K, 99% used [0x00000000c0000000,0x00000000d3570170,0x00000000d3580000)
 Metaspace       used 60695K, committed 62144K, reserved 1114112K
  class space    used 6236K, committed 6848K, reserved 1048576K
}
Event: 35.565 GC heap before
{Heap before GC invocations=409 (full 3):
 PSYoungGen      total 6144K, used 5796K [0x00000000eab00000, 0x00000000eb300000, 0x0000000100000000)
  eden space 4096K, 99% used [0x00000000eab00000,0x00000000eaefa758,0x00000000eaf00000)
  from space 2048K, 84% used [0x00000000eaf80000,0x00000000eb12ea50,0x00000000eb180000)
  to   space 1536K, 0% used [0x00000000eb180000,0x00000000eb180000,0x00000000eb300000)
 ParOldGen       total 316928K, used 316864K [0x00000000c0000000, 0x00000000d3580000, 0x00000000eab00000)
  object space 316928K, 99% used [0x00000000c0000000,0x00000000d3570170,0x00000000d3580000)
 Metaspace       used 60695K, committed 62144K, reserved 1114112K
  class space    used 6236K, committed 6848K, reserved 1048576K
}
Event: 35.569 GC heap after
{Heap after GC invocations=409 (full 3):
 PSYoungGen      total 5632K, used 1531K [0x00000000eab00000, 0x00000000eb300000, 0x0000000100000000)
  eden space 4096K, 0% used [0x00000000eab00000,0x00000000eab00000,0x00000000eaf00000)
  from space 1536K, 99% used [0x00000000eb180000,0x00000000eb2fee80,0x00000000eb300000)
  to   space 2048K, 0% used [0x00000000eaf00000,0x00000000eaf00000,0x00000000eb100000)
 ParOldGen       total 318976K, used 318649K [0x00000000c0000000, 0x00000000d3780000, 0x00000000eab00000)
  object space 318976K, 99% used [0x00000000c0000000,0x00000000d372e7e8,0x00000000d3780000)
 Metaspace       used 60695K, committed 62144K, reserved 1114112K
  class space    used 6236K, committed 6848K, reserved 1048576K
}
Event: 35.577 GC heap before
{Heap before GC invocations=410 (full 3):
 PSYoungGen      total 5632K, used 5627K [0x00000000eab00000, 0x00000000eb300000, 0x0000000100000000)
  eden space 4096K, 100% used [0x00000000eab00000,0x00000000eaf00000,0x00000000eaf00000)
  from space 1536K, 99% used [0x00000000eb180000,0x00000000eb2fee80,0x00000000eb300000)
  to   space 2048K, 0% used [0x00000000eaf00000,0x00000000eaf00000,0x00000000eb100000)
 ParOldGen       total 318976K, used 318649K [0x00000000c0000000, 0x00000000d3780000, 0x00000000eab00000)
  object space 318976K, 99% used [0x00000000c0000000,0x00000000d372e7e8,0x00000000d3780000)
 Metaspace       used 60695K, committed 62144K, reserved 1114112K
  class space    used 6236K, committed 6848K, reserved 1048576K
}
Event: 35.581 GC heap after
{Heap after GC invocations=410 (full 3):
 PSYoungGen      total 6144K, used 1759K [0x00000000eab00000, 0x00000000eb400000, 0x0000000100000000)
  eden space 4096K, 0% used [0x00000000eab00000,0x00000000eab00000,0x00000000eaf00000)
  from space 2048K, 85% used [0x00000000eaf00000,0x00000000eb0b7fd0,0x00000000eb100000)
  to   space 2048K, 0% used [0x00000000eb200000,0x00000000eb200000,0x00000000eb400000)
 ParOldGen       total 320512K, used 320022K [0x00000000c0000000, 0x00000000d3900000, 0x00000000eab00000)
  object space 320512K, 99% used [0x00000000c0000000,0x00000000d38858f0,0x00000000d3900000)
 Metaspace       used 60695K, committed 62144K, reserved 1114112K
  class space    used 6236K, committed 6848K, reserved 1048576K
}
Event: 35.592 GC heap before
{Heap before GC invocations=411 (full 3):
 PSYoungGen      total 6144K, used 5855K [0x00000000eab00000, 0x00000000eb400000, 0x0000000100000000)
  eden space 4096K, 99% used [0x00000000eab00000,0x00000000eaefffd8,0x00000000eaf00000)
  from space 2048K, 85% used [0x00000000eaf00000,0x00000000eb0b7fd0,0x00000000eb100000)
  to   space 2048K, 0% used [0x00000000eb200000,0x00000000eb200000,0x00000000eb400000)
 ParOldGen       total 320512K, used 320022K [0x00000000c0000000, 0x00000000d3900000, 0x00000000eab00000)
  object space 320512K, 99% used [0x00000000c0000000,0x00000000d38858f0,0x00000000d3900000)
 Metaspace       used 60695K, committed 62144K, reserved 1114112K
  class space    used 6236K, committed 6848K, reserved 1048576K
}
Event: 35.595 GC heap after
{Heap after GC invocations=411 (full 3):
 PSYoungGen      total 6144K, used 1799K [0x00000000eab00000, 0x00000000eb400000, 0x0000000100000000)
  eden space 4096K, 0% used [0x00000000eab00000,0x00000000eab00000,0x00000000eaf00000)
  from space 2048K, 87% used [0x00000000eb200000,0x00000000eb3c1f60,0x00000000eb400000)
  to   space 2048K, 0% used [0x00000000eaf00000,0x00000000eaf00000,0x00000000eb100000)
 ParOldGen       total 322048K, used 321672K [0x00000000c0000000, 0x00000000d3a80000, 0x00000000eab00000)
  object space 322048K, 99% used [0x00000000c0000000,0x00000000d3a22018,0x00000000d3a80000)
 Metaspace       used 60695K, committed 62144K, reserved 1114112K
  class space    used 6236K, committed 6848K, reserved 1048576K
}
Event: 35.613 GC heap before
{Heap before GC invocations=412 (full 3):
 PSYoungGen      total 6144K, used 5895K [0x00000000eab00000, 0x00000000eb400000, 0x0000000100000000)
  eden space 4096K, 100% used [0x00000000eab00000,0x00000000eaf00000,0x00000000eaf00000)
  from space 2048K, 87% used [0x00000000eb200000,0x00000000eb3c1f60,0x00000000eb400000)
  to   space 2048K, 0% used [0x00000000eaf00000,0x00000000eaf00000,0x00000000eb100000)
 ParOldGen       total 322048K, used 321672K [0x00000000c0000000, 0x00000000d3a80000, 0x00000000eab00000)
  object space 322048K, 99% used [0x00000000c0000000,0x00000000d3a22018,0x00000000d3a80000)
 Metaspace       used 60695K, committed 62144K, reserved 1114112K
  class space    used 6236K, committed 6848K, reserved 1048576K
}
Event: 35.616 GC heap after
{Heap after GC invocations=412 (full 3):
 PSYoungGen      total 6144K, used 1454K [0x00000000eab00000, 0x00000000eb300000, 0x0000000100000000)
  eden space 4096K, 0% used [0x00000000eab00000,0x00000000eab00000,0x00000000eaf00000)
  from space 2048K, 71% used [0x00000000eaf00000,0x00000000eb06b9e8,0x00000000eb100000)
  to   space 2048K, 0% used [0x00000000eb100000,0x00000000eb100000,0x00000000eb300000)
 ParOldGen       total 323584K, used 323232K [0x00000000c0000000, 0x00000000d3c00000, 0x00000000eab00000)
  object space 323584K, 99% used [0x00000000c0000000,0x00000000d3ba8368,0x00000000d3c00000)
 Metaspace       used 60695K, committed 62144K, reserved 1114112K
  class space    used 6236K, committed 6848K, reserved 1048576K
}
Event: 35.632 GC heap before
{Heap before GC invocations=413 (full 3):
 PSYoungGen      total 6144K, used 5550K [0x00000000eab00000, 0x00000000eb300000, 0x0000000100000000)
  eden space 4096K, 100% used [0x00000000eab00000,0x00000000eaf00000,0x00000000eaf00000)
  from space 2048K, 71% used [0x00000000eaf00000,0x00000000eb06b9e8,0x00000000eb100000)
  to   space 2048K, 0% used [0x00000000eb100000,0x00000000eb100000,0x00000000eb300000)
 ParOldGen       total 323584K, used 323232K [0x00000000c0000000, 0x00000000d3c00000, 0x00000000eab00000)
  object space 323584K, 99% used [0x00000000c0000000,0x00000000d3ba8368,0x00000000d3c00000)
 Metaspace       used 60695K, committed 62144K, reserved 1114112K
  class space    used 6236K, committed 6848K, reserved 1048576K
}
Event: 35.635 GC heap after
{Heap after GC invocations=413 (full 3):
 PSYoungGen      total 6144K, used 5550K [0x00000000eab00000, 0x00000000eb300000, 0x0000000100000000)
  eden space 4096K, 100% used [0x00000000eab00000,0x00000000eaf00000,0x00000000eaf00000)
  from space 2048K, 71% used [0x00000000eaf00000,0x00000000eb06b9e8,0x00000000eb100000)
  to   space 2048K, 70% used [0x00000000eb100000,0x00000000eb26a9d8,0x00000000eb300000)
 ParOldGen       total 324608K, used 324521K [0x00000000c0000000, 0x00000000d3d00000, 0x00000000eab00000)
  object space 324608K, 99% used [0x00000000c0000000,0x00000000d3cea740,0x00000000d3d00000)
 Metaspace       used 60695K, committed 62144K, reserved 1114112K
  class space    used 6236K, committed 6848K, reserved 1048576K
}
Event: 35.636 GC heap before
{Heap before GC invocations=414 (full 4):
 PSYoungGen      total 6144K, used 5550K [0x00000000eab00000, 0x00000000eb300000, 0x0000000100000000)
  eden space 4096K, 100% used [0x00000000eab00000,0x00000000eaf00000,0x00000000eaf00000)
  from space 2048K, 71% used [0x00000000eaf00000,0x00000000eb06b9e8,0x00000000eb100000)
  to   space 2048K, 70% used [0x00000000eb100000,0x00000000eb26a9d8,0x00000000eb300000)
 ParOldGen       total 324608K, used 324521K [0x00000000c0000000, 0x00000000d3d00000, 0x00000000eab00000)
  object space 324608K, 99% used [0x00000000c0000000,0x00000000d3cea740,0x00000000d3d00000)
 Metaspace       used 60695K, committed 62144K, reserved 1114112K
  class space    used 6236K, committed 6848K, reserved 1048576K
}
Event: 36.398 GC heap after
{Heap after GC invocations=414 (full 4):
 PSYoungGen      total 6144K, used 0K [0x00000000eab00000, 0x00000000eb300000, 0x0000000100000000)
  eden space 4096K, 0% used [0x00000000eab00000,0x00000000eab00000,0x00000000eaf00000)
  from space 2048K, 0% used [0x00000000eb100000,0x00000000eb100000,0x00000000eb300000)
  to   space 2048K, 0% used [0x00000000eaf00000,0x00000000eaf00000,0x00000000eb100000)
 ParOldGen       total 324608K, used 295878K [0x00000000c0000000, 0x00000000d3d00000, 0x00000000eab00000)
  object space 324608K, 91% used [0x00000000c0000000,0x00000000d20f1928,0x00000000d3d00000)
 Metaspace       used 60695K, committed 62144K, reserved 1114112K
  class space    used 6236K, committed 6848K, reserved 1048576K
}

